<?xml version="1.0" encoding="utf-8"?>

<!--
SPDX-FileCopyrightText: Copyright (C) 2021-2026 Software Radio Systems Limited
SPDX-License-Identifier: BSD-3-Clause-Open-MPI
-->

<testsuites name="NIWC Functional tests">
  <testsuite name="pytest" errors="0" failures="0" skipped="0" tests="8" time="4378.400" timestamp="2026-06-23T01:49:58.550777+00:00" hostname="runner-4wlmwx7q6-project-8-concurrent-0-6phm0o17">
    <testcase classname="tests.ue_simulator" name="test_2gnb[functional.mobility.inter_cu_ho.fr1_fr2]" time="471.963">
      <properties>
        <property name="markers" value="zmq_2gnb;MVP-FUNC-MOB-2-d" />
      </properties>
      <system-out>--------------------------------- Captured Log ---------------------------------
2026-06-23 01:50:23 [#x1B[32mINFO#x1B[0m] Setting PLMN to HPLMN of first UE. MCC=001 MNC=01
2026-06-23 01:50:24 [#x1B[32mINFO#x1B[0m] 5GC [124479649521424] started
2026-06-23 01:50:27 [#x1B[32mINFO#x1B[0m] GNB [124479649514128] started
2026-06-23 01:50:30 [#x1B[32mINFO#x1B[0m] GNB [124479649527376] started
2026-06-23 01:50:32 [#x1B[32mINFO#x1B[0m] UE [124479653762960] started
2026-06-23 01:57:13 [#x1B[32mINFO#x1B[0m] UE_1 has stopped
2026-06-23 01:57:24 [#x1B[32mINFO#x1B[0m] GNB_1 has stopped
2026-06-23 01:57:34 [#x1B[32mINFO#x1B[0m] GNB_2 has stopped
2026-06-23 01:57:34 [#x1B[32mINFO#x1B[0m] 5GC 1 has stopped
#x1B[3m                      Pass/Fail Criteria                       #x1B[0m
┏━━━━━━━━━━━━━━━━━━━━━━━━━━━━━━━━━━┳━━━━━━━━┳━━━━━━━━━━┳━━━━━━┓
┃#x1B[1m #x1B[0m#x1B[1mCriteria Name                   #x1B[0m#x1B[1m #x1B[0m┃#x1B[1m #x1B[0m#x1B[1mResult#x1B[0m#x1B[1m #x1B[0m┃#x1B[1m #x1B[0m#x1B[1mExpected#x1B[0m#x1B[1m #x1B[0m┃#x1B[1m #x1B[0m#x1B[1mPass#x1B[0m#x1B[1m #x1B[0m┃
┡━━━━━━━━━━━━━━━━━━━━━━━━━━━━━━━━━━╇━━━━━━━━╇━━━━━━━━━━╇━━━━━━┩
│#x1B[32m #x1B[0m#x1B[32mDL Bitrate                      #x1B[0m#x1B[32m #x1B[0m│#x1B[32m #x1B[0m#x1B[32m569.6K#x1B[0m#x1B[32m #x1B[0m│#x1B[32m #x1B[0m#x1B[32m   &gt; 0.0#x1B[0m#x1B[32m #x1B[0m│#x1B[32m #x1B[0m#x1B[32m ✅ #x1B[0m#x1B[32m #x1B[0m│
│#x1B[32m #x1B[0m#x1B[32mUL Bitrate                      #x1B[0m#x1B[32m #x1B[0m│#x1B[32m #x1B[0m#x1B[32m602.5K#x1B[0m#x1B[32m #x1B[0m│#x1B[32m #x1B[0m#x1B[32m   &gt; 0.0#x1B[0m#x1B[32m #x1B[0m│#x1B[32m #x1B[0m#x1B[32m ✅ #x1B[0m#x1B[32m #x1B[0m│
│#x1B[32m #x1B[0m#x1B[32mDL KOs                          #x1B[0m#x1B[32m #x1B[0m│#x1B[32m #x1B[0m#x1B[32m 352.0#x1B[0m#x1B[32m #x1B[0m│#x1B[32m #x1B[0m#x1B[32m&lt;= 550.0#x1B[0m#x1B[32m #x1B[0m│#x1B[32m #x1B[0m#x1B[32m ✅ #x1B[0m#x1B[32m #x1B[0m│
│#x1B[32m #x1B[0m#x1B[32mUL KOs                          #x1B[0m#x1B[32m #x1B[0m│#x1B[32m #x1B[0m#x1B[32m 294.0#x1B[0m#x1B[32m #x1B[0m│#x1B[32m #x1B[0m#x1B[32m&lt;= 550.0#x1B[0m#x1B[32m #x1B[0m│#x1B[32m #x1B[0m#x1B[32m ✅ #x1B[0m#x1B[32m #x1B[0m│
│#x1B[32m #x1B[0m#x1B[32mReestablishments                #x1B[0m#x1B[32m #x1B[0m│#x1B[32m #x1B[0m#x1B[32m   0.0#x1B[0m#x1B[32m #x1B[0m│#x1B[32m #x1B[0m#x1B[32m  == 0.0#x1B[0m#x1B[32m #x1B[0m│#x1B[32m #x1B[0m#x1B[32m ✅ #x1B[0m#x1B[32m #x1B[0m│
│#x1B[32m #x1B[0m#x1B[32mPDU Session Establishment Accept#x1B[0m#x1B[32m #x1B[0m│#x1B[32m #x1B[0m#x1B[32m   1.0#x1B[0m#x1B[32m #x1B[0m│#x1B[32m #x1B[0m#x1B[32m  == 1.0#x1B[0m#x1B[32m #x1B[0m│#x1B[32m #x1B[0m#x1B[32m ✅ #x1B[0m#x1B[32m #x1B[0m│
│#x1B[32m #x1B[0m#x1B[32mHandovers                       #x1B[0m#x1B[32m #x1B[0m│#x1B[32m #x1B[0m#x1B[32m  22.0#x1B[0m#x1B[32m #x1B[0m│#x1B[32m #x1B[0m#x1B[32m &gt;= 20.0#x1B[0m#x1B[32m #x1B[0m│#x1B[32m #x1B[0m#x1B[32m ✅ #x1B[0m#x1B[32m #x1B[0m│
│#x1B[32m #x1B[0m#x1B[32mError Indications               #x1B[0m#x1B[32m #x1B[0m│#x1B[32m #x1B[0m#x1B[32m   0.0#x1B[0m#x1B[32m #x1B[0m│#x1B[32m #x1B[0m#x1B[32m  &lt;= 0.0#x1B[0m#x1B[32m #x1B[0m│#x1B[32m #x1B[0m#x1B[32m ✅ #x1B[0m#x1B[32m #x1B[0m│
│#x1B[32m #x1B[0m#x1B[32mErrors                          #x1B[0m#x1B[32m #x1B[0m│#x1B[32m #x1B[0m#x1B[32m   0.0#x1B[0m#x1B[32m #x1B[0m│#x1B[32m #x1B[0m#x1B[32m  &lt;= 0.0#x1B[0m#x1B[32m #x1B[0m│#x1B[32m #x1B[0m#x1B[32m ✅ #x1B[0m#x1B[32m #x1B[0m│
│#x1B[32m #x1B[0m#x1B[32mWarnings                        #x1B[0m#x1B[32m #x1B[0m│#x1B[32m #x1B[0m#x1B[32m   0.0#x1B[0m#x1B[32m #x1B[0m│#x1B[32m #x1B[0m#x1B[32m  &lt;= 0.0#x1B[0m#x1B[32m #x1B[0m│#x1B[32m #x1B[0m#x1B[32m ✅ #x1B[0m#x1B[32m #x1B[0m│
└──────────────────────────────────┴────────┴──────────┴──────┘
2026-06-23 01:57:34 [#x1B[32mINFO#x1B[0m] 5GC_1 has successfully stopped
2026-06-23 01:57:34 [#x1B[32mINFO#x1B[0m] GNB_1 has successfully stopped
2026-06-23 01:57:34 [#x1B[32mINFO#x1B[0m] GNB_2 has successfully stopped
2026-06-23 01:57:34 [#x1B[32mINFO#x1B[0m] UE_1 has successfully stopped
--------------------------------- Captured Out ---------------------------------

</system-out>
      <system-err>--------------------------------- Captured Err ---------------------------------

</system-err>
    </testcase>
    <testcase classname="tests.ue_simulator" name="test_2gnb[functional.mobility.inter_cu_ho.baseline]" time="386.207">
      <properties>
        <property name="markers" value="zmq_2gnb;MVP-FUNC-MOB-1-e;MVP-FUNC-MOB-4" />
      </properties>
      <system-out>--------------------------------- Captured Log ---------------------------------
2026-06-23 01:58:25 [#x1B[32mINFO#x1B[0m] Setting PLMN to HPLMN of first UE. MCC=001 MNC=01
2026-06-23 01:58:26 [#x1B[32mINFO#x1B[0m] 5GC [124479667786608] started
2026-06-23 01:58:29 [#x1B[32mINFO#x1B[0m] GNB [124479649311264] started
2026-06-23 01:58:32 [#x1B[32mINFO#x1B[0m] GNB [124479649312512] started
2026-06-23 01:58:34 [#x1B[32mINFO#x1B[0m] UE [124479667792656] started
2026-06-23 02:03:36 [#x1B[32mINFO#x1B[0m] UE_1 has stopped
2026-06-23 02:03:48 [#x1B[32mINFO#x1B[0m] GNB_1 has stopped
2026-06-23 02:03:58 [#x1B[32mINFO#x1B[0m] GNB_2 has stopped
2026-06-23 02:04:00 [#x1B[32mINFO#x1B[0m] 5GC 1 has stopped
#x1B[3m                      Pass/Fail Criteria                       #x1B[0m
┏━━━━━━━━━━━━━━━━━━━━━━━━━━━━━━━━━━┳━━━━━━━━┳━━━━━━━━━━┳━━━━━━┓
┃#x1B[1m #x1B[0m#x1B[1mCriteria Name                   #x1B[0m#x1B[1m #x1B[0m┃#x1B[1m #x1B[0m#x1B[1mResult#x1B[0m#x1B[1m #x1B[0m┃#x1B[1m #x1B[0m#x1B[1mExpected#x1B[0m#x1B[1m #x1B[0m┃#x1B[1m #x1B[0m#x1B[1mPass#x1B[0m#x1B[1m #x1B[0m┃
┡━━━━━━━━━━━━━━━━━━━━━━━━━━━━━━━━━━╇━━━━━━━━╇━━━━━━━━━━╇━━━━━━┩
│#x1B[32m #x1B[0m#x1B[32mDL Bitrate                      #x1B[0m#x1B[32m #x1B[0m│#x1B[32m #x1B[0m#x1B[32m579.4K#x1B[0m#x1B[32m #x1B[0m│#x1B[32m #x1B[0m#x1B[32m   &gt; 0.0#x1B[0m#x1B[32m #x1B[0m│#x1B[32m #x1B[0m#x1B[32m ✅ #x1B[0m#x1B[32m #x1B[0m│
│#x1B[32m #x1B[0m#x1B[32mUL Bitrate                      #x1B[0m#x1B[32m #x1B[0m│#x1B[32m #x1B[0m#x1B[32m622.3K#x1B[0m#x1B[32m #x1B[0m│#x1B[32m #x1B[0m#x1B[32m   &gt; 0.0#x1B[0m#x1B[32m #x1B[0m│#x1B[32m #x1B[0m#x1B[32m ✅ #x1B[0m#x1B[32m #x1B[0m│
│#x1B[32m #x1B[0m#x1B[32mDL KOs                          #x1B[0m#x1B[32m #x1B[0m│#x1B[32m #x1B[0m#x1B[32m 319.0#x1B[0m#x1B[32m #x1B[0m│#x1B[32m #x1B[0m#x1B[32m&lt;= 550.0#x1B[0m#x1B[32m #x1B[0m│#x1B[32m #x1B[0m#x1B[32m ✅ #x1B[0m#x1B[32m #x1B[0m│
│#x1B[32m #x1B[0m#x1B[32mUL KOs                          #x1B[0m#x1B[32m #x1B[0m│#x1B[32m #x1B[0m#x1B[32m 303.0#x1B[0m#x1B[32m #x1B[0m│#x1B[32m #x1B[0m#x1B[32m&lt;= 550.0#x1B[0m#x1B[32m #x1B[0m│#x1B[32m #x1B[0m#x1B[32m ✅ #x1B[0m#x1B[32m #x1B[0m│
│#x1B[32m #x1B[0m#x1B[32mReestablishments                #x1B[0m#x1B[32m #x1B[0m│#x1B[32m #x1B[0m#x1B[32m   0.0#x1B[0m#x1B[32m #x1B[0m│#x1B[32m #x1B[0m#x1B[32m  == 0.0#x1B[0m#x1B[32m #x1B[0m│#x1B[32m #x1B[0m#x1B[32m ✅ #x1B[0m#x1B[32m #x1B[0m│
│#x1B[32m #x1B[0m#x1B[32mPDU Session Establishment Accept#x1B[0m#x1B[32m #x1B[0m│#x1B[32m #x1B[0m#x1B[32m   1.0#x1B[0m#x1B[32m #x1B[0m│#x1B[32m #x1B[0m#x1B[32m  == 1.0#x1B[0m#x1B[32m #x1B[0m│#x1B[32m #x1B[0m#x1B[32m ✅ #x1B[0m#x1B[32m #x1B[0m│
│#x1B[32m #x1B[0m#x1B[32mHandovers                       #x1B[0m#x1B[32m #x1B[0m│#x1B[32m #x1B[0m#x1B[32m  22.0#x1B[0m#x1B[32m #x1B[0m│#x1B[32m #x1B[0m#x1B[32m &gt;= 20.0#x1B[0m#x1B[32m #x1B[0m│#x1B[32m #x1B[0m#x1B[32m ✅ #x1B[0m#x1B[32m #x1B[0m│
│#x1B[32m #x1B[0m#x1B[32mError Indications               #x1B[0m#x1B[32m #x1B[0m│#x1B[32m #x1B[0m#x1B[32m   0.0#x1B[0m#x1B[32m #x1B[0m│#x1B[32m #x1B[0m#x1B[32m  &lt;= 0.0#x1B[0m#x1B[32m #x1B[0m│#x1B[32m #x1B[0m#x1B[32m ✅ #x1B[0m#x1B[32m #x1B[0m│
│#x1B[32m #x1B[0m#x1B[32mErrors                          #x1B[0m#x1B[32m #x1B[0m│#x1B[32m #x1B[0m#x1B[32m   0.0#x1B[0m#x1B[32m #x1B[0m│#x1B[32m #x1B[0m#x1B[32m  &lt;= 0.0#x1B[0m#x1B[32m #x1B[0m│#x1B[32m #x1B[0m#x1B[32m ✅ #x1B[0m#x1B[32m #x1B[0m│
│#x1B[32m #x1B[0m#x1B[32mWarnings                        #x1B[0m#x1B[32m #x1B[0m│#x1B[32m #x1B[0m#x1B[32m   0.0#x1B[0m#x1B[32m #x1B[0m│#x1B[32m #x1B[0m#x1B[32m  &lt;= 0.0#x1B[0m#x1B[32m #x1B[0m│#x1B[32m #x1B[0m#x1B[32m ✅ #x1B[0m#x1B[32m #x1B[0m│
└──────────────────────────────────┴────────┴──────────┴──────┘
2026-06-23 02:04:00 [#x1B[32mINFO#x1B[0m] 5GC_1 has successfully stopped
2026-06-23 02:04:00 [#x1B[32mINFO#x1B[0m] GNB_1 has successfully stopped
2026-06-23 02:04:00 [#x1B[32mINFO#x1B[0m] GNB_2 has successfully stopped
2026-06-23 02:04:00 [#x1B[32mINFO#x1B[0m] UE_1 has successfully stopped
--------------------------------- Captured Out ---------------------------------

</system-out>
      <system-err>--------------------------------- Captured Err ---------------------------------

</system-err>
    </testcase>
    <testcase classname="tests.ue_simulator" name="test_2cucp_1cuup_2du[functional.mobility.inter_cu_ho.same_cu_up_fr1_fr2]" time="749.958">
      <properties>
        <property name="markers" value="zmq_2cucp_1cuup_2du;MVP-FUNC-MOB-2-e" />
      </properties>
      <system-out>--------------------------------- Captured Log ---------------------------------
2026-06-23 02:05:03 [#x1B[32mINFO#x1B[0m] Setting PLMN to HPLMN of first UE. MCC=001 MNC=01
2026-06-23 02:05:03 [#x1B[32mINFO#x1B[0m] 5GC [124479648311600] started
2026-06-23 02:05:07 [#x1B[32mINFO#x1B[0m] CU-CP [124479661890000] started
2026-06-23 02:05:10 [#x1B[32mINFO#x1B[0m] CU-CP [124479661891776] started
2026-06-23 02:05:13 [#x1B[32mINFO#x1B[0m] CU-UP [124479648311936] started
2026-06-23 02:05:16 [#x1B[32mINFO#x1B[0m] DU [124479661892784] started
2026-06-23 02:05:19 [#x1B[32mINFO#x1B[0m] DU [124479654435568] started
2026-06-23 02:05:21 [#x1B[32mINFO#x1B[0m] UE [124479648312992] started
2026-06-23 02:16:04 [#x1B[32mINFO#x1B[0m] UE_1 has stopped
2026-06-23 02:16:14 [#x1B[32mINFO#x1B[0m] DU_1 has stopped
2026-06-23 02:16:22 [#x1B[32mINFO#x1B[0m] DU_2 has stopped
2026-06-23 02:16:23 [#x1B[32mINFO#x1B[0m] CU-UP_1 has stopped
2026-06-23 02:16:26 [#x1B[32mINFO#x1B[0m] CU-CP_1 has stopped
2026-06-23 02:16:28 [#x1B[32mINFO#x1B[0m] CU-CP_2 has stopped
2026-06-23 02:16:29 [#x1B[32mINFO#x1B[0m] 5GC 1 has stopped
#x1B[3m                      Pass/Fail Criteria                       #x1B[0m
┏━━━━━━━━━━━━━━━━━━━━━━━━━━━━━━━━━━┳━━━━━━━━┳━━━━━━━━━━┳━━━━━━┓
┃#x1B[1m #x1B[0m#x1B[1mCriteria Name                   #x1B[0m#x1B[1m #x1B[0m┃#x1B[1m #x1B[0m#x1B[1mResult#x1B[0m#x1B[1m #x1B[0m┃#x1B[1m #x1B[0m#x1B[1mExpected#x1B[0m#x1B[1m #x1B[0m┃#x1B[1m #x1B[0m#x1B[1mPass#x1B[0m#x1B[1m #x1B[0m┃
┡━━━━━━━━━━━━━━━━━━━━━━━━━━━━━━━━━━╇━━━━━━━━╇━━━━━━━━━━╇━━━━━━┩
│#x1B[32m #x1B[0m#x1B[32mDL Bitrate                      #x1B[0m#x1B[32m #x1B[0m│#x1B[32m #x1B[0m#x1B[32m560.8K#x1B[0m#x1B[32m #x1B[0m│#x1B[32m #x1B[0m#x1B[32m   &gt; 0.0#x1B[0m#x1B[32m #x1B[0m│#x1B[32m #x1B[0m#x1B[32m ✅ #x1B[0m#x1B[32m #x1B[0m│
│#x1B[32m #x1B[0m#x1B[32mUL Bitrate                      #x1B[0m#x1B[32m #x1B[0m│#x1B[32m #x1B[0m#x1B[32m602.7K#x1B[0m#x1B[32m #x1B[0m│#x1B[32m #x1B[0m#x1B[32m   &gt; 0.0#x1B[0m#x1B[32m #x1B[0m│#x1B[32m #x1B[0m#x1B[32m ✅ #x1B[0m#x1B[32m #x1B[0m│
│#x1B[32m #x1B[0m#x1B[32mDL KOs                          #x1B[0m#x1B[32m #x1B[0m│#x1B[32m #x1B[0m#x1B[32m 330.0#x1B[0m#x1B[32m #x1B[0m│#x1B[32m #x1B[0m#x1B[32m&lt;= 550.0#x1B[0m#x1B[32m #x1B[0m│#x1B[32m #x1B[0m#x1B[32m ✅ #x1B[0m#x1B[32m #x1B[0m│
│#x1B[32m #x1B[0m#x1B[32mUL KOs                          #x1B[0m#x1B[32m #x1B[0m│#x1B[32m #x1B[0m#x1B[32m 272.0#x1B[0m#x1B[32m #x1B[0m│#x1B[32m #x1B[0m#x1B[32m&lt;= 550.0#x1B[0m#x1B[32m #x1B[0m│#x1B[32m #x1B[0m#x1B[32m ✅ #x1B[0m#x1B[32m #x1B[0m│
│#x1B[32m #x1B[0m#x1B[32mReestablishments                #x1B[0m#x1B[32m #x1B[0m│#x1B[32m #x1B[0m#x1B[32m   0.0#x1B[0m#x1B[32m #x1B[0m│#x1B[32m #x1B[0m#x1B[32m  == 0.0#x1B[0m#x1B[32m #x1B[0m│#x1B[32m #x1B[0m#x1B[32m ✅ #x1B[0m#x1B[32m #x1B[0m│
│#x1B[32m #x1B[0m#x1B[32mPDU Session Establishment Accept#x1B[0m#x1B[32m #x1B[0m│#x1B[32m #x1B[0m#x1B[32m   1.0#x1B[0m#x1B[32m #x1B[0m│#x1B[32m #x1B[0m#x1B[32m  == 1.0#x1B[0m#x1B[32m #x1B[0m│#x1B[32m #x1B[0m#x1B[32m ✅ #x1B[0m#x1B[32m #x1B[0m│
│#x1B[32m #x1B[0m#x1B[32mHandovers                       #x1B[0m#x1B[32m #x1B[0m│#x1B[32m #x1B[0m#x1B[32m  22.0#x1B[0m#x1B[32m #x1B[0m│#x1B[32m #x1B[0m#x1B[32m &gt;= 20.0#x1B[0m#x1B[32m #x1B[0m│#x1B[32m #x1B[0m#x1B[32m ✅ #x1B[0m#x1B[32m #x1B[0m│
│#x1B[32m #x1B[0m#x1B[32mError Indications               #x1B[0m#x1B[32m #x1B[0m│#x1B[32m #x1B[0m#x1B[32m   0.0#x1B[0m#x1B[32m #x1B[0m│#x1B[32m #x1B[0m#x1B[32m  &lt;= 0.0#x1B[0m#x1B[32m #x1B[0m│#x1B[32m #x1B[0m#x1B[32m ✅ #x1B[0m#x1B[32m #x1B[0m│
│#x1B[32m #x1B[0m#x1B[32mErrors                          #x1B[0m#x1B[32m #x1B[0m│#x1B[32m #x1B[0m#x1B[32m   0.0#x1B[0m#x1B[32m #x1B[0m│#x1B[32m #x1B[0m#x1B[32m  &lt;= 0.0#x1B[0m#x1B[32m #x1B[0m│#x1B[32m #x1B[0m#x1B[32m ✅ #x1B[0m#x1B[32m #x1B[0m│
│#x1B[32m #x1B[0m#x1B[32mWarnings                        #x1B[0m#x1B[32m #x1B[0m│#x1B[32m #x1B[0m#x1B[32m   0.0#x1B[0m#x1B[32m #x1B[0m│#x1B[32m #x1B[0m#x1B[32m  &lt;= 0.0#x1B[0m#x1B[32m #x1B[0m│#x1B[32m #x1B[0m#x1B[32m ✅ #x1B[0m#x1B[32m #x1B[0m│
└──────────────────────────────────┴────────┴──────────┴──────┘
2026-06-23 02:16:29 [#x1B[32mINFO#x1B[0m] 5GC_1 has successfully stopped
2026-06-23 02:16:29 [#x1B[32mINFO#x1B[0m] DU_1 has successfully stopped
2026-06-23 02:16:29 [#x1B[32mINFO#x1B[0m] DU_2 has successfully stopped
2026-06-23 02:16:29 [#x1B[32mINFO#x1B[0m] CU-UP_1 has successfully stopped
2026-06-23 02:16:29 [#x1B[32mINFO#x1B[0m] CU-CP_1 has successfully stopped
2026-06-23 02:16:29 [#x1B[32mINFO#x1B[0m] CU-CP_2 has successfully stopped
2026-06-23 02:16:29 [#x1B[32mINFO#x1B[0m] UE_1 has successfully stopped
--------------------------------- Captured Out ---------------------------------

</system-out>
      <system-err>--------------------------------- Captured Err ---------------------------------

</system-err>
    </testcase>
    <testcase classname="tests.ue_simulator" name="test_2gnb[functional.mobility.inter_cu_ho.xn_cho]" time="391.162">
      <properties>
        <property name="markers" value="zmq_2gnb;MVP-FUNC-MOB-3" />
      </properties>
      <system-out>--------------------------------- Captured Log ---------------------------------
2026-06-23 02:17:22 [#x1B[32mINFO#x1B[0m] Setting PLMN to HPLMN of first UE. MCC=001 MNC=01
2026-06-23 02:17:22 [#x1B[32mINFO#x1B[0m] 5GC [124479649313856] started
2026-06-23 02:17:26 [#x1B[32mINFO#x1B[0m] GNB [124479649307040] started
2026-06-23 02:17:29 [#x1B[32mINFO#x1B[0m] GNB [124479662057008] started
2026-06-23 02:17:31 [#x1B[32mINFO#x1B[0m] UE [124479649314672] started
2026-06-23 02:22:44 [#x1B[32mINFO#x1B[0m] UE_1 has stopped
2026-06-23 02:22:53 [#x1B[32mINFO#x1B[0m] GNB_1 has stopped
2026-06-23 02:23:01 [#x1B[32mINFO#x1B[0m] GNB_2 has stopped
2026-06-23 02:23:03 [#x1B[32mINFO#x1B[0m] 5GC 1 has stopped
#x1B[3m                      Pass/Fail Criteria                       #x1B[0m
┏━━━━━━━━━━━━━━━━━━━━━━━━━━━━━━━━━━┳━━━━━━━━┳━━━━━━━━━━┳━━━━━━┓
┃#x1B[1m #x1B[0m#x1B[1mCriteria Name                   #x1B[0m#x1B[1m #x1B[0m┃#x1B[1m #x1B[0m#x1B[1mResult#x1B[0m#x1B[1m #x1B[0m┃#x1B[1m #x1B[0m#x1B[1mExpected#x1B[0m#x1B[1m #x1B[0m┃#x1B[1m #x1B[0m#x1B[1mPass#x1B[0m#x1B[1m #x1B[0m┃
┡━━━━━━━━━━━━━━━━━━━━━━━━━━━━━━━━━━╇━━━━━━━━╇━━━━━━━━━━╇━━━━━━┩
│#x1B[32m #x1B[0m#x1B[32mDL Bitrate                      #x1B[0m#x1B[32m #x1B[0m│#x1B[32m #x1B[0m#x1B[32m555.8K#x1B[0m#x1B[32m #x1B[0m│#x1B[32m #x1B[0m#x1B[32m   &gt; 0.0#x1B[0m#x1B[32m #x1B[0m│#x1B[32m #x1B[0m#x1B[32m ✅ #x1B[0m#x1B[32m #x1B[0m│
│#x1B[32m #x1B[0m#x1B[32mUL Bitrate                      #x1B[0m#x1B[32m #x1B[0m│#x1B[32m #x1B[0m#x1B[32m587.9K#x1B[0m#x1B[32m #x1B[0m│#x1B[32m #x1B[0m#x1B[32m   &gt; 0.0#x1B[0m#x1B[32m #x1B[0m│#x1B[32m #x1B[0m#x1B[32m ✅ #x1B[0m#x1B[32m #x1B[0m│
│#x1B[32m #x1B[0m#x1B[32mDL KOs                          #x1B[0m#x1B[32m #x1B[0m│#x1B[32m #x1B[0m#x1B[32m   3.0#x1B[0m#x1B[32m #x1B[0m│#x1B[32m #x1B[0m#x1B[32m&lt;= 100.0#x1B[0m#x1B[32m #x1B[0m│#x1B[32m #x1B[0m#x1B[32m ✅ #x1B[0m#x1B[32m #x1B[0m│
│#x1B[32m #x1B[0m#x1B[32mUL KOs                          #x1B[0m#x1B[32m #x1B[0m│#x1B[32m #x1B[0m#x1B[32m   2.0#x1B[0m#x1B[32m #x1B[0m│#x1B[32m #x1B[0m#x1B[32m&lt;= 100.0#x1B[0m#x1B[32m #x1B[0m│#x1B[32m #x1B[0m#x1B[32m ✅ #x1B[0m#x1B[32m #x1B[0m│
│#x1B[32m #x1B[0m#x1B[32mReestablishments                #x1B[0m#x1B[32m #x1B[0m│#x1B[32m #x1B[0m#x1B[32m   0.0#x1B[0m#x1B[32m #x1B[0m│#x1B[32m #x1B[0m#x1B[32m  == 0.0#x1B[0m#x1B[32m #x1B[0m│#x1B[32m #x1B[0m#x1B[32m ✅ #x1B[0m#x1B[32m #x1B[0m│
│#x1B[32m #x1B[0m#x1B[32mPDU Session Establishment Accept#x1B[0m#x1B[32m #x1B[0m│#x1B[32m #x1B[0m#x1B[32m   1.0#x1B[0m#x1B[32m #x1B[0m│#x1B[32m #x1B[0m#x1B[32m  == 1.0#x1B[0m#x1B[32m #x1B[0m│#x1B[32m #x1B[0m#x1B[32m ✅ #x1B[0m#x1B[32m #x1B[0m│
│#x1B[32m #x1B[0m#x1B[32mHandovers                       #x1B[0m#x1B[32m #x1B[0m│#x1B[32m #x1B[0m#x1B[32m  22.0#x1B[0m#x1B[32m #x1B[0m│#x1B[32m #x1B[0m#x1B[32m &gt;= 20.0#x1B[0m#x1B[32m #x1B[0m│#x1B[32m #x1B[0m#x1B[32m ✅ #x1B[0m#x1B[32m #x1B[0m│
│#x1B[32m #x1B[0m#x1B[32mXN Handover Request Acknowledge #x1B[0m#x1B[32m #x1B[0m│#x1B[32m #x1B[0m#x1B[32m  46.0#x1B[0m#x1B[32m #x1B[0m│#x1B[32m #x1B[0m#x1B[32m &gt;= 40.0#x1B[0m#x1B[32m #x1B[0m│#x1B[32m #x1B[0m#x1B[32m ✅ #x1B[0m#x1B[32m #x1B[0m│
│#x1B[32m #x1B[0m#x1B[32mSN Status Transfer              #x1B[0m#x1B[32m #x1B[0m│#x1B[32m #x1B[0m#x1B[32m  44.0#x1B[0m#x1B[32m #x1B[0m│#x1B[32m #x1B[0m#x1B[32m &gt;= 40.0#x1B[0m#x1B[32m #x1B[0m│#x1B[32m #x1B[0m#x1B[32m ✅ #x1B[0m#x1B[32m #x1B[0m│
│#x1B[32m #x1B[0m#x1B[32mError Indications               #x1B[0m#x1B[32m #x1B[0m│#x1B[32m #x1B[0m#x1B[32m   0.0#x1B[0m#x1B[32m #x1B[0m│#x1B[32m #x1B[0m#x1B[32m  &lt;= 0.0#x1B[0m#x1B[32m #x1B[0m│#x1B[32m #x1B[0m#x1B[32m ✅ #x1B[0m#x1B[32m #x1B[0m│
│#x1B[32m #x1B[0m#x1B[32mErrors                          #x1B[0m#x1B[32m #x1B[0m│#x1B[32m #x1B[0m#x1B[32m   0.0#x1B[0m#x1B[32m #x1B[0m│#x1B[32m #x1B[0m#x1B[32m  &lt;= 0.0#x1B[0m#x1B[32m #x1B[0m│#x1B[32m #x1B[0m#x1B[32m ✅ #x1B[0m#x1B[32m #x1B[0m│
│#x1B[32m #x1B[0m#x1B[32mWarnings                        #x1B[0m#x1B[32m #x1B[0m│#x1B[32m #x1B[0m#x1B[32m   0.0#x1B[0m#x1B[32m #x1B[0m│#x1B[32m #x1B[0m#x1B[32m  &lt;= 0.0#x1B[0m#x1B[32m #x1B[0m│#x1B[32m #x1B[0m#x1B[32m ✅ #x1B[0m#x1B[32m #x1B[0m│
└──────────────────────────────────┴────────┴──────────┴──────┘
2026-06-23 02:23:03 [#x1B[32mINFO#x1B[0m] 5GC_1 has successfully stopped
2026-06-23 02:23:03 [#x1B[32mINFO#x1B[0m] GNB_1 has successfully stopped
2026-06-23 02:23:03 [#x1B[32mINFO#x1B[0m] GNB_2 has successfully stopped
2026-06-23 02:23:03 [#x1B[32mINFO#x1B[0m] UE_1 has successfully stopped
--------------------------------- Captured Out ---------------------------------

</system-out>
      <system-err>--------------------------------- Captured Err ---------------------------------

</system-err>
    </testcase>
    <testcase classname="tests.ue_simulator" name="test_2gnb[functional.mobility.inter_cu_ho.xn_ho]" time="381.742">
      <properties>
        <property name="markers" value="zmq_2gnb;MVP-FUNC-MOB-3" />
      </properties>
      <system-out>--------------------------------- Captured Log ---------------------------------
2026-06-23 02:23:51 [#x1B[32mINFO#x1B[0m] Setting PLMN to HPLMN of first UE. MCC=001 MNC=01
2026-06-23 02:23:52 [#x1B[32mINFO#x1B[0m] 5GC [124479672767008] started
2026-06-23 02:23:55 [#x1B[32mINFO#x1B[0m] GNB [124479669077728] started
2026-06-23 02:23:59 [#x1B[32mINFO#x1B[0m] GNB [124479669088144] started
2026-06-23 02:24:00 [#x1B[32mINFO#x1B[0m] UE [124479672768352] started
2026-06-23 02:29:03 [#x1B[32mINFO#x1B[0m] UE_1 has stopped
2026-06-23 02:29:13 [#x1B[32mINFO#x1B[0m] GNB_1 has stopped
2026-06-23 02:29:23 [#x1B[32mINFO#x1B[0m] GNB_2 has stopped
2026-06-23 02:29:24 [#x1B[32mINFO#x1B[0m] 5GC 1 has stopped
#x1B[3m                      Pass/Fail Criteria                       #x1B[0m
┏━━━━━━━━━━━━━━━━━━━━━━━━━━━━━━━━━━┳━━━━━━━━┳━━━━━━━━━━┳━━━━━━┓
┃#x1B[1m #x1B[0m#x1B[1mCriteria Name                   #x1B[0m#x1B[1m #x1B[0m┃#x1B[1m #x1B[0m#x1B[1mResult#x1B[0m#x1B[1m #x1B[0m┃#x1B[1m #x1B[0m#x1B[1mExpected#x1B[0m#x1B[1m #x1B[0m┃#x1B[1m #x1B[0m#x1B[1mPass#x1B[0m#x1B[1m #x1B[0m┃
┡━━━━━━━━━━━━━━━━━━━━━━━━━━━━━━━━━━╇━━━━━━━━╇━━━━━━━━━━╇━━━━━━┩
│#x1B[32m #x1B[0m#x1B[32mDL Bitrate                      #x1B[0m#x1B[32m #x1B[0m│#x1B[32m #x1B[0m#x1B[32m580.1K#x1B[0m#x1B[32m #x1B[0m│#x1B[32m #x1B[0m#x1B[32m   &gt; 0.0#x1B[0m#x1B[32m #x1B[0m│#x1B[32m #x1B[0m#x1B[32m ✅ #x1B[0m#x1B[32m #x1B[0m│
│#x1B[32m #x1B[0m#x1B[32mUL Bitrate                      #x1B[0m#x1B[32m #x1B[0m│#x1B[32m #x1B[0m#x1B[32m624.1K#x1B[0m#x1B[32m #x1B[0m│#x1B[32m #x1B[0m#x1B[32m   &gt; 0.0#x1B[0m#x1B[32m #x1B[0m│#x1B[32m #x1B[0m#x1B[32m ✅ #x1B[0m#x1B[32m #x1B[0m│
│#x1B[32m #x1B[0m#x1B[32mDL KOs                          #x1B[0m#x1B[32m #x1B[0m│#x1B[32m #x1B[0m#x1B[32m  12.0#x1B[0m#x1B[32m #x1B[0m│#x1B[32m #x1B[0m#x1B[32m&lt;= 100.0#x1B[0m#x1B[32m #x1B[0m│#x1B[32m #x1B[0m#x1B[32m ✅ #x1B[0m#x1B[32m #x1B[0m│
│#x1B[32m #x1B[0m#x1B[32mUL KOs                          #x1B[0m#x1B[32m #x1B[0m│#x1B[32m #x1B[0m#x1B[32m  62.0#x1B[0m#x1B[32m #x1B[0m│#x1B[32m #x1B[0m#x1B[32m&lt;= 100.0#x1B[0m#x1B[32m #x1B[0m│#x1B[32m #x1B[0m#x1B[32m ✅ #x1B[0m#x1B[32m #x1B[0m│
│#x1B[32m #x1B[0m#x1B[32mReestablishments                #x1B[0m#x1B[32m #x1B[0m│#x1B[32m #x1B[0m#x1B[32m   0.0#x1B[0m#x1B[32m #x1B[0m│#x1B[32m #x1B[0m#x1B[32m  == 0.0#x1B[0m#x1B[32m #x1B[0m│#x1B[32m #x1B[0m#x1B[32m ✅ #x1B[0m#x1B[32m #x1B[0m│
│#x1B[32m #x1B[0m#x1B[32mPDU Session Establishment Accept#x1B[0m#x1B[32m #x1B[0m│#x1B[32m #x1B[0m#x1B[32m   1.0#x1B[0m#x1B[32m #x1B[0m│#x1B[32m #x1B[0m#x1B[32m  == 1.0#x1B[0m#x1B[32m #x1B[0m│#x1B[32m #x1B[0m#x1B[32m ✅ #x1B[0m#x1B[32m #x1B[0m│
│#x1B[32m #x1B[0m#x1B[32mHandovers                       #x1B[0m#x1B[32m #x1B[0m│#x1B[32m #x1B[0m#x1B[32m  22.0#x1B[0m#x1B[32m #x1B[0m│#x1B[32m #x1B[0m#x1B[32m &gt;= 20.0#x1B[0m#x1B[32m #x1B[0m│#x1B[32m #x1B[0m#x1B[32m ✅ #x1B[0m#x1B[32m #x1B[0m│
│#x1B[32m #x1B[0m#x1B[32mXN Handover Request Acknowledge #x1B[0m#x1B[32m #x1B[0m│#x1B[32m #x1B[0m#x1B[32m  44.0#x1B[0m#x1B[32m #x1B[0m│#x1B[32m #x1B[0m#x1B[32m &gt;= 40.0#x1B[0m#x1B[32m #x1B[0m│#x1B[32m #x1B[0m#x1B[32m ✅ #x1B[0m#x1B[32m #x1B[0m│
│#x1B[32m #x1B[0m#x1B[32mSN Status Transfer              #x1B[0m#x1B[32m #x1B[0m│#x1B[32m #x1B[0m#x1B[32m  44.0#x1B[0m#x1B[32m #x1B[0m│#x1B[32m #x1B[0m#x1B[32m &gt;= 40.0#x1B[0m#x1B[32m #x1B[0m│#x1B[32m #x1B[0m#x1B[32m ✅ #x1B[0m#x1B[32m #x1B[0m│
│#x1B[32m #x1B[0m#x1B[32mError Indications               #x1B[0m#x1B[32m #x1B[0m│#x1B[32m #x1B[0m#x1B[32m   0.0#x1B[0m#x1B[32m #x1B[0m│#x1B[32m #x1B[0m#x1B[32m  &lt;= 0.0#x1B[0m#x1B[32m #x1B[0m│#x1B[32m #x1B[0m#x1B[32m ✅ #x1B[0m#x1B[32m #x1B[0m│
│#x1B[32m #x1B[0m#x1B[32mErrors                          #x1B[0m#x1B[32m #x1B[0m│#x1B[32m #x1B[0m#x1B[32m   0.0#x1B[0m#x1B[32m #x1B[0m│#x1B[32m #x1B[0m#x1B[32m  &lt;= 0.0#x1B[0m#x1B[32m #x1B[0m│#x1B[32m #x1B[0m#x1B[32m ✅ #x1B[0m#x1B[32m #x1B[0m│
│#x1B[32m #x1B[0m#x1B[32mWarnings                        #x1B[0m#x1B[32m #x1B[0m│#x1B[32m #x1B[0m#x1B[32m   0.0#x1B[0m#x1B[32m #x1B[0m│#x1B[32m #x1B[0m#x1B[32m  &lt;= 0.0#x1B[0m#x1B[32m #x1B[0m│#x1B[32m #x1B[0m#x1B[32m ✅ #x1B[0m#x1B[32m #x1B[0m│
└──────────────────────────────────┴────────┴──────────┴──────┘
2026-06-23 02:29:24 [#x1B[32mINFO#x1B[0m] 5GC_1 has successfully stopped
2026-06-23 02:29:24 [#x1B[32mINFO#x1B[0m] GNB_1 has successfully stopped
2026-06-23 02:29:24 [#x1B[32mINFO#x1B[0m] GNB_2 has successfully stopped
2026-06-23 02:29:24 [#x1B[32mINFO#x1B[0m] UE_1 has successfully stopped
--------------------------------- Captured Out ---------------------------------

</system-out>
      <system-err>--------------------------------- Captured Err ---------------------------------

</system-err>
    </testcase>
    <testcase classname="tests.ue_simulator" name="test_2cucp_1cuup_2du[functional.mobility.inter_cu_ho.same_cu_up_fr2]" time="749.412">
      <properties>
        <property name="markers" value="zmq_2cucp_1cuup_2du;MVP-FUNC-MOB-1-d" />
      </properties>
      <system-out>--------------------------------- Captured Log ---------------------------------
2026-06-23 02:30:26 [#x1B[32mINFO#x1B[0m] Setting PLMN to HPLMN of first UE. MCC=001 MNC=01
2026-06-23 02:30:27 [#x1B[32mINFO#x1B[0m] 5GC [124479650848144] started
2026-06-23 02:30:30 [#x1B[32mINFO#x1B[0m] CU-CP [124479650843152] started
2026-06-23 02:30:33 [#x1B[32mINFO#x1B[0m] CU-CP [124479650855680] started
2026-06-23 02:30:36 [#x1B[32mINFO#x1B[0m] CU-UP [124479652059120] started
2026-06-23 02:30:40 [#x1B[32mINFO#x1B[0m] DU [124479670396848] started
2026-06-23 02:30:43 [#x1B[32mINFO#x1B[0m] DU [124479653080064] started
2026-06-23 02:30:44 [#x1B[32mINFO#x1B[0m] UE [124479652058592] started
2026-06-23 02:41:22 [#x1B[32mINFO#x1B[0m] UE_1 has stopped
2026-06-23 02:41:32 [#x1B[32mINFO#x1B[0m] DU_1 has stopped
2026-06-23 02:41:42 [#x1B[32mINFO#x1B[0m] DU_2 has stopped
2026-06-23 02:41:43 [#x1B[32mINFO#x1B[0m] CU-UP_1 has stopped
2026-06-23 02:41:45 [#x1B[32mINFO#x1B[0m] CU-CP_1 has stopped
2026-06-23 02:41:48 [#x1B[32mINFO#x1B[0m] CU-CP_2 has stopped
2026-06-23 02:41:48 [#x1B[32mINFO#x1B[0m] 5GC 1 has stopped
#x1B[3m                      Pass/Fail Criteria                       #x1B[0m
┏━━━━━━━━━━━━━━━━━━━━━━━━━━━━━━━━━━┳━━━━━━━━┳━━━━━━━━━━┳━━━━━━┓
┃#x1B[1m #x1B[0m#x1B[1mCriteria Name                   #x1B[0m#x1B[1m #x1B[0m┃#x1B[1m #x1B[0m#x1B[1mResult#x1B[0m#x1B[1m #x1B[0m┃#x1B[1m #x1B[0m#x1B[1mExpected#x1B[0m#x1B[1m #x1B[0m┃#x1B[1m #x1B[0m#x1B[1mPass#x1B[0m#x1B[1m #x1B[0m┃
┡━━━━━━━━━━━━━━━━━━━━━━━━━━━━━━━━━━╇━━━━━━━━╇━━━━━━━━━━╇━━━━━━┩
│#x1B[32m #x1B[0m#x1B[32mDL Bitrate                      #x1B[0m#x1B[32m #x1B[0m│#x1B[32m #x1B[0m#x1B[32m574.4K#x1B[0m#x1B[32m #x1B[0m│#x1B[32m #x1B[0m#x1B[32m   &gt; 0.0#x1B[0m#x1B[32m #x1B[0m│#x1B[32m #x1B[0m#x1B[32m ✅ #x1B[0m#x1B[32m #x1B[0m│
│#x1B[32m #x1B[0m#x1B[32mUL Bitrate                      #x1B[0m#x1B[32m #x1B[0m│#x1B[32m #x1B[0m#x1B[32m627.8K#x1B[0m#x1B[32m #x1B[0m│#x1B[32m #x1B[0m#x1B[32m   &gt; 0.0#x1B[0m#x1B[32m #x1B[0m│#x1B[32m #x1B[0m#x1B[32m ✅ #x1B[0m#x1B[32m #x1B[0m│
│#x1B[32m #x1B[0m#x1B[32mDL KOs                          #x1B[0m#x1B[32m #x1B[0m│#x1B[32m #x1B[0m#x1B[32m 346.0#x1B[0m#x1B[32m #x1B[0m│#x1B[32m #x1B[0m#x1B[32m&lt;= 550.0#x1B[0m#x1B[32m #x1B[0m│#x1B[32m #x1B[0m#x1B[32m ✅ #x1B[0m#x1B[32m #x1B[0m│
│#x1B[32m #x1B[0m#x1B[32mUL KOs                          #x1B[0m#x1B[32m #x1B[0m│#x1B[32m #x1B[0m#x1B[32m  52.0#x1B[0m#x1B[32m #x1B[0m│#x1B[32m #x1B[0m#x1B[32m&lt;= 550.0#x1B[0m#x1B[32m #x1B[0m│#x1B[32m #x1B[0m#x1B[32m ✅ #x1B[0m#x1B[32m #x1B[0m│
│#x1B[32m #x1B[0m#x1B[32mReestablishments                #x1B[0m#x1B[32m #x1B[0m│#x1B[32m #x1B[0m#x1B[32m   0.0#x1B[0m#x1B[32m #x1B[0m│#x1B[32m #x1B[0m#x1B[32m  == 0.0#x1B[0m#x1B[32m #x1B[0m│#x1B[32m #x1B[0m#x1B[32m ✅ #x1B[0m#x1B[32m #x1B[0m│
│#x1B[32m #x1B[0m#x1B[32mPDU Session Establishment Accept#x1B[0m#x1B[32m #x1B[0m│#x1B[32m #x1B[0m#x1B[32m   1.0#x1B[0m#x1B[32m #x1B[0m│#x1B[32m #x1B[0m#x1B[32m  == 1.0#x1B[0m#x1B[32m #x1B[0m│#x1B[32m #x1B[0m#x1B[32m ✅ #x1B[0m#x1B[32m #x1B[0m│
│#x1B[32m #x1B[0m#x1B[32mHandovers                       #x1B[0m#x1B[32m #x1B[0m│#x1B[32m #x1B[0m#x1B[32m  22.0#x1B[0m#x1B[32m #x1B[0m│#x1B[32m #x1B[0m#x1B[32m &gt;= 20.0#x1B[0m#x1B[32m #x1B[0m│#x1B[32m #x1B[0m#x1B[32m ✅ #x1B[0m#x1B[32m #x1B[0m│
│#x1B[32m #x1B[0m#x1B[32mError Indications               #x1B[0m#x1B[32m #x1B[0m│#x1B[32m #x1B[0m#x1B[32m   0.0#x1B[0m#x1B[32m #x1B[0m│#x1B[32m #x1B[0m#x1B[32m  &lt;= 0.0#x1B[0m#x1B[32m #x1B[0m│#x1B[32m #x1B[0m#x1B[32m ✅ #x1B[0m#x1B[32m #x1B[0m│
│#x1B[32m #x1B[0m#x1B[32mErrors                          #x1B[0m#x1B[32m #x1B[0m│#x1B[32m #x1B[0m#x1B[32m   0.0#x1B[0m#x1B[32m #x1B[0m│#x1B[32m #x1B[0m#x1B[32m  &lt;= 0.0#x1B[0m#x1B[32m #x1B[0m│#x1B[32m #x1B[0m#x1B[32m ✅ #x1B[0m#x1B[32m #x1B[0m│
│#x1B[32m #x1B[0m#x1B[32mWarnings                        #x1B[0m#x1B[32m #x1B[0m│#x1B[32m #x1B[0m#x1B[32m   0.0#x1B[0m#x1B[32m #x1B[0m│#x1B[32m #x1B[0m#x1B[32m  &lt;= 0.0#x1B[0m#x1B[32m #x1B[0m│#x1B[32m #x1B[0m#x1B[32m ✅ #x1B[0m#x1B[32m #x1B[0m│
└──────────────────────────────────┴────────┴──────────┴──────┘
2026-06-23 02:41:48 [#x1B[32mINFO#x1B[0m] 5GC_1 has successfully stopped
2026-06-23 02:41:48 [#x1B[32mINFO#x1B[0m] DU_1 has successfully stopped
2026-06-23 02:41:48 [#x1B[32mINFO#x1B[0m] DU_2 has successfully stopped
2026-06-23 02:41:48 [#x1B[32mINFO#x1B[0m] CU-UP_1 has successfully stopped
2026-06-23 02:41:48 [#x1B[32mINFO#x1B[0m] CU-CP_1 has successfully stopped
2026-06-23 02:41:48 [#x1B[32mINFO#x1B[0m] CU-CP_2 has successfully stopped
2026-06-23 02:41:48 [#x1B[32mINFO#x1B[0m] UE_1 has successfully stopped
--------------------------------- Captured Out ---------------------------------

</system-out>
      <system-err>--------------------------------- Captured Err ---------------------------------

</system-err>
    </testcase>
    <testcase classname="tests.ue_simulator" name="test_2cucp_1cuup_2du[functional.mobility.inter_cu_ho.same_cu_up_fr1]" time="711.813">
      <properties>
        <property name="markers" value="zmq_2cucp_1cuup_2du;MVP-FUNC-MOB-1-d" />
      </properties>
      <system-out>--------------------------------- Captured Log ---------------------------------
2026-06-23 02:42:53 [#x1B[32mINFO#x1B[0m] Setting PLMN to HPLMN of first UE. MCC=001 MNC=01
2026-06-23 02:42:54 [#x1B[32mINFO#x1B[0m] 5GC [124479651007184] started
2026-06-23 02:42:57 [#x1B[32mINFO#x1B[0m] CU-CP [124479660934688] started
2026-06-23 02:43:01 [#x1B[32mINFO#x1B[0m] CU-CP [124479660933392] started
2026-06-23 02:43:04 [#x1B[32mINFO#x1B[0m] CU-UP [124479651013040] started
2026-06-23 02:43:07 [#x1B[32mINFO#x1B[0m] DU [124479660946640] started
2026-06-23 02:43:10 [#x1B[32mINFO#x1B[0m] DU [124479660947408] started
2026-06-23 02:43:13 [#x1B[32mINFO#x1B[0m] UE [124479653759552] started
2026-06-23 02:53:20 [#x1B[32mINFO#x1B[0m] UE_1 has stopped
2026-06-23 02:53:28 [#x1B[32mINFO#x1B[0m] DU_1 has stopped
2026-06-23 02:53:36 [#x1B[32mINFO#x1B[0m] DU_2 has stopped
2026-06-23 02:53:37 [#x1B[32mINFO#x1B[0m] CU-UP_1 has stopped
2026-06-23 02:53:40 [#x1B[32mINFO#x1B[0m] CU-CP_1 has stopped
2026-06-23 02:53:42 [#x1B[32mINFO#x1B[0m] CU-CP_2 has stopped
2026-06-23 02:53:43 [#x1B[32mINFO#x1B[0m] 5GC 1 has stopped
#x1B[3m                      Pass/Fail Criteria                       #x1B[0m
┏━━━━━━━━━━━━━━━━━━━━━━━━━━━━━━━━━━┳━━━━━━━━┳━━━━━━━━━━┳━━━━━━┓
┃#x1B[1m #x1B[0m#x1B[1mCriteria Name                   #x1B[0m#x1B[1m #x1B[0m┃#x1B[1m #x1B[0m#x1B[1mResult#x1B[0m#x1B[1m #x1B[0m┃#x1B[1m #x1B[0m#x1B[1mExpected#x1B[0m#x1B[1m #x1B[0m┃#x1B[1m #x1B[0m#x1B[1mPass#x1B[0m#x1B[1m #x1B[0m┃
┡━━━━━━━━━━━━━━━━━━━━━━━━━━━━━━━━━━╇━━━━━━━━╇━━━━━━━━━━╇━━━━━━┩
│#x1B[32m #x1B[0m#x1B[32mDL Bitrate                      #x1B[0m#x1B[32m #x1B[0m│#x1B[32m #x1B[0m#x1B[32m575.8K#x1B[0m#x1B[32m #x1B[0m│#x1B[32m #x1B[0m#x1B[32m   &gt; 0.0#x1B[0m#x1B[32m #x1B[0m│#x1B[32m #x1B[0m#x1B[32m ✅ #x1B[0m#x1B[32m #x1B[0m│
│#x1B[32m #x1B[0m#x1B[32mUL Bitrate                      #x1B[0m#x1B[32m #x1B[0m│#x1B[32m #x1B[0m#x1B[32m624.2K#x1B[0m#x1B[32m #x1B[0m│#x1B[32m #x1B[0m#x1B[32m   &gt; 0.0#x1B[0m#x1B[32m #x1B[0m│#x1B[32m #x1B[0m#x1B[32m ✅ #x1B[0m#x1B[32m #x1B[0m│
│#x1B[32m #x1B[0m#x1B[32mDL KOs                          #x1B[0m#x1B[32m #x1B[0m│#x1B[32m #x1B[0m#x1B[32m 312.0#x1B[0m#x1B[32m #x1B[0m│#x1B[32m #x1B[0m#x1B[32m&lt;= 550.0#x1B[0m#x1B[32m #x1B[0m│#x1B[32m #x1B[0m#x1B[32m ✅ #x1B[0m#x1B[32m #x1B[0m│
│#x1B[32m #x1B[0m#x1B[32mUL KOs                          #x1B[0m#x1B[32m #x1B[0m│#x1B[32m #x1B[0m#x1B[32m 209.0#x1B[0m#x1B[32m #x1B[0m│#x1B[32m #x1B[0m#x1B[32m&lt;= 550.0#x1B[0m#x1B[32m #x1B[0m│#x1B[32m #x1B[0m#x1B[32m ✅ #x1B[0m#x1B[32m #x1B[0m│
│#x1B[32m #x1B[0m#x1B[32mReestablishments                #x1B[0m#x1B[32m #x1B[0m│#x1B[32m #x1B[0m#x1B[32m   0.0#x1B[0m#x1B[32m #x1B[0m│#x1B[32m #x1B[0m#x1B[32m  == 0.0#x1B[0m#x1B[32m #x1B[0m│#x1B[32m #x1B[0m#x1B[32m ✅ #x1B[0m#x1B[32m #x1B[0m│
│#x1B[32m #x1B[0m#x1B[32mPDU Session Establishment Accept#x1B[0m#x1B[32m #x1B[0m│#x1B[32m #x1B[0m#x1B[32m   1.0#x1B[0m#x1B[32m #x1B[0m│#x1B[32m #x1B[0m#x1B[32m  == 1.0#x1B[0m#x1B[32m #x1B[0m│#x1B[32m #x1B[0m#x1B[32m ✅ #x1B[0m#x1B[32m #x1B[0m│
│#x1B[32m #x1B[0m#x1B[32mHandovers                       #x1B[0m#x1B[32m #x1B[0m│#x1B[32m #x1B[0m#x1B[32m  22.0#x1B[0m#x1B[32m #x1B[0m│#x1B[32m #x1B[0m#x1B[32m &gt;= 20.0#x1B[0m#x1B[32m #x1B[0m│#x1B[32m #x1B[0m#x1B[32m ✅ #x1B[0m#x1B[32m #x1B[0m│
│#x1B[32m #x1B[0m#x1B[32mError Indications               #x1B[0m#x1B[32m #x1B[0m│#x1B[32m #x1B[0m#x1B[32m   0.0#x1B[0m#x1B[32m #x1B[0m│#x1B[32m #x1B[0m#x1B[32m  &lt;= 0.0#x1B[0m#x1B[32m #x1B[0m│#x1B[32m #x1B[0m#x1B[32m ✅ #x1B[0m#x1B[32m #x1B[0m│
│#x1B[32m #x1B[0m#x1B[32mErrors                          #x1B[0m#x1B[32m #x1B[0m│#x1B[32m #x1B[0m#x1B[32m   0.0#x1B[0m#x1B[32m #x1B[0m│#x1B[32m #x1B[0m#x1B[32m  &lt;= 0.0#x1B[0m#x1B[32m #x1B[0m│#x1B[32m #x1B[0m#x1B[32m ✅ #x1B[0m#x1B[32m #x1B[0m│
│#x1B[32m #x1B[0m#x1B[32mWarnings                        #x1B[0m#x1B[32m #x1B[0m│#x1B[32m #x1B[0m#x1B[32m   0.0#x1B[0m#x1B[32m #x1B[0m│#x1B[32m #x1B[0m#x1B[32m  &lt;= 0.0#x1B[0m#x1B[32m #x1B[0m│#x1B[32m #x1B[0m#x1B[32m ✅ #x1B[0m#x1B[32m #x1B[0m│
└──────────────────────────────────┴────────┴──────────┴──────┘
2026-06-23 02:53:43 [#x1B[32mINFO#x1B[0m] 5GC_1 has successfully stopped
2026-06-23 02:53:43 [#x1B[32mINFO#x1B[0m] DU_1 has successfully stopped
2026-06-23 02:53:43 [#x1B[32mINFO#x1B[0m] DU_2 has successfully stopped
2026-06-23 02:53:43 [#x1B[32mINFO#x1B[0m] CU-UP_1 has successfully stopped
2026-06-23 02:53:43 [#x1B[32mINFO#x1B[0m] CU-CP_1 has successfully stopped
2026-06-23 02:53:43 [#x1B[32mINFO#x1B[0m] CU-CP_2 has successfully stopped
2026-06-23 02:53:43 [#x1B[32mINFO#x1B[0m] UE_1 has successfully stopped
--------------------------------- Captured Out ---------------------------------

</system-out>
      <system-err>--------------------------------- Captured Err ---------------------------------

</system-err>
    </testcase>
    <testcase classname="tests.ue_simulator" name="test_2gnb[functional.mobility.inter_cu_ho.fr2]" time="534.630">
      <properties>
        <property name="markers" value="zmq_2gnb;MVP-FUNC-MOB-1-e" />
      </properties>
      <system-out>--------------------------------- Captured Log ---------------------------------
2026-06-23 02:54:36 [#x1B[32mINFO#x1B[0m] Setting PLMN to HPLMN of first UE. MCC=001 MNC=01
2026-06-23 02:54:37 [#x1B[32mINFO#x1B[0m] 5GC [124479660949088] started
2026-06-23 02:54:40 [#x1B[32mINFO#x1B[0m] GNB [124479654505376] started
2026-06-23 02:54:43 [#x1B[32mINFO#x1B[0m] GNB [124479654502064] started
2026-06-23 02:54:45 [#x1B[32mINFO#x1B[0m] UE [124479660934448] started
2026-06-23 03:02:13 [#x1B[32mINFO#x1B[0m] UE_1 has stopped
2026-06-23 03:02:24 [#x1B[32mINFO#x1B[0m] GNB_1 has stopped
2026-06-23 03:02:36 [#x1B[32mINFO#x1B[0m] GNB_2 has stopped
2026-06-23 03:02:37 [#x1B[32mINFO#x1B[0m] 5GC 1 has stopped
#x1B[3m                      Pass/Fail Criteria                       #x1B[0m
┏━━━━━━━━━━━━━━━━━━━━━━━━━━━━━━━━━━┳━━━━━━━━┳━━━━━━━━━━┳━━━━━━┓
┃#x1B[1m #x1B[0m#x1B[1mCriteria Name                   #x1B[0m#x1B[1m #x1B[0m┃#x1B[1m #x1B[0m#x1B[1mResult#x1B[0m#x1B[1m #x1B[0m┃#x1B[1m #x1B[0m#x1B[1mExpected#x1B[0m#x1B[1m #x1B[0m┃#x1B[1m #x1B[0m#x1B[1mPass#x1B[0m#x1B[1m #x1B[0m┃
┡━━━━━━━━━━━━━━━━━━━━━━━━━━━━━━━━━━╇━━━━━━━━╇━━━━━━━━━━╇━━━━━━┩
│#x1B[32m #x1B[0m#x1B[32mDL Bitrate                      #x1B[0m#x1B[32m #x1B[0m│#x1B[32m #x1B[0m#x1B[32m567.9K#x1B[0m#x1B[32m #x1B[0m│#x1B[32m #x1B[0m#x1B[32m   &gt; 0.0#x1B[0m#x1B[32m #x1B[0m│#x1B[32m #x1B[0m#x1B[32m ✅ #x1B[0m#x1B[32m #x1B[0m│
│#x1B[32m #x1B[0m#x1B[32mUL Bitrate                      #x1B[0m#x1B[32m #x1B[0m│#x1B[32m #x1B[0m#x1B[32m631.0K#x1B[0m#x1B[32m #x1B[0m│#x1B[32m #x1B[0m#x1B[32m   &gt; 0.0#x1B[0m#x1B[32m #x1B[0m│#x1B[32m #x1B[0m#x1B[32m ✅ #x1B[0m#x1B[32m #x1B[0m│
│#x1B[32m #x1B[0m#x1B[32mDL KOs                          #x1B[0m#x1B[32m #x1B[0m│#x1B[32m #x1B[0m#x1B[32m 470.0#x1B[0m#x1B[32m #x1B[0m│#x1B[32m #x1B[0m#x1B[32m&lt;= 550.0#x1B[0m#x1B[32m #x1B[0m│#x1B[32m #x1B[0m#x1B[32m ✅ #x1B[0m#x1B[32m #x1B[0m│
│#x1B[32m #x1B[0m#x1B[32mUL KOs                          #x1B[0m#x1B[32m #x1B[0m│#x1B[32m #x1B[0m#x1B[32m 189.0#x1B[0m#x1B[32m #x1B[0m│#x1B[32m #x1B[0m#x1B[32m&lt;= 550.0#x1B[0m#x1B[32m #x1B[0m│#x1B[32m #x1B[0m#x1B[32m ✅ #x1B[0m#x1B[32m #x1B[0m│
│#x1B[32m #x1B[0m#x1B[32mReestablishments                #x1B[0m#x1B[32m #x1B[0m│#x1B[32m #x1B[0m#x1B[32m   0.0#x1B[0m#x1B[32m #x1B[0m│#x1B[32m #x1B[0m#x1B[32m  == 0.0#x1B[0m#x1B[32m #x1B[0m│#x1B[32m #x1B[0m#x1B[32m ✅ #x1B[0m#x1B[32m #x1B[0m│
│#x1B[32m #x1B[0m#x1B[32mPDU Session Establishment Accept#x1B[0m#x1B[32m #x1B[0m│#x1B[32m #x1B[0m#x1B[32m   1.0#x1B[0m#x1B[32m #x1B[0m│#x1B[32m #x1B[0m#x1B[32m  == 1.0#x1B[0m#x1B[32m #x1B[0m│#x1B[32m #x1B[0m#x1B[32m ✅ #x1B[0m#x1B[32m #x1B[0m│
│#x1B[32m #x1B[0m#x1B[32mHandovers                       #x1B[0m#x1B[32m #x1B[0m│#x1B[32m #x1B[0m#x1B[32m  22.0#x1B[0m#x1B[32m #x1B[0m│#x1B[32m #x1B[0m#x1B[32m &gt;= 20.0#x1B[0m#x1B[32m #x1B[0m│#x1B[32m #x1B[0m#x1B[32m ✅ #x1B[0m#x1B[32m #x1B[0m│
│#x1B[32m #x1B[0m#x1B[32mError Indications               #x1B[0m#x1B[32m #x1B[0m│#x1B[32m #x1B[0m#x1B[32m   0.0#x1B[0m#x1B[32m #x1B[0m│#x1B[32m #x1B[0m#x1B[32m  &lt;= 0.0#x1B[0m#x1B[32m #x1B[0m│#x1B[32m #x1B[0m#x1B[32m ✅ #x1B[0m#x1B[32m #x1B[0m│
│#x1B[32m #x1B[0m#x1B[32mErrors                          #x1B[0m#x1B[32m #x1B[0m│#x1B[32m #x1B[0m#x1B[32m   0.0#x1B[0m#x1B[32m #x1B[0m│#x1B[32m #x1B[0m#x1B[32m  &lt;= 0.0#x1B[0m#x1B[32m #x1B[0m│#x1B[32m #x1B[0m#x1B[32m ✅ #x1B[0m#x1B[32m #x1B[0m│
│#x1B[32m #x1B[0m#x1B[32mWarnings                        #x1B[0m#x1B[32m #x1B[0m│#x1B[32m #x1B[0m#x1B[32m   0.0#x1B[0m#x1B[32m #x1B[0m│#x1B[32m #x1B[0m#x1B[32m  &lt;= 0.0#x1B[0m#x1B[32m #x1B[0m│#x1B[32m #x1B[0m#x1B[32m ✅ #x1B[0m#x1B[32m #x1B[0m│
└──────────────────────────────────┴────────┴──────────┴──────┘
2026-06-23 03:02:37 [#x1B[32mINFO#x1B[0m] 5GC_1 has successfully stopped
2026-06-23 03:02:37 [#x1B[32mINFO#x1B[0m] GNB_1 has successfully stopped
2026-06-23 03:02:37 [#x1B[32mINFO#x1B[0m] GNB_2 has successfully stopped
2026-06-23 03:02:37 [#x1B[32mINFO#x1B[0m] UE_1 has successfully stopped
--------------------------------- Captured Out ---------------------------------

</system-out>
      <system-err>--------------------------------- Captured Err ---------------------------------

</system-err>
    </testcase>
  </testsuite>
  <testsuite name="pytest" errors="0" failures="0" skipped="0" tests="3" time="1461.426" timestamp="2026-06-23T03:04:45.591867+00:00" hostname="runner-4wlmwx7q6-project-8-concurrent-0-7pxz8pdu">
    <testcase classname="tests.ue_simulator" name="test_cu_2du[functional.mobility.inter_du_ho.fr2]" time="536.346">
      <properties>
        <property name="markers" value="zmq_1cu2du;MVP-FUNC-MOB-1-c" />
      </properties>
      <system-out>--------------------------------- Captured Log ---------------------------------
2026-06-23 03:05:12 [#x1B[32mINFO#x1B[0m] Setting PLMN to HPLMN of first UE. MCC=001 MNC=01
2026-06-23 03:05:13 [#x1B[32mINFO#x1B[0m] 5GC [123288638167792] started
2026-06-23 03:05:16 [#x1B[32mINFO#x1B[0m] CU [123288638165824] started
2026-06-23 03:05:20 [#x1B[32mINFO#x1B[0m] DU [123288637798352] started
2026-06-23 03:05:23 [#x1B[32mINFO#x1B[0m] DU [123288637784816] started
2026-06-23 03:05:25 [#x1B[32mINFO#x1B[0m] UE [123288636420368] started
2026-06-23 03:13:03 [#x1B[32mINFO#x1B[0m] UE_1 has stopped
2026-06-23 03:13:09 [#x1B[32mINFO#x1B[0m] DU_1 has stopped
2026-06-23 03:13:17 [#x1B[32mINFO#x1B[0m] DU_2 has stopped
2026-06-23 03:13:20 [#x1B[32mINFO#x1B[0m] CU has stopped
2026-06-23 03:13:21 [#x1B[32mINFO#x1B[0m] 5GC 1 has stopped
#x1B[3m                      Pass/Fail Criteria                       #x1B[0m
┏━━━━━━━━━━━━━━━━━━━━━━━━━━━━━━━━━━┳━━━━━━━━┳━━━━━━━━━━┳━━━━━━┓
┃#x1B[1m #x1B[0m#x1B[1mCriteria Name                   #x1B[0m#x1B[1m #x1B[0m┃#x1B[1m #x1B[0m#x1B[1mResult#x1B[0m#x1B[1m #x1B[0m┃#x1B[1m #x1B[0m#x1B[1mExpected#x1B[0m#x1B[1m #x1B[0m┃#x1B[1m #x1B[0m#x1B[1mPass#x1B[0m#x1B[1m #x1B[0m┃
┡━━━━━━━━━━━━━━━━━━━━━━━━━━━━━━━━━━╇━━━━━━━━╇━━━━━━━━━━╇━━━━━━┩
│#x1B[32m #x1B[0m#x1B[32mDL Bitrate                      #x1B[0m#x1B[32m #x1B[0m│#x1B[32m #x1B[0m#x1B[32m582.7K#x1B[0m#x1B[32m #x1B[0m│#x1B[32m #x1B[0m#x1B[32m   &gt; 0.0#x1B[0m#x1B[32m #x1B[0m│#x1B[32m #x1B[0m#x1B[32m ✅ #x1B[0m#x1B[32m #x1B[0m│
│#x1B[32m #x1B[0m#x1B[32mUL Bitrate                      #x1B[0m#x1B[32m #x1B[0m│#x1B[32m #x1B[0m#x1B[32m630.4K#x1B[0m#x1B[32m #x1B[0m│#x1B[32m #x1B[0m#x1B[32m   &gt; 0.0#x1B[0m#x1B[32m #x1B[0m│#x1B[32m #x1B[0m#x1B[32m ✅ #x1B[0m#x1B[32m #x1B[0m│
│#x1B[32m #x1B[0m#x1B[32mDL KOs                          #x1B[0m#x1B[32m #x1B[0m│#x1B[32m #x1B[0m#x1B[32m  81.0#x1B[0m#x1B[32m #x1B[0m│#x1B[32m #x1B[0m#x1B[32m&lt;= 300.0#x1B[0m#x1B[32m #x1B[0m│#x1B[32m #x1B[0m#x1B[32m ✅ #x1B[0m#x1B[32m #x1B[0m│
│#x1B[32m #x1B[0m#x1B[32mUL KOs                          #x1B[0m#x1B[32m #x1B[0m│#x1B[32m #x1B[0m#x1B[32m  74.0#x1B[0m#x1B[32m #x1B[0m│#x1B[32m #x1B[0m#x1B[32m&lt;= 300.0#x1B[0m#x1B[32m #x1B[0m│#x1B[32m #x1B[0m#x1B[32m ✅ #x1B[0m#x1B[32m #x1B[0m│
│#x1B[32m #x1B[0m#x1B[32mReestablishments                #x1B[0m#x1B[32m #x1B[0m│#x1B[32m #x1B[0m#x1B[32m   0.0#x1B[0m#x1B[32m #x1B[0m│#x1B[32m #x1B[0m#x1B[32m  == 0.0#x1B[0m#x1B[32m #x1B[0m│#x1B[32m #x1B[0m#x1B[32m ✅ #x1B[0m#x1B[32m #x1B[0m│
│#x1B[32m #x1B[0m#x1B[32mPDU Session Establishment Accept#x1B[0m#x1B[32m #x1B[0m│#x1B[32m #x1B[0m#x1B[32m   1.0#x1B[0m#x1B[32m #x1B[0m│#x1B[32m #x1B[0m#x1B[32m  == 1.0#x1B[0m#x1B[32m #x1B[0m│#x1B[32m #x1B[0m#x1B[32m ✅ #x1B[0m#x1B[32m #x1B[0m│
│#x1B[32m #x1B[0m#x1B[32mHandovers                       #x1B[0m#x1B[32m #x1B[0m│#x1B[32m #x1B[0m#x1B[32m  22.0#x1B[0m#x1B[32m #x1B[0m│#x1B[32m #x1B[0m#x1B[32m &gt;= 20.0#x1B[0m#x1B[32m #x1B[0m│#x1B[32m #x1B[0m#x1B[32m ✅ #x1B[0m#x1B[32m #x1B[0m│
│#x1B[32m #x1B[0m#x1B[32mError Indications               #x1B[0m#x1B[32m #x1B[0m│#x1B[32m #x1B[0m#x1B[32m   0.0#x1B[0m#x1B[32m #x1B[0m│#x1B[32m #x1B[0m#x1B[32m  &lt;= 0.0#x1B[0m#x1B[32m #x1B[0m│#x1B[32m #x1B[0m#x1B[32m ✅ #x1B[0m#x1B[32m #x1B[0m│
│#x1B[32m #x1B[0m#x1B[32mErrors                          #x1B[0m#x1B[32m #x1B[0m│#x1B[32m #x1B[0m#x1B[32m   0.0#x1B[0m#x1B[32m #x1B[0m│#x1B[32m #x1B[0m#x1B[32m  &lt;= 0.0#x1B[0m#x1B[32m #x1B[0m│#x1B[32m #x1B[0m#x1B[32m ✅ #x1B[0m#x1B[32m #x1B[0m│
│#x1B[32m #x1B[0m#x1B[32mWarnings                        #x1B[0m#x1B[32m #x1B[0m│#x1B[32m #x1B[0m#x1B[32m   0.0#x1B[0m#x1B[32m #x1B[0m│#x1B[32m #x1B[0m#x1B[32m  &lt;= 0.0#x1B[0m#x1B[32m #x1B[0m│#x1B[32m #x1B[0m#x1B[32m ✅ #x1B[0m#x1B[32m #x1B[0m│
└──────────────────────────────────┴────────┴──────────┴──────┘
2026-06-23 03:13:21 [#x1B[32mINFO#x1B[0m] 5GC_1 has successfully stopped
2026-06-23 03:13:21 [#x1B[32mINFO#x1B[0m] DU_1 has successfully stopped
2026-06-23 03:13:21 [#x1B[32mINFO#x1B[0m] DU_2 has successfully stopped
2026-06-23 03:13:21 [#x1B[32mINFO#x1B[0m] CU_1 has successfully stopped
2026-06-23 03:13:21 [#x1B[32mINFO#x1B[0m] UE_1 has successfully stopped
--------------------------------- Captured Out ---------------------------------

</system-out>
      <system-err>--------------------------------- Captured Err ---------------------------------

</system-err>
    </testcase>
    <testcase classname="tests.ue_simulator" name="test_cu_2du[functional.mobility.inter_du_ho.baseline]" time="416.096">
      <properties>
        <property name="markers" value="zmq_1cu2du;MVP-FUNC-MOB-1-c" />
      </properties>
      <system-out>--------------------------------- Captured Log ---------------------------------
2026-06-23 03:14:21 [#x1B[32mINFO#x1B[0m] Setting PLMN to HPLMN of first UE. MCC=001 MNC=01
2026-06-23 03:14:22 [#x1B[32mINFO#x1B[0m] 5GC [123288628783792] started
2026-06-23 03:14:25 [#x1B[32mINFO#x1B[0m] CU [123288628780384] started
2026-06-23 03:14:28 [#x1B[32mINFO#x1B[0m] DU [123288638205072] started
2026-06-23 03:14:31 [#x1B[32mINFO#x1B[0m] DU [123288638195136] started
2026-06-23 03:14:33 [#x1B[32mINFO#x1B[0m] UE [123288628780912] started
2026-06-23 03:20:01 [#x1B[32mINFO#x1B[0m] UE_1 has stopped
2026-06-23 03:20:09 [#x1B[32mINFO#x1B[0m] DU_1 has stopped
2026-06-23 03:20:17 [#x1B[32mINFO#x1B[0m] DU_2 has stopped
2026-06-23 03:20:20 [#x1B[32mINFO#x1B[0m] CU has stopped
2026-06-23 03:20:21 [#x1B[32mINFO#x1B[0m] 5GC 1 has stopped
#x1B[3m                      Pass/Fail Criteria                       #x1B[0m
┏━━━━━━━━━━━━━━━━━━━━━━━━━━━━━━━━━━┳━━━━━━━━┳━━━━━━━━━━┳━━━━━━┓
┃#x1B[1m #x1B[0m#x1B[1mCriteria Name                   #x1B[0m#x1B[1m #x1B[0m┃#x1B[1m #x1B[0m#x1B[1mResult#x1B[0m#x1B[1m #x1B[0m┃#x1B[1m #x1B[0m#x1B[1mExpected#x1B[0m#x1B[1m #x1B[0m┃#x1B[1m #x1B[0m#x1B[1mPass#x1B[0m#x1B[1m #x1B[0m┃
┡━━━━━━━━━━━━━━━━━━━━━━━━━━━━━━━━━━╇━━━━━━━━╇━━━━━━━━━━╇━━━━━━┩
│#x1B[32m #x1B[0m#x1B[32mDL Bitrate                      #x1B[0m#x1B[32m #x1B[0m│#x1B[32m #x1B[0m#x1B[32m587.5K#x1B[0m#x1B[32m #x1B[0m│#x1B[32m #x1B[0m#x1B[32m   &gt; 0.0#x1B[0m#x1B[32m #x1B[0m│#x1B[32m #x1B[0m#x1B[32m ✅ #x1B[0m#x1B[32m #x1B[0m│
│#x1B[32m #x1B[0m#x1B[32mUL Bitrate                      #x1B[0m#x1B[32m #x1B[0m│#x1B[32m #x1B[0m#x1B[32m630.6K#x1B[0m#x1B[32m #x1B[0m│#x1B[32m #x1B[0m#x1B[32m   &gt; 0.0#x1B[0m#x1B[32m #x1B[0m│#x1B[32m #x1B[0m#x1B[32m ✅ #x1B[0m#x1B[32m #x1B[0m│
│#x1B[32m #x1B[0m#x1B[32mDL KOs                          #x1B[0m#x1B[32m #x1B[0m│#x1B[32m #x1B[0m#x1B[32m  39.0#x1B[0m#x1B[32m #x1B[0m│#x1B[32m #x1B[0m#x1B[32m&lt;= 300.0#x1B[0m#x1B[32m #x1B[0m│#x1B[32m #x1B[0m#x1B[32m ✅ #x1B[0m#x1B[32m #x1B[0m│
│#x1B[32m #x1B[0m#x1B[32mUL KOs                          #x1B[0m#x1B[32m #x1B[0m│#x1B[32m #x1B[0m#x1B[32m 127.0#x1B[0m#x1B[32m #x1B[0m│#x1B[32m #x1B[0m#x1B[32m&lt;= 300.0#x1B[0m#x1B[32m #x1B[0m│#x1B[32m #x1B[0m#x1B[32m ✅ #x1B[0m#x1B[32m #x1B[0m│
│#x1B[32m #x1B[0m#x1B[32mReestablishments                #x1B[0m#x1B[32m #x1B[0m│#x1B[32m #x1B[0m#x1B[32m   0.0#x1B[0m#x1B[32m #x1B[0m│#x1B[32m #x1B[0m#x1B[32m  == 0.0#x1B[0m#x1B[32m #x1B[0m│#x1B[32m #x1B[0m#x1B[32m ✅ #x1B[0m#x1B[32m #x1B[0m│
│#x1B[32m #x1B[0m#x1B[32mPDU Session Establishment Accept#x1B[0m#x1B[32m #x1B[0m│#x1B[32m #x1B[0m#x1B[32m   1.0#x1B[0m#x1B[32m #x1B[0m│#x1B[32m #x1B[0m#x1B[32m  == 1.0#x1B[0m#x1B[32m #x1B[0m│#x1B[32m #x1B[0m#x1B[32m ✅ #x1B[0m#x1B[32m #x1B[0m│
│#x1B[32m #x1B[0m#x1B[32mHandovers                       #x1B[0m#x1B[32m #x1B[0m│#x1B[32m #x1B[0m#x1B[32m  22.0#x1B[0m#x1B[32m #x1B[0m│#x1B[32m #x1B[0m#x1B[32m &gt;= 20.0#x1B[0m#x1B[32m #x1B[0m│#x1B[32m #x1B[0m#x1B[32m ✅ #x1B[0m#x1B[32m #x1B[0m│
│#x1B[32m #x1B[0m#x1B[32mError Indications               #x1B[0m#x1B[32m #x1B[0m│#x1B[32m #x1B[0m#x1B[32m   0.0#x1B[0m#x1B[32m #x1B[0m│#x1B[32m #x1B[0m#x1B[32m  &lt;= 0.0#x1B[0m#x1B[32m #x1B[0m│#x1B[32m #x1B[0m#x1B[32m ✅ #x1B[0m#x1B[32m #x1B[0m│
│#x1B[32m #x1B[0m#x1B[32mErrors                          #x1B[0m#x1B[32m #x1B[0m│#x1B[32m #x1B[0m#x1B[32m   0.0#x1B[0m#x1B[32m #x1B[0m│#x1B[32m #x1B[0m#x1B[32m  &lt;= 0.0#x1B[0m#x1B[32m #x1B[0m│#x1B[32m #x1B[0m#x1B[32m ✅ #x1B[0m#x1B[32m #x1B[0m│
│#x1B[32m #x1B[0m#x1B[32mWarnings                        #x1B[0m#x1B[32m #x1B[0m│#x1B[32m #x1B[0m#x1B[32m   0.0#x1B[0m#x1B[32m #x1B[0m│#x1B[32m #x1B[0m#x1B[32m  &lt;= 0.0#x1B[0m#x1B[32m #x1B[0m│#x1B[32m #x1B[0m#x1B[32m ✅ #x1B[0m#x1B[32m #x1B[0m│
└──────────────────────────────────┴────────┴──────────┴──────┘
2026-06-23 03:20:21 [#x1B[32mINFO#x1B[0m] 5GC_1 has successfully stopped
2026-06-23 03:20:21 [#x1B[32mINFO#x1B[0m] DU_1 has successfully stopped
2026-06-23 03:20:21 [#x1B[32mINFO#x1B[0m] DU_2 has successfully stopped
2026-06-23 03:20:21 [#x1B[32mINFO#x1B[0m] CU_1 has successfully stopped
2026-06-23 03:20:21 [#x1B[32mINFO#x1B[0m] UE_1 has successfully stopped
--------------------------------- Captured Out ---------------------------------

</system-out>
      <system-err>--------------------------------- Captured Err ---------------------------------

</system-err>
    </testcase>
    <testcase classname="tests.ue_simulator" name="test_cu_2du[functional.mobility.inter_du_ho.fr1_fr2]" time="507.485">
      <properties>
        <property name="markers" value="zmq_1cu2du;MVP-FUNC-MOB-2-a;MVP-FUNC-MOB-2-b;MVP-FUNC-MOB-2-c;DU-GEN-9" />
      </properties>
      <system-out>--------------------------------- Captured Log ---------------------------------
2026-06-23 03:21:18 [#x1B[32mINFO#x1B[0m] Setting PLMN to HPLMN of first UE. MCC=001 MNC=01
2026-06-23 03:21:19 [#x1B[32mINFO#x1B[0m] 5GC [123288638613280] started
2026-06-23 03:21:22 [#x1B[32mINFO#x1B[0m] CU [123288646792304] started
2026-06-23 03:21:25 [#x1B[32mINFO#x1B[0m] DU [123288638616640] started
2026-06-23 03:21:28 [#x1B[32mINFO#x1B[0m] DU [123288638615776] started
2026-06-23 03:21:30 [#x1B[32mINFO#x1B[0m] UE [123288646788512] started
2026-06-23 03:28:31 [#x1B[32mINFO#x1B[0m] UE_1 has stopped
2026-06-23 03:28:38 [#x1B[32mINFO#x1B[0m] DU_1 has stopped
2026-06-23 03:28:45 [#x1B[32mINFO#x1B[0m] DU_2 has stopped
2026-06-23 03:28:49 [#x1B[32mINFO#x1B[0m] CU has stopped
2026-06-23 03:28:49 [#x1B[32mINFO#x1B[0m] 5GC 1 has stopped
#x1B[3m                      Pass/Fail Criteria                       #x1B[0m
┏━━━━━━━━━━━━━━━━━━━━━━━━━━━━━━━━━━┳━━━━━━━━┳━━━━━━━━━━┳━━━━━━┓
┃#x1B[1m #x1B[0m#x1B[1mCriteria Name                   #x1B[0m#x1B[1m #x1B[0m┃#x1B[1m #x1B[0m#x1B[1mResult#x1B[0m#x1B[1m #x1B[0m┃#x1B[1m #x1B[0m#x1B[1mExpected#x1B[0m#x1B[1m #x1B[0m┃#x1B[1m #x1B[0m#x1B[1mPass#x1B[0m#x1B[1m #x1B[0m┃
┡━━━━━━━━━━━━━━━━━━━━━━━━━━━━━━━━━━╇━━━━━━━━╇━━━━━━━━━━╇━━━━━━┩
│#x1B[32m #x1B[0m#x1B[32mDL Bitrate                      #x1B[0m#x1B[32m #x1B[0m│#x1B[32m #x1B[0m#x1B[32m579.6K#x1B[0m#x1B[32m #x1B[0m│#x1B[32m #x1B[0m#x1B[32m   &gt; 0.0#x1B[0m#x1B[32m #x1B[0m│#x1B[32m #x1B[0m#x1B[32m ✅ #x1B[0m#x1B[32m #x1B[0m│
│#x1B[32m #x1B[0m#x1B[32mUL Bitrate                      #x1B[0m#x1B[32m #x1B[0m│#x1B[32m #x1B[0m#x1B[32m601.2K#x1B[0m#x1B[32m #x1B[0m│#x1B[32m #x1B[0m#x1B[32m   &gt; 0.0#x1B[0m#x1B[32m #x1B[0m│#x1B[32m #x1B[0m#x1B[32m ✅ #x1B[0m#x1B[32m #x1B[0m│
│#x1B[32m #x1B[0m#x1B[32mDL KOs                          #x1B[0m#x1B[32m #x1B[0m│#x1B[32m #x1B[0m#x1B[32m  54.0#x1B[0m#x1B[32m #x1B[0m│#x1B[32m #x1B[0m#x1B[32m&lt;= 300.0#x1B[0m#x1B[32m #x1B[0m│#x1B[32m #x1B[0m#x1B[32m ✅ #x1B[0m#x1B[32m #x1B[0m│
│#x1B[32m #x1B[0m#x1B[32mUL KOs                          #x1B[0m#x1B[32m #x1B[0m│#x1B[32m #x1B[0m#x1B[32m 106.0#x1B[0m#x1B[32m #x1B[0m│#x1B[32m #x1B[0m#x1B[32m&lt;= 300.0#x1B[0m#x1B[32m #x1B[0m│#x1B[32m #x1B[0m#x1B[32m ✅ #x1B[0m#x1B[32m #x1B[0m│
│#x1B[32m #x1B[0m#x1B[32mReestablishments                #x1B[0m#x1B[32m #x1B[0m│#x1B[32m #x1B[0m#x1B[32m   0.0#x1B[0m#x1B[32m #x1B[0m│#x1B[32m #x1B[0m#x1B[32m  == 0.0#x1B[0m#x1B[32m #x1B[0m│#x1B[32m #x1B[0m#x1B[32m ✅ #x1B[0m#x1B[32m #x1B[0m│
│#x1B[32m #x1B[0m#x1B[32mPDU Session Establishment Accept#x1B[0m#x1B[32m #x1B[0m│#x1B[32m #x1B[0m#x1B[32m   1.0#x1B[0m#x1B[32m #x1B[0m│#x1B[32m #x1B[0m#x1B[32m  == 1.0#x1B[0m#x1B[32m #x1B[0m│#x1B[32m #x1B[0m#x1B[32m ✅ #x1B[0m#x1B[32m #x1B[0m│
│#x1B[32m #x1B[0m#x1B[32mHandovers                       #x1B[0m#x1B[32m #x1B[0m│#x1B[32m #x1B[0m#x1B[32m  22.0#x1B[0m#x1B[32m #x1B[0m│#x1B[32m #x1B[0m#x1B[32m &gt;= 20.0#x1B[0m#x1B[32m #x1B[0m│#x1B[32m #x1B[0m#x1B[32m ✅ #x1B[0m#x1B[32m #x1B[0m│
│#x1B[32m #x1B[0m#x1B[32mError Indications               #x1B[0m#x1B[32m #x1B[0m│#x1B[32m #x1B[0m#x1B[32m   0.0#x1B[0m#x1B[32m #x1B[0m│#x1B[32m #x1B[0m#x1B[32m  &lt;= 0.0#x1B[0m#x1B[32m #x1B[0m│#x1B[32m #x1B[0m#x1B[32m ✅ #x1B[0m#x1B[32m #x1B[0m│
│#x1B[32m #x1B[0m#x1B[32mErrors                          #x1B[0m#x1B[32m #x1B[0m│#x1B[32m #x1B[0m#x1B[32m   0.0#x1B[0m#x1B[32m #x1B[0m│#x1B[32m #x1B[0m#x1B[32m  &lt;= 0.0#x1B[0m#x1B[32m #x1B[0m│#x1B[32m #x1B[0m#x1B[32m ✅ #x1B[0m#x1B[32m #x1B[0m│
│#x1B[32m #x1B[0m#x1B[32mWarnings                        #x1B[0m#x1B[32m #x1B[0m│#x1B[32m #x1B[0m#x1B[32m   0.0#x1B[0m#x1B[32m #x1B[0m│#x1B[32m #x1B[0m#x1B[32m  &lt;= 0.0#x1B[0m#x1B[32m #x1B[0m│#x1B[32m #x1B[0m#x1B[32m ✅ #x1B[0m#x1B[32m #x1B[0m│
└──────────────────────────────────┴────────┴──────────┴──────┘
2026-06-23 03:28:49 [#x1B[32mINFO#x1B[0m] 5GC_1 has successfully stopped
2026-06-23 03:28:49 [#x1B[32mINFO#x1B[0m] DU_1 has successfully stopped
2026-06-23 03:28:49 [#x1B[32mINFO#x1B[0m] DU_2 has successfully stopped
2026-06-23 03:28:49 [#x1B[32mINFO#x1B[0m] CU_1 has successfully stopped
2026-06-23 03:28:49 [#x1B[32mINFO#x1B[0m] UE_1 has successfully stopped
--------------------------------- Captured Out ---------------------------------

</system-out>
      <system-err>--------------------------------- Captured Err ---------------------------------

</system-err>
    </testcase>
  </testsuite>
  <testsuite name="pytest" errors="0" failures="0" skipped="0" tests="4" time="1891.450" timestamp="2026-06-23T03:30:46.940413+00:00" hostname="runner-4wlmwx7q6-project-8-concurrent-0-c98mp5q1">
    <testcase classname="tests.ue_simulator" name="test_gnb[functional.mobility.inter_ru_ho.conditional_ho]" time="399.875">
      <properties>
        <property name="markers" value="zmq_mme;MVP-FUNC-MOB-15" />
      </properties>
      <system-out>--------------------------------- Captured Log ---------------------------------
2026-06-23 03:31:08 [#x1B[32mINFO#x1B[0m] Setting PLMN to HPLMN of first UE. MCC=001 MNC=01
2026-06-23 03:31:09 [#x1B[32mINFO#x1B[0m] 5GC [136638686052720] started
2026-06-23 03:31:12 [#x1B[32mINFO#x1B[0m] GNB [136638692922704] started
2026-06-23 03:31:15 [#x1B[32mINFO#x1B[0m] UE [136638708572736] started
2026-06-23 03:36:48 [#x1B[32mINFO#x1B[0m] UE_1 has stopped
2026-06-23 03:37:09 [#x1B[32mINFO#x1B[0m] GNB_1 has stopped
2026-06-23 03:37:10 [#x1B[32mINFO#x1B[0m] 5GC 1 has stopped
#x1B[3m                      Pass/Fail Criteria                       #x1B[0m
┏━━━━━━━━━━━━━━━━━━━━━━━━━━━━━━━━━━┳━━━━━━━━┳━━━━━━━━━━┳━━━━━━┓
┃#x1B[1m #x1B[0m#x1B[1mCriteria Name                   #x1B[0m#x1B[1m #x1B[0m┃#x1B[1m #x1B[0m#x1B[1mResult#x1B[0m#x1B[1m #x1B[0m┃#x1B[1m #x1B[0m#x1B[1mExpected#x1B[0m#x1B[1m #x1B[0m┃#x1B[1m #x1B[0m#x1B[1mPass#x1B[0m#x1B[1m #x1B[0m┃
┡━━━━━━━━━━━━━━━━━━━━━━━━━━━━━━━━━━╇━━━━━━━━╇━━━━━━━━━━╇━━━━━━┩
│#x1B[32m #x1B[0m#x1B[32mDL Bitrate                      #x1B[0m#x1B[32m #x1B[0m│#x1B[32m #x1B[0m#x1B[32m  1.2M#x1B[0m#x1B[32m #x1B[0m│#x1B[32m #x1B[0m#x1B[32m   &gt; 0.0#x1B[0m#x1B[32m #x1B[0m│#x1B[32m #x1B[0m#x1B[32m ✅ #x1B[0m#x1B[32m #x1B[0m│
│#x1B[32m #x1B[0m#x1B[32mUL Bitrate                      #x1B[0m#x1B[32m #x1B[0m│#x1B[32m #x1B[0m#x1B[32m  1.2M#x1B[0m#x1B[32m #x1B[0m│#x1B[32m #x1B[0m#x1B[32m   &gt; 0.0#x1B[0m#x1B[32m #x1B[0m│#x1B[32m #x1B[0m#x1B[32m ✅ #x1B[0m#x1B[32m #x1B[0m│
│#x1B[32m #x1B[0m#x1B[32mDL KOs                          #x1B[0m#x1B[32m #x1B[0m│#x1B[32m #x1B[0m#x1B[32m 146.0#x1B[0m#x1B[32m #x1B[0m│#x1B[32m #x1B[0m#x1B[32m&lt;= 200.0#x1B[0m#x1B[32m #x1B[0m│#x1B[32m #x1B[0m#x1B[32m ✅ #x1B[0m#x1B[32m #x1B[0m│
│#x1B[32m #x1B[0m#x1B[32mUL KOs                          #x1B[0m#x1B[32m #x1B[0m│#x1B[32m #x1B[0m#x1B[32m  43.0#x1B[0m#x1B[32m #x1B[0m│#x1B[32m #x1B[0m#x1B[32m&lt;= 200.0#x1B[0m#x1B[32m #x1B[0m│#x1B[32m #x1B[0m#x1B[32m ✅ #x1B[0m#x1B[32m #x1B[0m│
│#x1B[32m #x1B[0m#x1B[32mReestablishments                #x1B[0m#x1B[32m #x1B[0m│#x1B[32m #x1B[0m#x1B[32m   0.0#x1B[0m#x1B[32m #x1B[0m│#x1B[32m #x1B[0m#x1B[32m  == 0.0#x1B[0m#x1B[32m #x1B[0m│#x1B[32m #x1B[0m#x1B[32m ✅ #x1B[0m#x1B[32m #x1B[0m│
│#x1B[32m #x1B[0m#x1B[32mPDU Session Establishment Accept#x1B[0m#x1B[32m #x1B[0m│#x1B[32m #x1B[0m#x1B[32m   1.0#x1B[0m#x1B[32m #x1B[0m│#x1B[32m #x1B[0m#x1B[32m  == 1.0#x1B[0m#x1B[32m #x1B[0m│#x1B[32m #x1B[0m#x1B[32m ✅ #x1B[0m#x1B[32m #x1B[0m│
│#x1B[32m #x1B[0m#x1B[32mHandovers                       #x1B[0m#x1B[32m #x1B[0m│#x1B[32m #x1B[0m#x1B[32m  22.0#x1B[0m#x1B[32m #x1B[0m│#x1B[32m #x1B[0m#x1B[32m &gt;= 20.0#x1B[0m#x1B[32m #x1B[0m│#x1B[32m #x1B[0m#x1B[32m ✅ #x1B[0m#x1B[32m #x1B[0m│
│#x1B[32m #x1B[0m#x1B[32mError Indications               #x1B[0m#x1B[32m #x1B[0m│#x1B[32m #x1B[0m#x1B[32m   0.0#x1B[0m#x1B[32m #x1B[0m│#x1B[32m #x1B[0m#x1B[32m  &lt;= 0.0#x1B[0m#x1B[32m #x1B[0m│#x1B[32m #x1B[0m#x1B[32m ✅ #x1B[0m#x1B[32m #x1B[0m│
│#x1B[32m #x1B[0m#x1B[32mErrors                          #x1B[0m#x1B[32m #x1B[0m│#x1B[32m #x1B[0m#x1B[32m   0.0#x1B[0m#x1B[32m #x1B[0m│#x1B[32m #x1B[0m#x1B[32m  &lt;= 0.0#x1B[0m#x1B[32m #x1B[0m│#x1B[32m #x1B[0m#x1B[32m ✅ #x1B[0m#x1B[32m #x1B[0m│
│#x1B[32m #x1B[0m#x1B[32mWarnings                        #x1B[0m#x1B[32m #x1B[0m│#x1B[32m #x1B[0m#x1B[32m   0.0#x1B[0m#x1B[32m #x1B[0m│#x1B[32m #x1B[0m#x1B[32m  &lt;= 0.0#x1B[0m#x1B[32m #x1B[0m│#x1B[32m #x1B[0m#x1B[32m ✅ #x1B[0m#x1B[32m #x1B[0m│
└──────────────────────────────────┴────────┴──────────┴──────┘
2026-06-23 03:37:10 [#x1B[32mINFO#x1B[0m] 5GC_1 has successfully stopped
2026-06-23 03:37:10 [#x1B[32mINFO#x1B[0m] GNB_1 has successfully stopped
2026-06-23 03:37:10 [#x1B[32mINFO#x1B[0m] UE_1 has successfully stopped
--------------------------------- Captured Out ---------------------------------

</system-out>
      <system-err>--------------------------------- Captured Err ---------------------------------

</system-err>
    </testcase>
    <testcase classname="tests.ue_simulator" name="test_gnb[functional.mobility.inter_ru_ho.baseline]" time="408.090">
      <properties>
        <property name="markers" value="zmq_mme;MVP-FUNC-MOB-1-b;MVP-FUNC-MOB-9;MVP-FUNC-MOB-14;MVP-FUNC-BAS-16-2;DU-GEN-2-a;CU-GEN-5" />
      </properties>
      <system-out>--------------------------------- Captured Log ---------------------------------
2026-06-23 03:37:58 [#x1B[32mINFO#x1B[0m] Setting PLMN to HPLMN of first UE. MCC=001 MNC=01
2026-06-23 03:37:59 [#x1B[32mINFO#x1B[0m] 5GC [136638698092592] started
2026-06-23 03:38:02 [#x1B[32mINFO#x1B[0m] GNB [136638698082992] started
2026-06-23 03:38:04 [#x1B[32mINFO#x1B[0m] UE [136638686057808] started
2026-06-23 03:43:32 [#x1B[32mINFO#x1B[0m] UE_1 has stopped
2026-06-23 03:43:56 [#x1B[32mINFO#x1B[0m] GNB_1 has stopped
2026-06-23 03:43:57 [#x1B[32mINFO#x1B[0m] 5GC 1 has stopped
#x1B[3m                      Pass/Fail Criteria                       #x1B[0m
┏━━━━━━━━━━━━━━━━━━━━━━━━━━━━━━━━━━┳━━━━━━━━┳━━━━━━━━━━┳━━━━━━┓
┃#x1B[1m #x1B[0m#x1B[1mCriteria Name                   #x1B[0m#x1B[1m #x1B[0m┃#x1B[1m #x1B[0m#x1B[1mResult#x1B[0m#x1B[1m #x1B[0m┃#x1B[1m #x1B[0m#x1B[1mExpected#x1B[0m#x1B[1m #x1B[0m┃#x1B[1m #x1B[0m#x1B[1mPass#x1B[0m#x1B[1m #x1B[0m┃
┡━━━━━━━━━━━━━━━━━━━━━━━━━━━━━━━━━━╇━━━━━━━━╇━━━━━━━━━━╇━━━━━━┩
│#x1B[32m #x1B[0m#x1B[32mDL Bitrate                      #x1B[0m#x1B[32m #x1B[0m│#x1B[32m #x1B[0m#x1B[32m  1.2M#x1B[0m#x1B[32m #x1B[0m│#x1B[32m #x1B[0m#x1B[32m   &gt; 0.0#x1B[0m#x1B[32m #x1B[0m│#x1B[32m #x1B[0m#x1B[32m ✅ #x1B[0m#x1B[32m #x1B[0m│
│#x1B[32m #x1B[0m#x1B[32mUL Bitrate                      #x1B[0m#x1B[32m #x1B[0m│#x1B[32m #x1B[0m#x1B[32m  1.2M#x1B[0m#x1B[32m #x1B[0m│#x1B[32m #x1B[0m#x1B[32m   &gt; 0.0#x1B[0m#x1B[32m #x1B[0m│#x1B[32m #x1B[0m#x1B[32m ✅ #x1B[0m#x1B[32m #x1B[0m│
│#x1B[32m #x1B[0m#x1B[32mDL KOs                          #x1B[0m#x1B[32m #x1B[0m│#x1B[32m #x1B[0m#x1B[32m   0.0#x1B[0m#x1B[32m #x1B[0m│#x1B[32m #x1B[0m#x1B[32m&lt;= 200.0#x1B[0m#x1B[32m #x1B[0m│#x1B[32m #x1B[0m#x1B[32m ✅ #x1B[0m#x1B[32m #x1B[0m│
│#x1B[32m #x1B[0m#x1B[32mUL KOs                          #x1B[0m#x1B[32m #x1B[0m│#x1B[32m #x1B[0m#x1B[32m  66.0#x1B[0m#x1B[32m #x1B[0m│#x1B[32m #x1B[0m#x1B[32m&lt;= 200.0#x1B[0m#x1B[32m #x1B[0m│#x1B[32m #x1B[0m#x1B[32m ✅ #x1B[0m#x1B[32m #x1B[0m│
│#x1B[32m #x1B[0m#x1B[32mReestablishments                #x1B[0m#x1B[32m #x1B[0m│#x1B[32m #x1B[0m#x1B[32m   0.0#x1B[0m#x1B[32m #x1B[0m│#x1B[32m #x1B[0m#x1B[32m  == 0.0#x1B[0m#x1B[32m #x1B[0m│#x1B[32m #x1B[0m#x1B[32m ✅ #x1B[0m#x1B[32m #x1B[0m│
│#x1B[32m #x1B[0m#x1B[32mPDU Session Establishment Accept#x1B[0m#x1B[32m #x1B[0m│#x1B[32m #x1B[0m#x1B[32m   1.0#x1B[0m#x1B[32m #x1B[0m│#x1B[32m #x1B[0m#x1B[32m  == 1.0#x1B[0m#x1B[32m #x1B[0m│#x1B[32m #x1B[0m#x1B[32m ✅ #x1B[0m#x1B[32m #x1B[0m│
│#x1B[32m #x1B[0m#x1B[32mHandovers                       #x1B[0m#x1B[32m #x1B[0m│#x1B[32m #x1B[0m#x1B[32m  22.0#x1B[0m#x1B[32m #x1B[0m│#x1B[32m #x1B[0m#x1B[32m &gt;= 20.0#x1B[0m#x1B[32m #x1B[0m│#x1B[32m #x1B[0m#x1B[32m ✅ #x1B[0m#x1B[32m #x1B[0m│
│#x1B[32m #x1B[0m#x1B[32mError Indications               #x1B[0m#x1B[32m #x1B[0m│#x1B[32m #x1B[0m#x1B[32m   0.0#x1B[0m#x1B[32m #x1B[0m│#x1B[32m #x1B[0m#x1B[32m  &lt;= 0.0#x1B[0m#x1B[32m #x1B[0m│#x1B[32m #x1B[0m#x1B[32m ✅ #x1B[0m#x1B[32m #x1B[0m│
│#x1B[32m #x1B[0m#x1B[32mErrors                          #x1B[0m#x1B[32m #x1B[0m│#x1B[32m #x1B[0m#x1B[32m   0.0#x1B[0m#x1B[32m #x1B[0m│#x1B[32m #x1B[0m#x1B[32m  &lt;= 0.0#x1B[0m#x1B[32m #x1B[0m│#x1B[32m #x1B[0m#x1B[32m ✅ #x1B[0m#x1B[32m #x1B[0m│
│#x1B[32m #x1B[0m#x1B[32mWarnings                        #x1B[0m#x1B[32m #x1B[0m│#x1B[32m #x1B[0m#x1B[32m   0.0#x1B[0m#x1B[32m #x1B[0m│#x1B[32m #x1B[0m#x1B[32m  &lt;= 0.0#x1B[0m#x1B[32m #x1B[0m│#x1B[32m #x1B[0m#x1B[32m ✅ #x1B[0m#x1B[32m #x1B[0m│
│#x1B[32m #x1B[0m#x1B[32mT312 Duration Enum              #x1B[0m#x1B[32m #x1B[0m│#x1B[32m #x1B[0m#x1B[32m   3.0#x1B[0m#x1B[32m #x1B[0m│#x1B[32m #x1B[0m#x1B[32m  == 3.0#x1B[0m#x1B[32m #x1B[0m│#x1B[32m #x1B[0m#x1B[32m ✅ #x1B[0m#x1B[32m #x1B[0m│
│#x1B[32m #x1B[0m#x1B[32mSIB3 Transmissions              #x1B[0m#x1B[32m #x1B[0m│#x1B[32m #x1B[0m#x1B[32m   2.0#x1B[0m#x1B[32m #x1B[0m│#x1B[32m #x1B[0m#x1B[32m  &gt;= 1.0#x1B[0m#x1B[32m #x1B[0m│#x1B[32m #x1B[0m#x1B[32m ✅ #x1B[0m#x1B[32m #x1B[0m│
│#x1B[32m #x1B[0m#x1B[32mSIB4 Transmissions              #x1B[0m#x1B[32m #x1B[0m│#x1B[32m #x1B[0m#x1B[32m   2.0#x1B[0m#x1B[32m #x1B[0m│#x1B[32m #x1B[0m#x1B[32m  &gt;= 1.0#x1B[0m#x1B[32m #x1B[0m│#x1B[32m #x1B[0m#x1B[32m ✅ #x1B[0m#x1B[32m #x1B[0m│
└──────────────────────────────────┴────────┴──────────┴──────┘
2026-06-23 03:43:57 [#x1B[32mINFO#x1B[0m] 5GC_1 has successfully stopped
2026-06-23 03:43:57 [#x1B[32mINFO#x1B[0m] GNB_1 has successfully stopped
2026-06-23 03:43:57 [#x1B[32mINFO#x1B[0m] UE_1 has successfully stopped
--------------------------------- Captured Out ---------------------------------

</system-out>
      <system-err>--------------------------------- Captured Err ---------------------------------

</system-err>
    </testcase>
    <testcase classname="tests.ue_simulator" name="test_gnb[functional.mobility.inter_ru_ho.fr2]" time="671.868">
      <properties>
        <property name="markers" value="zmq_mme;MVP-FUNC-MOB-1-b" />
      </properties>
      <system-out>--------------------------------- Captured Log ---------------------------------
2026-06-23 03:44:46 [#x1B[32mINFO#x1B[0m] Setting PLMN to HPLMN of first UE. MCC=001 MNC=01
2026-06-23 03:44:47 [#x1B[32mINFO#x1B[0m] 5GC [136638687155584] started
2026-06-23 03:44:50 [#x1B[32mINFO#x1B[0m] GNB [136638687155248] started
2026-06-23 03:44:52 [#x1B[32mINFO#x1B[0m] UE [136638692922224] started
2026-06-23 03:54:25 [#x1B[32mINFO#x1B[0m] UE_1 has stopped
2026-06-23 03:54:59 [#x1B[32mINFO#x1B[0m] GNB_1 has stopped
2026-06-23 03:54:59 [#x1B[32mINFO#x1B[0m] 5GC 1 has stopped
#x1B[3m                      Pass/Fail Criteria                       #x1B[0m
┏━━━━━━━━━━━━━━━━━━━━━━━━━━━━━━━━━━┳━━━━━━━━┳━━━━━━━━━━┳━━━━━━┓
┃#x1B[1m #x1B[0m#x1B[1mCriteria Name                   #x1B[0m#x1B[1m #x1B[0m┃#x1B[1m #x1B[0m#x1B[1mResult#x1B[0m#x1B[1m #x1B[0m┃#x1B[1m #x1B[0m#x1B[1mExpected#x1B[0m#x1B[1m #x1B[0m┃#x1B[1m #x1B[0m#x1B[1mPass#x1B[0m#x1B[1m #x1B[0m┃
┡━━━━━━━━━━━━━━━━━━━━━━━━━━━━━━━━━━╇━━━━━━━━╇━━━━━━━━━━╇━━━━━━┩
│#x1B[32m #x1B[0m#x1B[32mDL Bitrate                      #x1B[0m#x1B[32m #x1B[0m│#x1B[32m #x1B[0m#x1B[32m  1.6M#x1B[0m#x1B[32m #x1B[0m│#x1B[32m #x1B[0m#x1B[32m   &gt; 0.0#x1B[0m#x1B[32m #x1B[0m│#x1B[32m #x1B[0m#x1B[32m ✅ #x1B[0m#x1B[32m #x1B[0m│
│#x1B[32m #x1B[0m#x1B[32mUL Bitrate                      #x1B[0m#x1B[32m #x1B[0m│#x1B[32m #x1B[0m#x1B[32m  1.2M#x1B[0m#x1B[32m #x1B[0m│#x1B[32m #x1B[0m#x1B[32m   &gt; 0.0#x1B[0m#x1B[32m #x1B[0m│#x1B[32m #x1B[0m#x1B[32m ✅ #x1B[0m#x1B[32m #x1B[0m│
│#x1B[32m #x1B[0m#x1B[32mDL KOs                          #x1B[0m#x1B[32m #x1B[0m│#x1B[32m #x1B[0m#x1B[32m  26.0#x1B[0m#x1B[32m #x1B[0m│#x1B[32m #x1B[0m#x1B[32m&lt;= 200.0#x1B[0m#x1B[32m #x1B[0m│#x1B[32m #x1B[0m#x1B[32m ✅ #x1B[0m#x1B[32m #x1B[0m│
│#x1B[32m #x1B[0m#x1B[32mUL KOs                          #x1B[0m#x1B[32m #x1B[0m│#x1B[32m #x1B[0m#x1B[32m  37.0#x1B[0m#x1B[32m #x1B[0m│#x1B[32m #x1B[0m#x1B[32m&lt;= 200.0#x1B[0m#x1B[32m #x1B[0m│#x1B[32m #x1B[0m#x1B[32m ✅ #x1B[0m#x1B[32m #x1B[0m│
│#x1B[32m #x1B[0m#x1B[32mReestablishments                #x1B[0m#x1B[32m #x1B[0m│#x1B[32m #x1B[0m#x1B[32m   0.0#x1B[0m#x1B[32m #x1B[0m│#x1B[32m #x1B[0m#x1B[32m  == 0.0#x1B[0m#x1B[32m #x1B[0m│#x1B[32m #x1B[0m#x1B[32m ✅ #x1B[0m#x1B[32m #x1B[0m│
│#x1B[32m #x1B[0m#x1B[32mPDU Session Establishment Accept#x1B[0m#x1B[32m #x1B[0m│#x1B[32m #x1B[0m#x1B[32m   1.0#x1B[0m#x1B[32m #x1B[0m│#x1B[32m #x1B[0m#x1B[32m  == 1.0#x1B[0m#x1B[32m #x1B[0m│#x1B[32m #x1B[0m#x1B[32m ✅ #x1B[0m#x1B[32m #x1B[0m│
│#x1B[32m #x1B[0m#x1B[32mHandovers                       #x1B[0m#x1B[32m #x1B[0m│#x1B[32m #x1B[0m#x1B[32m  22.0#x1B[0m#x1B[32m #x1B[0m│#x1B[32m #x1B[0m#x1B[32m &gt;= 20.0#x1B[0m#x1B[32m #x1B[0m│#x1B[32m #x1B[0m#x1B[32m ✅ #x1B[0m#x1B[32m #x1B[0m│
│#x1B[32m #x1B[0m#x1B[32mError Indications               #x1B[0m#x1B[32m #x1B[0m│#x1B[32m #x1B[0m#x1B[32m   0.0#x1B[0m#x1B[32m #x1B[0m│#x1B[32m #x1B[0m#x1B[32m  &lt;= 0.0#x1B[0m#x1B[32m #x1B[0m│#x1B[32m #x1B[0m#x1B[32m ✅ #x1B[0m#x1B[32m #x1B[0m│
│#x1B[32m #x1B[0m#x1B[32mErrors                          #x1B[0m#x1B[32m #x1B[0m│#x1B[32m #x1B[0m#x1B[32m   0.0#x1B[0m#x1B[32m #x1B[0m│#x1B[32m #x1B[0m#x1B[32m  &lt;= 0.0#x1B[0m#x1B[32m #x1B[0m│#x1B[32m #x1B[0m#x1B[32m ✅ #x1B[0m#x1B[32m #x1B[0m│
│#x1B[32m #x1B[0m#x1B[32mWarnings                        #x1B[0m#x1B[32m #x1B[0m│#x1B[32m #x1B[0m#x1B[32m   0.0#x1B[0m#x1B[32m #x1B[0m│#x1B[32m #x1B[0m#x1B[32m  &lt;= 0.0#x1B[0m#x1B[32m #x1B[0m│#x1B[32m #x1B[0m#x1B[32m ✅ #x1B[0m#x1B[32m #x1B[0m│
│#x1B[32m #x1B[0m#x1B[32mT312 Duration Enum              #x1B[0m#x1B[32m #x1B[0m│#x1B[32m #x1B[0m#x1B[32m   3.0#x1B[0m#x1B[32m #x1B[0m│#x1B[32m #x1B[0m#x1B[32m  == 3.0#x1B[0m#x1B[32m #x1B[0m│#x1B[32m #x1B[0m#x1B[32m ✅ #x1B[0m#x1B[32m #x1B[0m│
│#x1B[32m #x1B[0m#x1B[32mSIB3 Transmissions              #x1B[0m#x1B[32m #x1B[0m│#x1B[32m #x1B[0m#x1B[32m   2.0#x1B[0m#x1B[32m #x1B[0m│#x1B[32m #x1B[0m#x1B[32m  &gt;= 1.0#x1B[0m#x1B[32m #x1B[0m│#x1B[32m #x1B[0m#x1B[32m ✅ #x1B[0m#x1B[32m #x1B[0m│
│#x1B[32m #x1B[0m#x1B[32mSIB4 Transmissions              #x1B[0m#x1B[32m #x1B[0m│#x1B[32m #x1B[0m#x1B[32m   2.0#x1B[0m#x1B[32m #x1B[0m│#x1B[32m #x1B[0m#x1B[32m  &gt;= 1.0#x1B[0m#x1B[32m #x1B[0m│#x1B[32m #x1B[0m#x1B[32m ✅ #x1B[0m#x1B[32m #x1B[0m│
└──────────────────────────────────┴────────┴──────────┴──────┘
2026-06-23 03:54:59 [#x1B[32mINFO#x1B[0m] 5GC_1 has successfully stopped
2026-06-23 03:54:59 [#x1B[32mINFO#x1B[0m] GNB_1 has successfully stopped
2026-06-23 03:54:59 [#x1B[32mINFO#x1B[0m] UE_1 has successfully stopped
--------------------------------- Captured Out ---------------------------------

</system-out>
      <system-err>--------------------------------- Captured Err ---------------------------------

</system-err>
    </testcase>
    <testcase classname="tests.ue_simulator" name="test_gnb[functional.mobility.inter_ru_ho.cfra_ho]" time="410.139">
      <properties>
        <property name="markers" value="zmq_mme;DU-GEN-2-b" />
      </properties>
      <system-out>--------------------------------- Captured Log ---------------------------------
2026-06-23 03:55:58 [#x1B[32mINFO#x1B[0m] Setting PLMN to HPLMN of first UE. MCC=001 MNC=01
2026-06-23 03:55:59 [#x1B[32mINFO#x1B[0m] 5GC [136638693350032] started
2026-06-23 03:56:02 [#x1B[32mINFO#x1B[0m] GNB [136638688330912] started
2026-06-23 03:56:05 [#x1B[32mINFO#x1B[0m] UE [136638694036960] started
2026-06-23 04:01:35 [#x1B[32mINFO#x1B[0m] UE_1 has stopped
2026-06-23 04:01:58 [#x1B[32mINFO#x1B[0m] GNB_1 has stopped
2026-06-23 04:01:59 [#x1B[32mINFO#x1B[0m] 5GC 1 has stopped
#x1B[3m                      Pass/Fail Criteria                       #x1B[0m
┏━━━━━━━━━━━━━━━━━━━━━━━━━━━━━━━━━━┳━━━━━━━━┳━━━━━━━━━━┳━━━━━━┓
┃#x1B[1m #x1B[0m#x1B[1mCriteria Name                   #x1B[0m#x1B[1m #x1B[0m┃#x1B[1m #x1B[0m#x1B[1mResult#x1B[0m#x1B[1m #x1B[0m┃#x1B[1m #x1B[0m#x1B[1mExpected#x1B[0m#x1B[1m #x1B[0m┃#x1B[1m #x1B[0m#x1B[1mPass#x1B[0m#x1B[1m #x1B[0m┃
┡━━━━━━━━━━━━━━━━━━━━━━━━━━━━━━━━━━╇━━━━━━━━╇━━━━━━━━━━╇━━━━━━┩
│#x1B[32m #x1B[0m#x1B[32mDL Bitrate                      #x1B[0m#x1B[32m #x1B[0m│#x1B[32m #x1B[0m#x1B[32m  1.2M#x1B[0m#x1B[32m #x1B[0m│#x1B[32m #x1B[0m#x1B[32m   &gt; 0.0#x1B[0m#x1B[32m #x1B[0m│#x1B[32m #x1B[0m#x1B[32m ✅ #x1B[0m#x1B[32m #x1B[0m│
│#x1B[32m #x1B[0m#x1B[32mUL Bitrate                      #x1B[0m#x1B[32m #x1B[0m│#x1B[32m #x1B[0m#x1B[32m  1.2M#x1B[0m#x1B[32m #x1B[0m│#x1B[32m #x1B[0m#x1B[32m   &gt; 0.0#x1B[0m#x1B[32m #x1B[0m│#x1B[32m #x1B[0m#x1B[32m ✅ #x1B[0m#x1B[32m #x1B[0m│
│#x1B[32m #x1B[0m#x1B[32mDL KOs                          #x1B[0m#x1B[32m #x1B[0m│#x1B[32m #x1B[0m#x1B[32m   0.0#x1B[0m#x1B[32m #x1B[0m│#x1B[32m #x1B[0m#x1B[32m&lt;= 200.0#x1B[0m#x1B[32m #x1B[0m│#x1B[32m #x1B[0m#x1B[32m ✅ #x1B[0m#x1B[32m #x1B[0m│
│#x1B[32m #x1B[0m#x1B[32mUL KOs                          #x1B[0m#x1B[32m #x1B[0m│#x1B[32m #x1B[0m#x1B[32m  78.0#x1B[0m#x1B[32m #x1B[0m│#x1B[32m #x1B[0m#x1B[32m&lt;= 200.0#x1B[0m#x1B[32m #x1B[0m│#x1B[32m #x1B[0m#x1B[32m ✅ #x1B[0m#x1B[32m #x1B[0m│
│#x1B[32m #x1B[0m#x1B[32mReestablishments                #x1B[0m#x1B[32m #x1B[0m│#x1B[32m #x1B[0m#x1B[32m   0.0#x1B[0m#x1B[32m #x1B[0m│#x1B[32m #x1B[0m#x1B[32m  == 0.0#x1B[0m#x1B[32m #x1B[0m│#x1B[32m #x1B[0m#x1B[32m ✅ #x1B[0m#x1B[32m #x1B[0m│
│#x1B[32m #x1B[0m#x1B[32mPDU Session Establishment Accept#x1B[0m#x1B[32m #x1B[0m│#x1B[32m #x1B[0m#x1B[32m   1.0#x1B[0m#x1B[32m #x1B[0m│#x1B[32m #x1B[0m#x1B[32m  == 1.0#x1B[0m#x1B[32m #x1B[0m│#x1B[32m #x1B[0m#x1B[32m ✅ #x1B[0m#x1B[32m #x1B[0m│
│#x1B[32m #x1B[0m#x1B[32mHandovers                       #x1B[0m#x1B[32m #x1B[0m│#x1B[32m #x1B[0m#x1B[32m  22.0#x1B[0m#x1B[32m #x1B[0m│#x1B[32m #x1B[0m#x1B[32m &gt;= 20.0#x1B[0m#x1B[32m #x1B[0m│#x1B[32m #x1B[0m#x1B[32m ✅ #x1B[0m#x1B[32m #x1B[0m│
│#x1B[32m #x1B[0m#x1B[32mError Indications               #x1B[0m#x1B[32m #x1B[0m│#x1B[32m #x1B[0m#x1B[32m   0.0#x1B[0m#x1B[32m #x1B[0m│#x1B[32m #x1B[0m#x1B[32m  &lt;= 0.0#x1B[0m#x1B[32m #x1B[0m│#x1B[32m #x1B[0m#x1B[32m ✅ #x1B[0m#x1B[32m #x1B[0m│
│#x1B[32m #x1B[0m#x1B[32mErrors                          #x1B[0m#x1B[32m #x1B[0m│#x1B[32m #x1B[0m#x1B[32m   0.0#x1B[0m#x1B[32m #x1B[0m│#x1B[32m #x1B[0m#x1B[32m  &lt;= 0.0#x1B[0m#x1B[32m #x1B[0m│#x1B[32m #x1B[0m#x1B[32m ✅ #x1B[0m#x1B[32m #x1B[0m│
│#x1B[32m #x1B[0m#x1B[32mWarnings                        #x1B[0m#x1B[32m #x1B[0m│#x1B[32m #x1B[0m#x1B[32m   0.0#x1B[0m#x1B[32m #x1B[0m│#x1B[32m #x1B[0m#x1B[32m  &lt;= 0.0#x1B[0m#x1B[32m #x1B[0m│#x1B[32m #x1B[0m#x1B[32m ✅ #x1B[0m#x1B[32m #x1B[0m│
└──────────────────────────────────┴────────┴──────────┴──────┘
2026-06-23 04:01:59 [#x1B[32mINFO#x1B[0m] 5GC_1 has successfully stopped
2026-06-23 04:01:59 [#x1B[32mINFO#x1B[0m] GNB_1 has successfully stopped
2026-06-23 04:01:59 [#x1B[32mINFO#x1B[0m] UE_1 has successfully stopped
--------------------------------- Captured Out ---------------------------------

</system-out>
      <system-err>--------------------------------- Captured Err ---------------------------------

</system-err>
    </testcase>
  </testsuite>
  <testsuite name="pytest" errors="0" failures="0" skipped="0" tests="3" time="260.870" timestamp="2026-06-23T04:03:59.412022+00:00" hostname="runner-4wlmwx7q6-project-8-concurrent-0-jlpm6gng">
    <testcase classname="tests.ue_simulator" name="test_gnb[functional.mobility.intra_ru_ho.key_regen]" time="83.914">
      <properties>
        <property name="markers" value="zmq_mme;MVP-FUNC-MOB-1-a" />
      </properties>
      <system-out>--------------------------------- Captured Log ---------------------------------
2026-06-23 04:04:21 [#x1B[32mINFO#x1B[0m] Setting PLMN to HPLMN of first UE. MCC=001 MNC=01
2026-06-23 04:04:22 [#x1B[32mINFO#x1B[0m] 5GC [140508691089312] started
2026-06-23 04:04:25 [#x1B[32mINFO#x1B[0m] GNB [140508684479488] started
2026-06-23 04:04:26 [#x1B[32mINFO#x1B[0m] UE [140508684311616] started
2026-06-23 04:05:16 [#x1B[32mINFO#x1B[0m] UE_1 has stopped
2026-06-23 04:05:21 [#x1B[32mINFO#x1B[0m] GNB_1 has stopped
2026-06-23 04:05:22 [#x1B[32mINFO#x1B[0m] 5GC 1 has stopped
#x1B[3m                      Pass/Fail Criteria                       #x1B[0m
┏━━━━━━━━━━━━━━━━━━━━━━━━━━━━━━━━━━┳━━━━━━━━┳━━━━━━━━━━┳━━━━━━┓
┃#x1B[1m #x1B[0m#x1B[1mCriteria Name                   #x1B[0m#x1B[1m #x1B[0m┃#x1B[1m #x1B[0m#x1B[1mResult#x1B[0m#x1B[1m #x1B[0m┃#x1B[1m #x1B[0m#x1B[1mExpected#x1B[0m#x1B[1m #x1B[0m┃#x1B[1m #x1B[0m#x1B[1mPass#x1B[0m#x1B[1m #x1B[0m┃
┡━━━━━━━━━━━━━━━━━━━━━━━━━━━━━━━━━━╇━━━━━━━━╇━━━━━━━━━━╇━━━━━━┩
│#x1B[32m #x1B[0m#x1B[32mDL Bitrate                      #x1B[0m#x1B[32m #x1B[0m│#x1B[32m #x1B[0m#x1B[32m 62.5K#x1B[0m#x1B[32m #x1B[0m│#x1B[32m #x1B[0m#x1B[32m   &gt; 0.0#x1B[0m#x1B[32m #x1B[0m│#x1B[32m #x1B[0m#x1B[32m ✅ #x1B[0m#x1B[32m #x1B[0m│
│#x1B[32m #x1B[0m#x1B[32mUL Bitrate                      #x1B[0m#x1B[32m #x1B[0m│#x1B[32m #x1B[0m#x1B[32m 28.3K#x1B[0m#x1B[32m #x1B[0m│#x1B[32m #x1B[0m#x1B[32m   &gt; 0.0#x1B[0m#x1B[32m #x1B[0m│#x1B[32m #x1B[0m#x1B[32m ✅ #x1B[0m#x1B[32m #x1B[0m│
│#x1B[32m #x1B[0m#x1B[32mDL KOs                          #x1B[0m#x1B[32m #x1B[0m│#x1B[32m #x1B[0m#x1B[32m   1.0#x1B[0m#x1B[32m #x1B[0m│#x1B[32m #x1B[0m#x1B[32m &lt;= 20.0#x1B[0m#x1B[32m #x1B[0m│#x1B[32m #x1B[0m#x1B[32m ✅ #x1B[0m#x1B[32m #x1B[0m│
│#x1B[32m #x1B[0m#x1B[32mUL KOs                          #x1B[0m#x1B[32m #x1B[0m│#x1B[32m #x1B[0m#x1B[32m   3.0#x1B[0m#x1B[32m #x1B[0m│#x1B[32m #x1B[0m#x1B[32m &lt;= 20.0#x1B[0m#x1B[32m #x1B[0m│#x1B[32m #x1B[0m#x1B[32m ✅ #x1B[0m#x1B[32m #x1B[0m│
│#x1B[32m #x1B[0m#x1B[32mHandovers                       #x1B[0m#x1B[32m #x1B[0m│#x1B[32m #x1B[0m#x1B[32m   1.0#x1B[0m#x1B[32m #x1B[0m│#x1B[32m #x1B[0m#x1B[32m  == 1.0#x1B[0m#x1B[32m #x1B[0m│#x1B[32m #x1B[0m#x1B[32m ✅ #x1B[0m#x1B[32m #x1B[0m│
│#x1B[32m #x1B[0m#x1B[32mReestablishments                #x1B[0m#x1B[32m #x1B[0m│#x1B[32m #x1B[0m#x1B[32m   0.0#x1B[0m#x1B[32m #x1B[0m│#x1B[32m #x1B[0m#x1B[32m  == 0.0#x1B[0m#x1B[32m #x1B[0m│#x1B[32m #x1B[0m#x1B[32m ✅ #x1B[0m#x1B[32m #x1B[0m│
│#x1B[32m #x1B[0m#x1B[32mError Indications               #x1B[0m#x1B[32m #x1B[0m│#x1B[32m #x1B[0m#x1B[32m   0.0#x1B[0m#x1B[32m #x1B[0m│#x1B[32m #x1B[0m#x1B[32m  &lt;= 0.0#x1B[0m#x1B[32m #x1B[0m│#x1B[32m #x1B[0m#x1B[32m ✅ #x1B[0m#x1B[32m #x1B[0m│
│#x1B[32m #x1B[0m#x1B[32mPDU Session Establishment Accept#x1B[0m#x1B[32m #x1B[0m│#x1B[32m #x1B[0m#x1B[32m  26.0#x1B[0m#x1B[32m #x1B[0m│#x1B[32m #x1B[0m#x1B[32m &gt;= 25.0#x1B[0m#x1B[32m #x1B[0m│#x1B[32m #x1B[0m#x1B[32m ✅ #x1B[0m#x1B[32m #x1B[0m│
│#x1B[32m #x1B[0m#x1B[32mErrors                          #x1B[0m#x1B[32m #x1B[0m│#x1B[32m #x1B[0m#x1B[32m   0.0#x1B[0m#x1B[32m #x1B[0m│#x1B[32m #x1B[0m#x1B[32m  &lt;= 0.0#x1B[0m#x1B[32m #x1B[0m│#x1B[32m #x1B[0m#x1B[32m ✅ #x1B[0m#x1B[32m #x1B[0m│
│#x1B[32m #x1B[0m#x1B[32mWarnings                        #x1B[0m#x1B[32m #x1B[0m│#x1B[32m #x1B[0m#x1B[32m   0.0#x1B[0m#x1B[32m #x1B[0m│#x1B[32m #x1B[0m#x1B[32m  &lt;= 0.0#x1B[0m#x1B[32m #x1B[0m│#x1B[32m #x1B[0m#x1B[32m ✅ #x1B[0m#x1B[32m #x1B[0m│
└──────────────────────────────────┴────────┴──────────┴──────┘
2026-06-23 04:05:22 [#x1B[32mINFO#x1B[0m] 5GC_1 has successfully stopped
2026-06-23 04:05:22 [#x1B[32mINFO#x1B[0m] GNB_1 has successfully stopped
2026-06-23 04:05:22 [#x1B[32mINFO#x1B[0m] UE_1 has successfully stopped
--------------------------------- Captured Out ---------------------------------

</system-out>
      <system-err>--------------------------------- Captured Err ---------------------------------

</system-err>
    </testcase>
    <testcase classname="tests.ue_simulator" name="test_gnb[functional.mobility.intra_ru_ho.fr2_key_regen]" time="109.299">
      <properties>
        <property name="markers" value="zmq_mme;MVP-FUNC-MOB-1-a" />
      </properties>
      <system-out>--------------------------------- Captured Log ---------------------------------
2026-06-23 04:05:55 [#x1B[32mINFO#x1B[0m] Setting PLMN to HPLMN of first UE. MCC=001 MNC=01
2026-06-23 04:05:56 [#x1B[32mINFO#x1B[0m] 5GC [140508685610368] started
2026-06-23 04:05:59 [#x1B[32mINFO#x1B[0m] GNB [140508691604560] started
2026-06-23 04:06:00 [#x1B[32mINFO#x1B[0m] UE [140508690811072] started
2026-06-23 04:07:06 [#x1B[32mINFO#x1B[0m] UE_1 has stopped
2026-06-23 04:07:10 [#x1B[32mINFO#x1B[0m] GNB_1 has stopped
2026-06-23 04:07:11 [#x1B[32mINFO#x1B[0m] 5GC 1 has stopped
#x1B[3m                      Pass/Fail Criteria                       #x1B[0m
┏━━━━━━━━━━━━━━━━━━━━━━━━━━━━━━━━━━┳━━━━━━━━┳━━━━━━━━━━┳━━━━━━┓
┃#x1B[1m #x1B[0m#x1B[1mCriteria Name                   #x1B[0m#x1B[1m #x1B[0m┃#x1B[1m #x1B[0m#x1B[1mResult#x1B[0m#x1B[1m #x1B[0m┃#x1B[1m #x1B[0m#x1B[1mExpected#x1B[0m#x1B[1m #x1B[0m┃#x1B[1m #x1B[0m#x1B[1mPass#x1B[0m#x1B[1m #x1B[0m┃
┡━━━━━━━━━━━━━━━━━━━━━━━━━━━━━━━━━━╇━━━━━━━━╇━━━━━━━━━━╇━━━━━━┩
│#x1B[32m #x1B[0m#x1B[32mDL Bitrate                      #x1B[0m#x1B[32m #x1B[0m│#x1B[32m #x1B[0m#x1B[32m101.3K#x1B[0m#x1B[32m #x1B[0m│#x1B[32m #x1B[0m#x1B[32m   &gt; 0.0#x1B[0m#x1B[32m #x1B[0m│#x1B[32m #x1B[0m#x1B[32m ✅ #x1B[0m#x1B[32m #x1B[0m│
│#x1B[32m #x1B[0m#x1B[32mUL Bitrate                      #x1B[0m#x1B[32m #x1B[0m│#x1B[32m #x1B[0m#x1B[32m 27.6K#x1B[0m#x1B[32m #x1B[0m│#x1B[32m #x1B[0m#x1B[32m   &gt; 0.0#x1B[0m#x1B[32m #x1B[0m│#x1B[32m #x1B[0m#x1B[32m ✅ #x1B[0m#x1B[32m #x1B[0m│
│#x1B[32m #x1B[0m#x1B[32mDL KOs                          #x1B[0m#x1B[32m #x1B[0m│#x1B[32m #x1B[0m#x1B[32m   4.0#x1B[0m#x1B[32m #x1B[0m│#x1B[32m #x1B[0m#x1B[32m &lt;= 20.0#x1B[0m#x1B[32m #x1B[0m│#x1B[32m #x1B[0m#x1B[32m ✅ #x1B[0m#x1B[32m #x1B[0m│
│#x1B[32m #x1B[0m#x1B[32mUL KOs                          #x1B[0m#x1B[32m #x1B[0m│#x1B[32m #x1B[0m#x1B[32m   0.0#x1B[0m#x1B[32m #x1B[0m│#x1B[32m #x1B[0m#x1B[32m &lt;= 20.0#x1B[0m#x1B[32m #x1B[0m│#x1B[32m #x1B[0m#x1B[32m ✅ #x1B[0m#x1B[32m #x1B[0m│
│#x1B[32m #x1B[0m#x1B[32mHandovers                       #x1B[0m#x1B[32m #x1B[0m│#x1B[32m #x1B[0m#x1B[32m   1.0#x1B[0m#x1B[32m #x1B[0m│#x1B[32m #x1B[0m#x1B[32m  == 1.0#x1B[0m#x1B[32m #x1B[0m│#x1B[32m #x1B[0m#x1B[32m ✅ #x1B[0m#x1B[32m #x1B[0m│
│#x1B[32m #x1B[0m#x1B[32mReestablishments                #x1B[0m#x1B[32m #x1B[0m│#x1B[32m #x1B[0m#x1B[32m   0.0#x1B[0m#x1B[32m #x1B[0m│#x1B[32m #x1B[0m#x1B[32m  == 0.0#x1B[0m#x1B[32m #x1B[0m│#x1B[32m #x1B[0m#x1B[32m ✅ #x1B[0m#x1B[32m #x1B[0m│
│#x1B[32m #x1B[0m#x1B[32mError Indications               #x1B[0m#x1B[32m #x1B[0m│#x1B[32m #x1B[0m#x1B[32m   0.0#x1B[0m#x1B[32m #x1B[0m│#x1B[32m #x1B[0m#x1B[32m  &lt;= 0.0#x1B[0m#x1B[32m #x1B[0m│#x1B[32m #x1B[0m#x1B[32m ✅ #x1B[0m#x1B[32m #x1B[0m│
│#x1B[32m #x1B[0m#x1B[32mPDU Session Establishment Accept#x1B[0m#x1B[32m #x1B[0m│#x1B[32m #x1B[0m#x1B[32m  26.0#x1B[0m#x1B[32m #x1B[0m│#x1B[32m #x1B[0m#x1B[32m &gt;= 25.0#x1B[0m#x1B[32m #x1B[0m│#x1B[32m #x1B[0m#x1B[32m ✅ #x1B[0m#x1B[32m #x1B[0m│
│#x1B[32m #x1B[0m#x1B[32mErrors                          #x1B[0m#x1B[32m #x1B[0m│#x1B[32m #x1B[0m#x1B[32m   0.0#x1B[0m#x1B[32m #x1B[0m│#x1B[32m #x1B[0m#x1B[32m  &lt;= 0.0#x1B[0m#x1B[32m #x1B[0m│#x1B[32m #x1B[0m#x1B[32m ✅ #x1B[0m#x1B[32m #x1B[0m│
│#x1B[32m #x1B[0m#x1B[32mWarnings                        #x1B[0m#x1B[32m #x1B[0m│#x1B[32m #x1B[0m#x1B[32m   0.0#x1B[0m#x1B[32m #x1B[0m│#x1B[32m #x1B[0m#x1B[32m  &lt;= 0.0#x1B[0m#x1B[32m #x1B[0m│#x1B[32m #x1B[0m#x1B[32m ✅ #x1B[0m#x1B[32m #x1B[0m│
└──────────────────────────────────┴────────┴──────────┴──────┘
2026-06-23 04:07:11 [#x1B[32mINFO#x1B[0m] 5GC_1 has successfully stopped
2026-06-23 04:07:11 [#x1B[32mINFO#x1B[0m] GNB_1 has successfully stopped
2026-06-23 04:07:11 [#x1B[32mINFO#x1B[0m] UE_1 has successfully stopped
--------------------------------- Captured Out ---------------------------------

</system-out>
[...]

</system-err>
    </testcase>
    <testcase classname="tests.ue_simulator" name="test_gnb[functional.singleue.tdd_siso.tdd_mixed]" time="78.195">
      <properties>
        <property name="markers" value="zmq_mme;MVP-FUNC-TDD-16-4" />
      </properties>
      <system-out>--------------------------------- Captured Log ---------------------------------
2026-06-23 08:51:05 [#x1B[32mINFO#x1B[0m] Setting PLMN to HPLMN of first UE. MCC=001 MNC=01
2026-06-23 08:51:06 [#x1B[32mINFO#x1B[0m] 5GC [140071446880160] started
2026-06-23 08:51:09 [#x1B[32mINFO#x1B[0m] GNB [140071437837152] started
2026-06-23 08:51:11 [#x1B[32mINFO#x1B[0m] UE [140071439029296] started
2026-06-23 08:51:35 [#x1B[32mINFO#x1B[0m] UE_1 has stopped
2026-06-23 08:51:46 [#x1B[32mINFO#x1B[0m] GNB_1 has stopped
2026-06-23 08:51:47 [#x1B[32mINFO#x1B[0m] 5GC 1 has stopped
#x1B[3m                      Pass/Fail Criteria                       #x1B[0m
┏━━━━━━━━━━━━━━━━━━━━━━━━━━━━━━━━━━┳━━━━━━━━┳━━━━━━━━━━┳━━━━━━┓
┃#x1B[1m #x1B[0m#x1B[1mCriteria Name                   #x1B[0m#x1B[1m #x1B[0m┃#x1B[1m #x1B[0m#x1B[1mResult#x1B[0m#x1B[1m #x1B[0m┃#x1B[1m #x1B[0m#x1B[1mExpected#x1B[0m#x1B[1m #x1B[0m┃#x1B[1m #x1B[0m#x1B[1mPass#x1B[0m#x1B[1m #x1B[0m┃
┡━━━━━━━━━━━━━━━━━━━━━━━━━━━━━━━━━━╇━━━━━━━━╇━━━━━━━━━━╇━━━━━━┩
│#x1B[32m #x1B[0m#x1B[32mDL Bitrate                      #x1B[0m#x1B[32m #x1B[0m│#x1B[32m #x1B[0m#x1B[32m  8.2M#x1B[0m#x1B[32m #x1B[0m│#x1B[32m #x1B[0m#x1B[32m   &gt; 0.0#x1B[0m#x1B[32m #x1B[0m│#x1B[32m #x1B[0m#x1B[32m ✅ #x1B[0m#x1B[32m #x1B[0m│
│#x1B[32m #x1B[0m#x1B[32mUL Bitrate                      #x1B[0m#x1B[32m #x1B[0m│#x1B[32m #x1B[0m#x1B[32m 11.2M#x1B[0m#x1B[32m #x1B[0m│#x1B[32m #x1B[0m#x1B[32m   &gt; 0.0#x1B[0m#x1B[32m #x1B[0m│#x1B[32m #x1B[0m#x1B[32m ✅ #x1B[0m#x1B[32m #x1B[0m│
│#x1B[32m #x1B[0m#x1B[32mDL KOs                          #x1B[0m#x1B[32m #x1B[0m│#x1B[32m #x1B[0m#x1B[32m   0.0#x1B[0m#x1B[32m #x1B[0m│#x1B[32m #x1B[0m#x1B[32m  &lt;= 0.0#x1B[0m#x1B[32m #x1B[0m│#x1B[32m #x1B[0m#x1B[32m ✅ #x1B[0m#x1B[32m #x1B[0m│
│#x1B[32m #x1B[0m#x1B[32mUL KOs                          #x1B[0m#x1B[32m #x1B[0m│#x1B[32m #x1B[0m#x1B[32m   0.0#x1B[0m#x1B[32m #x1B[0m│#x1B[32m #x1B[0m#x1B[32m  &lt;= 0.0#x1B[0m#x1B[32m #x1B[0m│#x1B[32m #x1B[0m#x1B[32m ✅ #x1B[0m#x1B[32m #x1B[0m│
│#x1B[32m #x1B[0m#x1B[32mReestablishments                #x1B[0m#x1B[32m #x1B[0m│#x1B[32m #x1B[0m#x1B[32m   0.0#x1B[0m#x1B[32m #x1B[0m│#x1B[32m #x1B[0m#x1B[32m  == 0.0#x1B[0m#x1B[32m #x1B[0m│#x1B[32m #x1B[0m#x1B[32m ✅ #x1B[0m#x1B[32m #x1B[0m│
│#x1B[32m #x1B[0m#x1B[32mPDU Session Establishment Accept#x1B[0m#x1B[32m #x1B[0m│#x1B[32m #x1B[0m#x1B[32m   1.0#x1B[0m#x1B[32m #x1B[0m│#x1B[32m #x1B[0m#x1B[32m  == 1.0#x1B[0m#x1B[32m #x1B[0m│#x1B[32m #x1B[0m#x1B[32m ✅ #x1B[0m#x1B[32m #x1B[0m│
│#x1B[32m #x1B[0m#x1B[32mError Indications               #x1B[0m#x1B[32m #x1B[0m│#x1B[32m #x1B[0m#x1B[32m   0.0#x1B[0m#x1B[32m #x1B[0m│#x1B[32m #x1B[0m#x1B[32m  &lt;= 0.0#x1B[0m#x1B[32m #x1B[0m│#x1B[32m #x1B[0m#x1B[32m ✅ #x1B[0m#x1B[32m #x1B[0m│
│#x1B[32m #x1B[0m#x1B[32mDL max MCS                      #x1B[0m#x1B[32m #x1B[0m│#x1B[32m #x1B[0m#x1B[32m  27.0#x1B[0m#x1B[32m #x1B[0m│#x1B[32m #x1B[0m#x1B[32m &gt;= 26.0#x1B[0m#x1B[32m #x1B[0m│#x1B[32m #x1B[0m#x1B[32m ✅ #x1B[0m#x1B[32m #x1B[0m│
│#x1B[32m #x1B[0m#x1B[32mUL max MCS                      #x1B[0m#x1B[32m #x1B[0m│#x1B[32m #x1B[0m#x1B[32m  27.0#x1B[0m#x1B[32m #x1B[0m│#x1B[32m #x1B[0m#x1B[32m &gt;= 27.0#x1B[0m#x1B[32m #x1B[0m│#x1B[32m #x1B[0m#x1B[32m ✅ #x1B[0m#x1B[32m #x1B[0m│
│#x1B[32m #x1B[0m#x1B[32mErrors                          #x1B[0m#x1B[32m #x1B[0m│#x1B[32m #x1B[0m#x1B[32m   0.0#x1B[0m#x1B[32m #x1B[0m│#x1B[32m #x1B[0m#x1B[32m  &lt;= 0.0#x1B[0m#x1B[32m #x1B[0m│#x1B[32m #x1B[0m#x1B[32m ✅ #x1B[0m#x1B[32m #x1B[0m│
│#x1B[32m #x1B[0m#x1B[32mWarnings                        #x1B[0m#x1B[32m #x1B[0m│#x1B[32m #x1B[0m#x1B[32m   0.0#x1B[0m#x1B[32m #x1B[0m│#x1B[32m #x1B[0m#x1B[32m  &lt;= 0.0#x1B[0m#x1B[32m #x1B[0m│#x1B[32m #x1B[0m#x1B[32m ✅ #x1B[0m#x1B[32m #x1B[0m│
└──────────────────────────────────┴────────┴──────────┴──────┘
2026-06-23 08:51:47 [#x1B[32mINFO#x1B[0m] 5GC_1 has successfully stopped
2026-06-23 08:51:47 [#x1B[32mINFO#x1B[0m] GNB_1 has successfully stopped
2026-06-23 08:51:47 [#x1B[32mINFO#x1B[0m] UE_1 has successfully stopped
--------------------------------- Captured Out ---------------------------------

</system-out>
      <system-err>--------------------------------- Captured Err ---------------------------------

</system-err>
    </testcase>
  </testsuite>
  <testsuite name="pytest" errors="0" failures="0" skipped="0" tests="3" time="4134.278" timestamp="2026-06-23T10:06:52.797139+00:00" hostname="runner-4wlmwx7q6-project-8-concurrent-0-t21e2lo6">
    <testcase classname="tests.ue_simulator" name="test_gnb[functional.multiue.load_test.tdd_dl_heavy]" time="1368.970">
      <properties>
        <property name="markers" value="zmq_1000;MVP-FUNC-TDD-16-4" />
      </properties>
      <system-out>--------------------------------- Captured Log ---------------------------------
2026-06-23 10:07:14 [#x1B[32mINFO#x1B[0m] Setting PLMN to HPLMN of first UE. MCC=001 MNC=01
2026-06-23 10:07:15 [#x1B[32mINFO#x1B[0m] 5GC [128072629299504] started
2026-06-23 10:07:19 [#x1B[32mINFO#x1B[0m] GNB [128072630522880] started
2026-06-23 10:07:20 [#x1B[32mINFO#x1B[0m] UE [128072624276880] started
2026-06-23 10:22:45 [#x1B[32mINFO#x1B[0m] UE_1 has stopped
2026-06-23 10:24:15 [#x1B[33mWARNING#x1B[0m] GNB_1 has 0 errors and 1 warnings. First warning is: 2026-06-23T10:09:27.170165 [UDP-GW  ] [W] Buffer pool at 90.0% occupancy. Dropping 2 packets
2026-06-23 10:24:15 [#x1B[32mINFO#x1B[0m] GNB_1 has stopped
2026-06-23 10:24:16 [#x1B[32mINFO#x1B[0m] 5GC 1 has stopped
#x1B[3m                      Pass/Fail Criteria                       #x1B[0m
┏━━━━━━━━━━━━━━━━━━━━━━━━━━━━━━━━━━┳━━━━━━━━┳━━━━━━━━━━┳━━━━━━┓
┃#x1B[1m #x1B[0m#x1B[1mCriteria Name                   #x1B[0m#x1B[1m #x1B[0m┃#x1B[1m #x1B[0m#x1B[1mResult#x1B[0m#x1B[1m #x1B[0m┃#x1B[1m #x1B[0m#x1B[1mExpected#x1B[0m#x1B[1m #x1B[0m┃#x1B[1m #x1B[0m#x1B[1mPass#x1B[0m#x1B[1m #x1B[0m┃
┡━━━━━━━━━━━━━━━━━━━━━━━━━━━━━━━━━━╇━━━━━━━━╇━━━━━━━━━━╇━━━━━━┩
│#x1B[32m #x1B[0m#x1B[32mDL Bitrate                      #x1B[0m#x1B[32m #x1B[0m│#x1B[32m #x1B[0m#x1B[32m103.9M#x1B[0m#x1B[32m #x1B[0m│#x1B[32m #x1B[0m#x1B[32m &gt; 20.0M#x1B[0m#x1B[32m #x1B[0m│#x1B[32m #x1B[0m#x1B[32m ✅ #x1B[0m#x1B[32m #x1B[0m│
│#x1B[32m #x1B[0m#x1B[32mUL Bitrate                      #x1B[0m#x1B[32m #x1B[0m│#x1B[32m #x1B[0m#x1B[32m 57.5M#x1B[0m#x1B[32m #x1B[0m│#x1B[32m #x1B[0m#x1B[32m &gt; 10.0M#x1B[0m#x1B[32m #x1B[0m│#x1B[32m #x1B[0m#x1B[32m ✅ #x1B[0m#x1B[32m #x1B[0m│
│#x1B[32m #x1B[0m#x1B[32mDL KOs                          #x1B[0m#x1B[32m #x1B[0m│#x1B[32m #x1B[0m#x1B[32m   0.0#x1B[0m#x1B[32m #x1B[0m│#x1B[32m #x1B[0m#x1B[32m &lt;= 50.0#x1B[0m#x1B[32m #x1B[0m│#x1B[32m #x1B[0m#x1B[32m ✅ #x1B[0m#x1B[32m #x1B[0m│
│#x1B[32m #x1B[0m#x1B[32mUL KOs                          #x1B[0m#x1B[32m #x1B[0m│#x1B[32m #x1B[0m#x1B[32m   0.0#x1B[0m#x1B[32m #x1B[0m│#x1B[32m #x1B[0m#x1B[32m &lt;= 50.0#x1B[0m#x1B[32m #x1B[0m│#x1B[32m #x1B[0m#x1B[32m ✅ #x1B[0m#x1B[32m #x1B[0m│
│#x1B[32m #x1B[0m#x1B[32mReestablishments                #x1B[0m#x1B[32m #x1B[0m│#x1B[32m #x1B[0m#x1B[32m   0.0#x1B[0m#x1B[32m #x1B[0m│#x1B[32m #x1B[0m#x1B[32m  == 0.0#x1B[0m#x1B[32m #x1B[0m│#x1B[32m #x1B[0m#x1B[32m ✅ #x1B[0m#x1B[32m #x1B[0m│
│#x1B[32m #x1B[0m#x1B[32mPDU Session Establishment Accept#x1B[0m#x1B[32m #x1B[0m│#x1B[32m #x1B[0m#x1B[32m 512.0#x1B[0m#x1B[32m #x1B[0m│#x1B[32m #x1B[0m#x1B[32m== 512.0#x1B[0m#x1B[32m #x1B[0m│#x1B[32m #x1B[0m#x1B[32m ✅ #x1B[0m#x1B[32m #x1B[0m│
│#x1B[32m #x1B[0m#x1B[32mHandovers                       #x1B[0m#x1B[32m #x1B[0m│#x1B[32m #x1B[0m#x1B[32m   0.0#x1B[0m#x1B[32m #x1B[0m│#x1B[32m #x1B[0m#x1B[32m  == 0.0#x1B[0m#x1B[32m #x1B[0m│#x1B[32m #x1B[0m#x1B[32m ✅ #x1B[0m#x1B[32m #x1B[0m│
│#x1B[32m #x1B[0m#x1B[32mLate DL HARQs                   #x1B[0m#x1B[32m #x1B[0m│#x1B[32m #x1B[0m#x1B[32m   0.0#x1B[0m#x1B[32m #x1B[0m│#x1B[32m #x1B[0m#x1B[32m  &lt;= 0.0#x1B[0m#x1B[32m #x1B[0m│#x1B[32m #x1B[0m#x1B[32m ✅ #x1B[0m#x1B[32m #x1B[0m│
│#x1B[32m #x1B[0m#x1B[32mLate UL HARQs                   #x1B[0m#x1B[32m #x1B[0m│#x1B[32m #x1B[0m#x1B[32m   0.0#x1B[0m#x1B[32m #x1B[0m│#x1B[32m #x1B[0m#x1B[32m  &lt;= 0.0#x1B[0m#x1B[32m #x1B[0m│#x1B[32m #x1B[0m#x1B[32m ✅ #x1B[0m#x1B[32m #x1B[0m│
│#x1B[32m #x1B[0m#x1B[32mError Indications               #x1B[0m#x1B[32m #x1B[0m│#x1B[32m #x1B[0m#x1B[32m   0.0#x1B[0m#x1B[32m #x1B[0m│#x1B[32m #x1B[0m#x1B[32m  &lt;= 0.0#x1B[0m#x1B[32m #x1B[0m│#x1B[32m #x1B[0m#x1B[32m ✅ #x1B[0m#x1B[32m #x1B[0m│
│#x1B[32m #x1B[0m#x1B[32mErrors                          #x1B[0m#x1B[32m #x1B[0m│#x1B[32m #x1B[0m#x1B[32m   0.0#x1B[0m#x1B[32m #x1B[0m│#x1B[32m #x1B[0m#x1B[32m  &lt;= 0.0#x1B[0m#x1B[32m #x1B[0m│#x1B[32m #x1B[0m#x1B[32m ✅ #x1B[0m#x1B[32m #x1B[0m│
│#x1B[32m #x1B[0m#x1B[32mWarnings                        #x1B[0m#x1B[32m #x1B[0m│#x1B[32m #x1B[0m#x1B[32m   1.0#x1B[0m#x1B[32m #x1B[0m│#x1B[32m #x1B[0m#x1B[32m  &lt;= 3.0#x1B[0m#x1B[32m #x1B[0m│#x1B[32m #x1B[0m#x1B[32m ✅ #x1B[0m#x1B[32m #x1B[0m│
└──────────────────────────────────┴────────┴──────────┴──────┘
2026-06-23 10:24:16 [#x1B[32mINFO#x1B[0m] 5GC_1 has successfully stopped
2026-06-23 10:24:16 [#x1B[32mINFO#x1B[0m] GNB_1 has successfully stopped
2026-06-23 10:24:16 [#x1B[33mWARNING#x1B[0m] GNB_1 has 0 errors and 1 warnings. First warning is: 2026-06-23T10:09:27.170165 [UDP-GW  ] [W] Buffer pool at 90.0% occupancy. Dropping 2 packets
2026-06-23 10:24:16 [#x1B[32mINFO#x1B[0m] UE_1 has successfully stopped
--------------------------------- Captured Out ---------------------------------

</system-out>
      <system-err>--------------------------------- Captured Err ---------------------------------

</system-err>
    </testcase>
    <testcase classname="tests.ue_simulator" name="test_gnb[functional.multiue.load_test.baseline]" time="1344.574">
      <properties>
        <property name="markers" value="zmq_1000;MVP-FUNC-TDD-16-2" />
      </properties>
      <system-out>--------------------------------- Captured Log ---------------------------------
2026-06-23 10:30:14 [#x1B[32mINFO#x1B[0m] Setting PLMN to HPLMN of first UE. MCC=001 MNC=01
2026-06-23 10:30:14 [#x1B[32mINFO#x1B[0m] 5GC [128072622342112] started
2026-06-23 10:30:18 [#x1B[32mINFO#x1B[0m] GNB [128072624495056] started
2026-06-23 10:30:19 [#x1B[32mINFO#x1B[0m] UE [128072624493232] started
2026-06-23 10:45:14 [#x1B[32mINFO#x1B[0m] UE_1 has stopped
2026-06-23 10:46:49 [#x1B[33mWARNING#x1B[0m] GNB_1 has 0 errors and 1 warnings. First warning is: 2026-06-23T10:32:20.589747 [UDP-GW  ] [W] Buffer pool at 90.0% occupancy. Dropping 6 packets
2026-06-23 10:46:49 [#x1B[32mINFO#x1B[0m] GNB_1 has stopped
2026-06-23 10:46:50 [#x1B[32mINFO#x1B[0m] 5GC 1 has stopped
#x1B[3m                      Pass/Fail Criteria                       #x1B[0m
┏━━━━━━━━━━━━━━━━━━━━━━━━━━━━━━━━━━┳━━━━━━━━┳━━━━━━━━━━┳━━━━━━┓
┃#x1B[1m #x1B[0m#x1B[1mCriteria Name                   #x1B[0m#x1B[1m #x1B[0m┃#x1B[1m #x1B[0m#x1B[1mResult#x1B[0m#x1B[1m #x1B[0m┃#x1B[1m #x1B[0m#x1B[1mExpected#x1B[0m#x1B[1m #x1B[0m┃#x1B[1m #x1B[0m#x1B[1mPass#x1B[0m#x1B[1m #x1B[0m┃
┡━━━━━━━━━━━━━━━━━━━━━━━━━━━━━━━━━━╇━━━━━━━━╇━━━━━━━━━━╇━━━━━━┩
│#x1B[32m #x1B[0m#x1B[32mDL Bitrate                      #x1B[0m#x1B[32m #x1B[0m│#x1B[32m #x1B[0m#x1B[32m104.5M#x1B[0m#x1B[32m #x1B[0m│#x1B[32m #x1B[0m#x1B[32m &gt; 20.0M#x1B[0m#x1B[32m #x1B[0m│#x1B[32m #x1B[0m#x1B[32m ✅ #x1B[0m#x1B[32m #x1B[0m│
│#x1B[32m #x1B[0m#x1B[32mUL Bitrate                      #x1B[0m#x1B[32m #x1B[0m│#x1B[32m #x1B[0m#x1B[32m 58.6M#x1B[0m#x1B[32m #x1B[0m│#x1B[32m #x1B[0m#x1B[32m &gt; 10.0M#x1B[0m#x1B[32m #x1B[0m│#x1B[32m #x1B[0m#x1B[32m ✅ #x1B[0m#x1B[32m #x1B[0m│
│#x1B[32m #x1B[0m#x1B[32mDL KOs                          #x1B[0m#x1B[32m #x1B[0m│#x1B[32m #x1B[0m#x1B[32m   0.0#x1B[0m#x1B[32m #x1B[0m│#x1B[32m #x1B[0m#x1B[32m &lt;= 50.0#x1B[0m#x1B[32m #x1B[0m│#x1B[32m #x1B[0m#x1B[32m ✅ #x1B[0m#x1B[32m #x1B[0m│
│#x1B[32m #x1B[0m#x1B[32mUL KOs                          #x1B[0m#x1B[32m #x1B[0m│#x1B[32m #x1B[0m#x1B[32m   0.0#x1B[0m#x1B[32m #x1B[0m│#x1B[32m #x1B[0m#x1B[32m &lt;= 50.0#x1B[0m#x1B[32m #x1B[0m│#x1B[32m #x1B[0m#x1B[32m ✅ #x1B[0m#x1B[32m #x1B[0m│
│#x1B[32m #x1B[0m#x1B[32mReestablishments                #x1B[0m#x1B[32m #x1B[0m│#x1B[32m #x1B[0m#x1B[32m   0.0#x1B[0m#x1B[32m #x1B[0m│#x1B[32m #x1B[0m#x1B[32m  == 0.0#x1B[0m#x1B[32m #x1B[0m│#x1B[32m #x1B[0m#x1B[32m ✅ #x1B[0m#x1B[32m #x1B[0m│
│#x1B[32m #x1B[0m#x1B[32mPDU Session Establishment Accept#x1B[0m#x1B[32m #x1B[0m│#x1B[32m #x1B[0m#x1B[32m 512.0#x1B[0m#x1B[32m #x1B[0m│#x1B[32m #x1B[0m#x1B[32m== 512.0#x1B[0m#x1B[32m #x1B[0m│#x1B[32m #x1B[0m#x1B[32m ✅ #x1B[0m#x1B[32m #x1B[0m│
│#x1B[32m #x1B[0m#x1B[32mHandovers                       #x1B[0m#x1B[32m #x1B[0m│#x1B[32m #x1B[0m#x1B[32m   0.0#x1B[0m#x1B[32m #x1B[0m│#x1B[32m #x1B[0m#x1B[32m  == 0.0#x1B[0m#x1B[32m #x1B[0m│#x1B[32m #x1B[0m#x1B[32m ✅ #x1B[0m#x1B[32m #x1B[0m│
│#x1B[32m #x1B[0m#x1B[32mLate DL HARQs                   #x1B[0m#x1B[32m #x1B[0m│#x1B[32m #x1B[0m#x1B[32m   0.0#x1B[0m#x1B[32m #x1B[0m│#x1B[32m #x1B[0m#x1B[32m  &lt;= 0.0#x1B[0m#x1B[32m #x1B[0m│#x1B[32m #x1B[0m#x1B[32m ✅ #x1B[0m#x1B[32m #x1B[0m│
│#x1B[32m #x1B[0m#x1B[32mLate UL HARQs                   #x1B[0m#x1B[32m #x1B[0m│#x1B[32m #x1B[0m#x1B[32m   0.0#x1B[0m#x1B[32m #x1B[0m│#x1B[32m #x1B[0m#x1B[32m  &lt;= 0.0#x1B[0m#x1B[32m #x1B[0m│#x1B[32m #x1B[0m#x1B[32m ✅ #x1B[0m#x1B[32m #x1B[0m│
│#x1B[32m #x1B[0m#x1B[32mError Indications               #x1B[0m#x1B[32m #x1B[0m│#x1B[32m #x1B[0m#x1B[32m   0.0#x1B[0m#x1B[32m #x1B[0m│#x1B[32m #x1B[0m#x1B[32m  &lt;= 0.0#x1B[0m#x1B[32m #x1B[0m│#x1B[32m #x1B[0m#x1B[32m ✅ #x1B[0m#x1B[32m #x1B[0m│
│#x1B[32m #x1B[0m#x1B[32mErrors                          #x1B[0m#x1B[32m #x1B[0m│#x1B[32m #x1B[0m#x1B[32m   0.0#x1B[0m#x1B[32m #x1B[0m│#x1B[32m #x1B[0m#x1B[32m  &lt;= 0.0#x1B[0m#x1B[32m #x1B[0m│#x1B[32m #x1B[0m#x1B[32m ✅ #x1B[0m#x1B[32m #x1B[0m│
│#x1B[32m #x1B[0m#x1B[32mWarnings                        #x1B[0m#x1B[32m #x1B[0m│#x1B[32m #x1B[0m#x1B[32m   1.0#x1B[0m#x1B[32m #x1B[0m│#x1B[32m #x1B[0m#x1B[32m  &lt;= 3.0#x1B[0m#x1B[32m #x1B[0m│#x1B[32m #x1B[0m#x1B[32m ✅ #x1B[0m#x1B[32m #x1B[0m│
└──────────────────────────────────┴────────┴──────────┴──────┘
2026-06-23 10:46:50 [#x1B[32mINFO#x1B[0m] 5GC_1 has successfully stopped
2026-06-23 10:46:50 [#x1B[32mINFO#x1B[0m] GNB_1 has successfully stopped
2026-06-23 10:46:50 [#x1B[33mWARNING#x1B[0m] GNB_1 has 0 errors and 1 warnings. First warning is: 2026-06-23T10:32:20.589747 [UDP-GW  ] [W] Buffer pool at 90.0% occupancy. Dropping 6 packets
2026-06-23 10:46:50 [#x1B[32mINFO#x1B[0m] UE_1 has successfully stopped
--------------------------------- Captured Out ---------------------------------

</system-out>
      <system-err>--------------------------------- Captured Err ---------------------------------

</system-err>
    </testcase>
    <testcase classname="tests.ue_simulator" name="test_gnb[functional.multiue.load_test.tdd_ul_heavy]" time="1419.215">
      <properties>
        <property name="markers" value="zmq_1000;MVP-FUNC-TDD-16-1" />
      </properties>
      <system-out>--------------------------------- Captured Log ---------------------------------
2026-06-23 10:52:37 [#x1B[32mINFO#x1B[0m] Setting PLMN to HPLMN of first UE. MCC=001 MNC=01
2026-06-23 10:52:38 [#x1B[32mINFO#x1B[0m] 5GC [128072624470256] started
2026-06-23 10:52:41 [#x1B[32mINFO#x1B[0m] GNB [128072624461760] started
2026-06-23 10:52:43 [#x1B[32mINFO#x1B[0m] UE [128072630659376] started
2026-06-23 11:10:57 [#x1B[32mINFO#x1B[0m] UE_1 has stopped
2026-06-23 11:12:27 [#x1B[33mWARNING#x1B[0m] GNB_1 has 0 errors and 1 warnings. First warning is: 2026-06-23T10:55:16.520133 [UDP-GW  ] [W] Buffer pool at 90.0% occupancy. Dropping 2 packets
2026-06-23 11:12:27 [#x1B[32mINFO#x1B[0m] GNB_1 has stopped
2026-06-23 11:12:28 [#x1B[32mINFO#x1B[0m] 5GC 1 has stopped
#x1B[3m                      Pass/Fail Criteria                       #x1B[0m
┏━━━━━━━━━━━━━━━━━━━━━━━━━━━━━━━━━━┳━━━━━━━━┳━━━━━━━━━━┳━━━━━━┓
┃#x1B[1m #x1B[0m#x1B[1mCriteria Name                   #x1B[0m#x1B[1m #x1B[0m┃#x1B[1m #x1B[0m#x1B[1mResult#x1B[0m#x1B[1m #x1B[0m┃#x1B[1m #x1B[0m#x1B[1mExpected#x1B[0m#x1B[1m #x1B[0m┃#x1B[1m #x1B[0m#x1B[1mPass#x1B[0m#x1B[1m #x1B[0m┃
┡━━━━━━━━━━━━━━━━━━━━━━━━━━━━━━━━━━╇━━━━━━━━╇━━━━━━━━━━╇━━━━━━┩
│#x1B[32m #x1B[0m#x1B[32mDL Bitrate                      #x1B[0m#x1B[32m #x1B[0m│#x1B[32m #x1B[0m#x1B[32m 45.6M#x1B[0m#x1B[32m #x1B[0m│#x1B[32m #x1B[0m#x1B[32m &gt; 10.0M#x1B[0m#x1B[32m #x1B[0m│#x1B[32m #x1B[0m#x1B[32m ✅ #x1B[0m#x1B[32m #x1B[0m│
│#x1B[32m #x1B[0m#x1B[32mUL Bitrate                      #x1B[0m#x1B[32m #x1B[0m│#x1B[32m #x1B[0m#x1B[32m142.6M#x1B[0m#x1B[32m #x1B[0m│#x1B[32m #x1B[0m#x1B[32m &gt; 20.0M#x1B[0m#x1B[32m #x1B[0m│#x1B[32m #x1B[0m#x1B[32m ✅ #x1B[0m#x1B[32m #x1B[0m│
│#x1B[32m #x1B[0m#x1B[32mDL KOs                          #x1B[0m#x1B[32m #x1B[0m│#x1B[32m #x1B[0m#x1B[32m   0.0#x1B[0m#x1B[32m #x1B[0m│#x1B[32m #x1B[0m#x1B[32m  &lt;= 0.0#x1B[0m#x1B[32m #x1B[0m│#x1B[32m #x1B[0m#x1B[32m ✅ #x1B[0m#x1B[32m #x1B[0m│
│#x1B[32m #x1B[0m#x1B[32mUL KOs                          #x1B[0m#x1B[32m #x1B[0m│#x1B[32m #x1B[0m#x1B[32m   0.0#x1B[0m#x1B[32m #x1B[0m│#x1B[32m #x1B[0m#x1B[32m  &lt;= 5.0#x1B[0m#x1B[32m #x1B[0m│#x1B[32m #x1B[0m#x1B[32m ✅ #x1B[0m#x1B[32m #x1B[0m│
│#x1B[32m #x1B[0m#x1B[32mReestablishments                #x1B[0m#x1B[32m #x1B[0m│#x1B[32m #x1B[0m#x1B[32m   0.0#x1B[0m#x1B[32m #x1B[0m│#x1B[32m #x1B[0m#x1B[32m  == 0.0#x1B[0m#x1B[32m #x1B[0m│#x1B[32m #x1B[0m#x1B[32m ✅ #x1B[0m#x1B[32m #x1B[0m│
│#x1B[32m #x1B[0m#x1B[32mPDU Session Establishment Accept#x1B[0m#x1B[32m #x1B[0m│#x1B[32m #x1B[0m#x1B[32m 512.0#x1B[0m#x1B[32m #x1B[0m│#x1B[32m #x1B[0m#x1B[32m== 512.0#x1B[0m#x1B[32m #x1B[0m│#x1B[32m #x1B[0m#x1B[32m ✅ #x1B[0m#x1B[32m #x1B[0m│
│#x1B[32m #x1B[0m#x1B[32mHandovers                       #x1B[0m#x1B[32m #x1B[0m│#x1B[32m #x1B[0m#x1B[32m   0.0#x1B[0m#x1B[32m #x1B[0m│#x1B[32m #x1B[0m#x1B[32m  == 0.0#x1B[0m#x1B[32m #x1B[0m│#x1B[32m #x1B[0m#x1B[32m ✅ #x1B[0m#x1B[32m #x1B[0m│
│#x1B[32m #x1B[0m#x1B[32mLate DL HARQs                   #x1B[0m#x1B[32m #x1B[0m│#x1B[32m #x1B[0m#x1B[32m   0.0#x1B[0m#x1B[32m #x1B[0m│#x1B[32m #x1B[0m#x1B[32m  &lt;= 0.0#x1B[0m#x1B[32m #x1B[0m│#x1B[32m #x1B[0m#x1B[32m ✅ #x1B[0m#x1B[32m #x1B[0m│
│#x1B[32m #x1B[0m#x1B[32mLate UL HARQs                   #x1B[0m#x1B[32m #x1B[0m│#x1B[32m #x1B[0m#x1B[32m   0.0#x1B[0m#x1B[32m #x1B[0m│#x1B[32m #x1B[0m#x1B[32m  &lt;= 0.0#x1B[0m#x1B[32m #x1B[0m│#x1B[32m #x1B[0m#x1B[32m ✅ #x1B[0m#x1B[32m #x1B[0m│
│#x1B[32m #x1B[0m#x1B[32mError Indications               #x1B[0m#x1B[32m #x1B[0m│#x1B[32m #x1B[0m#x1B[32m   0.0#x1B[0m#x1B[32m #x1B[0m│#x1B[32m #x1B[0m#x1B[32m  &lt;= 0.0#x1B[0m#x1B[32m #x1B[0m│#x1B[32m #x1B[0m#x1B[32m ✅ #x1B[0m#x1B[32m #x1B[0m│
│#x1B[32m #x1B[0m#x1B[32mErrors                          #x1B[0m#x1B[32m #x1B[0m│#x1B[32m #x1B[0m#x1B[32m   0.0#x1B[0m#x1B[32m #x1B[0m│#x1B[32m #x1B[0m#x1B[32m  &lt;= 0.0#x1B[0m#x1B[32m #x1B[0m│#x1B[32m #x1B[0m#x1B[32m ✅ #x1B[0m#x1B[32m #x1B[0m│
│#x1B[32m #x1B[0m#x1B[32mWarnings                        #x1B[0m#x1B[32m #x1B[0m│#x1B[32m #x1B[0m#x1B[32m   1.0#x1B[0m#x1B[32m #x1B[0m│#x1B[32m #x1B[0m#x1B[32m  &lt;= 3.0#x1B[0m#x1B[32m #x1B[0m│#x1B[32m #x1B[0m#x1B[32m ✅ #x1B[0m#x1B[32m #x1B[0m│
└──────────────────────────────────┴────────┴──────────┴──────┘
2026-06-23 11:12:28 [#x1B[32mINFO#x1B[0m] 5GC_1 has successfully stopped
2026-06-23 11:12:28 [#x1B[32mINFO#x1B[0m] GNB_1 has successfully stopped
2026-06-23 11:12:28 [#x1B[33mWARNING#x1B[0m] GNB_1 has 0 errors and 1 warnings. First warning is: 2026-06-23T10:55:16.520133 [UDP-GW  ] [W] Buffer pool at 90.0% occupancy. Dropping 2 packets
2026-06-23 11:12:28 [#x1B[32mINFO#x1B[0m] UE_1 has successfully stopped
--------------------------------- Captured Out ---------------------------------

</system-out>
      <system-err>--------------------------------- Captured Err ---------------------------------

</system-err>
    </testcase>
  </testsuite>
</testsuites>
