<?xml version="1.0" encoding="utf-8"?><testsuites name="pytest tests"><testsuite name="paging" errors="0" failures="0" skipped="0" tests="8" time="1610.710" timestamp="2026-07-13T21:04:28.246397+00:00" hostname="runner-5dn-jsny--project-78028160-concurrent-0-mlysufy0"><properties><property name="ocudu_commit" value="65cbdb66cb726c6cdae97ec37e0c5dfd1f50eeca" /><property name="test_commit" value="cb0f2542c0a944aac3ad4fe271a9f94651fa1aa1" /><property name="url" value="https://gitlab.com/ocudu/ocudu_infra_srs/-/jobs/15323277290" /></properties><testcase classname="tests.ue_simulator" name="test_gnb[functional.mobility.paging.rrc_inactive_mt]" time="183.803"><properties><property name="markers" value="zmq_mme;MVP-FUNC-BAS-16-1;MVP-FUNC-MOB-10" /></properties><system-out>--------------------------------- Captured Log ---------------------------------

<!--
SPDX-FileCopyrightText: Copyright (C) 2021-2026 Software Radio Systems Limited
SPDX-License-Identifier: BSD-3-Clause-Open-MPI
-->

2026-07-13 21:05:39 [#x1B[32mINFO#x1B[0m] 5GC [130429815500064] started
2026-07-13 21:05:43 [#x1B[32mINFO#x1B[0m] GNB [130429815488592] started
2026-07-13 21:05:44 [#x1B[32mINFO#x1B[0m] UE [130429804729632] started
2026-07-13 21:07:24 [#x1B[32mINFO#x1B[0m] UE [130429804729632] stopped
2026-07-13 21:07:29 [#x1B[32mINFO#x1B[0m] GNB [130429815488592] stopped
2026-07-13 21:07:30 [#x1B[32mINFO#x1B[0m] 5GC [130429815500064] stopped
2026-07-13 21:07:30 [#x1B[32mINFO#x1B[0m] 
#x1B[3m                      Pass/Fail Criteria                       #x1B[0m
┏━━━━━━━━━━━━━━━━━━━━━━━━━━━━━━━━━━┳━━━━━━━━┳━━━━━━━━━━┳━━━━━━┓
┃#x1B[1m #x1B[0m#x1B[1mCriteria Name                   #x1B[0m#x1B[1m #x1B[0m┃#x1B[1m #x1B[0m#x1B[1mResult#x1B[0m#x1B[1m #x1B[0m┃#x1B[1m #x1B[0m#x1B[1mExpected#x1B[0m#x1B[1m #x1B[0m┃#x1B[1m #x1B[0m#x1B[1mPass#x1B[0m#x1B[1m #x1B[0m┃
┡━━━━━━━━━━━━━━━━━━━━━━━━━━━━━━━━━━╇━━━━━━━━╇━━━━━━━━━━╇━━━━━━┩
│#x1B[32m #x1B[0m#x1B[32mErrors                          #x1B[0m#x1B[32m #x1B[0m│#x1B[32m #x1B[0m#x1B[32m   0.0#x1B[0m#x1B[32m #x1B[0m│#x1B[32m #x1B[0m#x1B[32m  &lt;= 0.0#x1B[0m#x1B[32m #x1B[0m│#x1B[32m #x1B[0m#x1B[32m ✅ #x1B[0m#x1B[32m #x1B[0m│
│#x1B[32m #x1B[0m#x1B[32mWarnings                        #x1B[0m#x1B[32m #x1B[0m│#x1B[32m #x1B[0m#x1B[32m   0.0#x1B[0m#x1B[32m #x1B[0m│#x1B[32m #x1B[0m#x1B[32m  &lt;= 0.0#x1B[0m#x1B[32m #x1B[0m│#x1B[32m #x1B[0m#x1B[32m ✅ #x1B[0m#x1B[32m #x1B[0m│
│#x1B[32m #x1B[0m#x1B[32mDL Bitrate                      #x1B[0m#x1B[32m #x1B[0m│#x1B[32m #x1B[0m#x1B[32m 34.2K#x1B[0m#x1B[32m #x1B[0m│#x1B[32m #x1B[0m#x1B[32m   &gt; 0.0#x1B[0m#x1B[32m #x1B[0m│#x1B[32m #x1B[0m#x1B[32m ✅ #x1B[0m#x1B[32m #x1B[0m│
│#x1B[32m #x1B[0m#x1B[32mUL Bitrate                      #x1B[0m#x1B[32m #x1B[0m│#x1B[32m #x1B[0m#x1B[32m  4.7K#x1B[0m#x1B[32m #x1B[0m│#x1B[32m #x1B[0m#x1B[32m   &gt; 0.0#x1B[0m#x1B[32m #x1B[0m│#x1B[32m #x1B[0m#x1B[32m ✅ #x1B[0m#x1B[32m #x1B[0m│
│#x1B[32m #x1B[0m#x1B[32mDL KOs                          #x1B[0m#x1B[32m #x1B[0m│#x1B[32m #x1B[0m#x1B[32m   0.0#x1B[0m#x1B[32m #x1B[0m│#x1B[32m #x1B[0m#x1B[32m  &lt;= 0.0#x1B[0m#x1B[32m #x1B[0m│#x1B[32m #x1B[0m#x1B[32m ✅ #x1B[0m#x1B[32m #x1B[0m│
│#x1B[32m #x1B[0m#x1B[32mUL KOs                          #x1B[0m#x1B[32m #x1B[0m│#x1B[32m #x1B[0m#x1B[32m   0.0#x1B[0m#x1B[32m #x1B[0m│#x1B[32m #x1B[0m#x1B[32m  &lt;= 0.0#x1B[0m#x1B[32m #x1B[0m│#x1B[32m #x1B[0m#x1B[32m ✅ #x1B[0m#x1B[32m #x1B[0m│
│#x1B[32m #x1B[0m#x1B[32mReestablishments                #x1B[0m#x1B[32m #x1B[0m│#x1B[32m #x1B[0m#x1B[32m   0.0#x1B[0m#x1B[32m #x1B[0m│#x1B[32m #x1B[0m#x1B[32m  == 0.0#x1B[0m#x1B[32m #x1B[0m│#x1B[32m #x1B[0m#x1B[32m ✅ #x1B[0m#x1B[32m #x1B[0m│
│#x1B[32m #x1B[0m#x1B[32mPDU Session Establishment Accept#x1B[0m#x1B[32m #x1B[0m│#x1B[32m #x1B[0m#x1B[32m   1.0#x1B[0m#x1B[32m #x1B[0m│#x1B[32m #x1B[0m#x1B[32m  == 1.0#x1B[0m#x1B[32m #x1B[0m│#x1B[32m #x1B[0m#x1B[32m ✅ #x1B[0m#x1B[32m #x1B[0m│
│#x1B[32m #x1B[0m#x1B[32mError Indications               #x1B[0m#x1B[32m #x1B[0m│#x1B[32m #x1B[0m#x1B[32m   0.0#x1B[0m#x1B[32m #x1B[0m│#x1B[32m #x1B[0m#x1B[32m  &lt;= 0.0#x1B[0m#x1B[32m #x1B[0m│#x1B[32m #x1B[0m#x1B[32m ✅ #x1B[0m#x1B[32m #x1B[0m│
│#x1B[32m #x1B[0m#x1B[32mNG Paging                       #x1B[0m#x1B[32m #x1B[0m│#x1B[32m #x1B[0m#x1B[32m   0.0#x1B[0m#x1B[32m #x1B[0m│#x1B[32m #x1B[0m#x1B[32m  == 0.0#x1B[0m#x1B[32m #x1B[0m│#x1B[32m #x1B[0m#x1B[32m ✅ #x1B[0m#x1B[32m #x1B[0m│
│#x1B[32m #x1B[0m#x1B[32mRRC Suspend                     #x1B[0m#x1B[32m #x1B[0m│#x1B[32m #x1B[0m#x1B[32m   1.0#x1B[0m#x1B[32m #x1B[0m│#x1B[32m #x1B[0m#x1B[32m  == 1.0#x1B[0m#x1B[32m #x1B[0m│#x1B[32m #x1B[0m#x1B[32m ✅ #x1B[0m#x1B[32m #x1B[0m│
│#x1B[32m #x1B[0m#x1B[32mPaging Messages                 #x1B[0m#x1B[32m #x1B[0m│#x1B[32m #x1B[0m#x1B[32m   2.0#x1B[0m#x1B[32m #x1B[0m│#x1B[32m #x1B[0m#x1B[32m  == 2.0#x1B[0m#x1B[32m #x1B[0m│#x1B[32m #x1B[0m#x1B[32m ✅ #x1B[0m#x1B[32m #x1B[0m│
│#x1B[32m #x1B[0m#x1B[32mRRC Resume Complete             #x1B[0m#x1B[32m #x1B[0m│#x1B[32m #x1B[0m#x1B[32m   1.0#x1B[0m#x1B[32m #x1B[0m│#x1B[32m #x1B[0m#x1B[32m  == 1.0#x1B[0m#x1B[32m #x1B[0m│#x1B[32m #x1B[0m#x1B[32m ✅ #x1B[0m#x1B[32m #x1B[0m│
└──────────────────────────────────┴────────┴──────────┴──────┘
--------------------------------- Captured Out ---------------------------------

</system-out><system-err>--------------------------------- Captured Err ---------------------------------

</system-err></testcase><testcase classname="tests.ue_simulator" name="test_gnb[functional.mobility.paging.edrx]" time="158.932"><properties><property name="markers" value="zmq_mme;MVP-FUNC-BAS-16-1;MVP-FUNC-MOB-11;DU-GEN-10" /></properties><system-out>--------------------------------- Captured Log ---------------------------------
2026-07-13 21:08:15 [#x1B[32mINFO#x1B[0m] 5GC [130429806699984] started
2026-07-13 21:08:19 [#x1B[32mINFO#x1B[0m] GNB [130429807232736] started
2026-07-13 21:08:20 [#x1B[32mINFO#x1B[0m] UE [130429807234512] started
2026-07-13 21:09:59 [#x1B[32mINFO#x1B[0m] UE [130429807234512] stopped
2026-07-13 21:10:05 [#x1B[32mINFO#x1B[0m] GNB [130429807232736] stopped
2026-07-13 21:10:06 [#x1B[32mINFO#x1B[0m] 5GC [130429806699984] stopped
2026-07-13 21:10:06 [#x1B[32mINFO#x1B[0m] 
#x1B[3m                      Pass/Fail Criteria                       #x1B[0m
┏━━━━━━━━━━━━━━━━━━━━━━━━━━━━━━━━━━┳━━━━━━━━┳━━━━━━━━━━┳━━━━━━┓
┃#x1B[1m #x1B[0m#x1B[1mCriteria Name                   #x1B[0m#x1B[1m #x1B[0m┃#x1B[1m #x1B[0m#x1B[1mResult#x1B[0m#x1B[1m #x1B[0m┃#x1B[1m #x1B[0m#x1B[1mExpected#x1B[0m#x1B[1m #x1B[0m┃#x1B[1m #x1B[0m#x1B[1mPass#x1B[0m#x1B[1m #x1B[0m┃
┡━━━━━━━━━━━━━━━━━━━━━━━━━━━━━━━━━━╇━━━━━━━━╇━━━━━━━━━━╇━━━━━━┩
│#x1B[32m #x1B[0m#x1B[32mErrors                          #x1B[0m#x1B[32m #x1B[0m│#x1B[32m #x1B[0m#x1B[32m   0.0#x1B[0m#x1B[32m #x1B[0m│#x1B[32m #x1B[0m#x1B[32m  &lt;= 0.0#x1B[0m#x1B[32m #x1B[0m│#x1B[32m #x1B[0m#x1B[32m ✅ #x1B[0m#x1B[32m #x1B[0m│
│#x1B[32m #x1B[0m#x1B[32mWarnings                        #x1B[0m#x1B[32m #x1B[0m│#x1B[32m #x1B[0m#x1B[32m   0.0#x1B[0m#x1B[32m #x1B[0m│#x1B[32m #x1B[0m#x1B[32m  &lt;= 0.0#x1B[0m#x1B[32m #x1B[0m│#x1B[32m #x1B[0m#x1B[32m ✅ #x1B[0m#x1B[32m #x1B[0m│
│#x1B[32m #x1B[0m#x1B[32mDL Bitrate                      #x1B[0m#x1B[32m #x1B[0m│#x1B[32m #x1B[0m#x1B[32m 34.2K#x1B[0m#x1B[32m #x1B[0m│#x1B[32m #x1B[0m#x1B[32m   &gt; 0.0#x1B[0m#x1B[32m #x1B[0m│#x1B[32m #x1B[0m#x1B[32m ✅ #x1B[0m#x1B[32m #x1B[0m│
│#x1B[32m #x1B[0m#x1B[32mUL Bitrate                      #x1B[0m#x1B[32m #x1B[0m│#x1B[32m #x1B[0m#x1B[32m  6.0K#x1B[0m#x1B[32m #x1B[0m│#x1B[32m #x1B[0m#x1B[32m   &gt; 0.0#x1B[0m#x1B[32m #x1B[0m│#x1B[32m #x1B[0m#x1B[32m ✅ #x1B[0m#x1B[32m #x1B[0m│
│#x1B[32m #x1B[0m#x1B[32mDL KOs                          #x1B[0m#x1B[32m #x1B[0m│#x1B[32m #x1B[0m#x1B[32m   0.0#x1B[0m#x1B[32m #x1B[0m│#x1B[32m #x1B[0m#x1B[32m  &lt;= 0.0#x1B[0m#x1B[32m #x1B[0m│#x1B[32m #x1B[0m#x1B[32m ✅ #x1B[0m#x1B[32m #x1B[0m│
│#x1B[32m #x1B[0m#x1B[32mUL KOs                          #x1B[0m#x1B[32m #x1B[0m│#x1B[32m #x1B[0m#x1B[32m   0.0#x1B[0m#x1B[32m #x1B[0m│#x1B[32m #x1B[0m#x1B[32m  &lt;= 0.0#x1B[0m#x1B[32m #x1B[0m│#x1B[32m #x1B[0m#x1B[32m ✅ #x1B[0m#x1B[32m #x1B[0m│
│#x1B[32m #x1B[0m#x1B[32mReestablishments                #x1B[0m#x1B[32m #x1B[0m│#x1B[32m #x1B[0m#x1B[32m   0.0#x1B[0m#x1B[32m #x1B[0m│#x1B[32m #x1B[0m#x1B[32m  == 0.0#x1B[0m#x1B[32m #x1B[0m│#x1B[32m #x1B[0m#x1B[32m ✅ #x1B[0m#x1B[32m #x1B[0m│
│#x1B[32m #x1B[0m#x1B[32mPDU Session Establishment Accept#x1B[0m#x1B[32m #x1B[0m│#x1B[32m #x1B[0m#x1B[32m   1.0#x1B[0m#x1B[32m #x1B[0m│#x1B[32m #x1B[0m#x1B[32m  == 1.0#x1B[0m#x1B[32m #x1B[0m│#x1B[32m #x1B[0m#x1B[32m ✅ #x1B[0m#x1B[32m #x1B[0m│
│#x1B[32m #x1B[0m#x1B[32mError Indications               #x1B[0m#x1B[32m #x1B[0m│#x1B[32m #x1B[0m#x1B[32m   0.0#x1B[0m#x1B[32m #x1B[0m│#x1B[32m #x1B[0m#x1B[32m  &lt;= 0.0#x1B[0m#x1B[32m #x1B[0m│#x1B[32m #x1B[0m#x1B[32m ✅ #x1B[0m#x1B[32m #x1B[0m│
│#x1B[32m #x1B[0m#x1B[32mNG Paging                       #x1B[0m#x1B[32m #x1B[0m│#x1B[32m #x1B[0m#x1B[32m   1.0#x1B[0m#x1B[32m #x1B[0m│#x1B[32m #x1B[0m#x1B[32m  == 1.0#x1B[0m#x1B[32m #x1B[0m│#x1B[32m #x1B[0m#x1B[32m ✅ #x1B[0m#x1B[32m #x1B[0m│
│#x1B[32m #x1B[0m#x1B[32mPaging Messages                 #x1B[0m#x1B[32m #x1B[0m│#x1B[32m #x1B[0m#x1B[32m   2.0#x1B[0m#x1B[32m #x1B[0m│#x1B[32m #x1B[0m#x1B[32m  == 2.0#x1B[0m#x1B[32m #x1B[0m│#x1B[32m #x1B[0m#x1B[32m ✅ #x1B[0m#x1B[32m #x1B[0m│
│#x1B[32m #x1B[0m#x1B[32mNAS Service Accept              #x1B[0m#x1B[32m #x1B[0m│#x1B[32m #x1B[0m#x1B[32m   1.0#x1B[0m#x1B[32m #x1B[0m│#x1B[32m #x1B[0m#x1B[32m  == 1.0#x1B[0m#x1B[32m #x1B[0m│#x1B[32m #x1B[0m#x1B[32m ✅ #x1B[0m#x1B[32m #x1B[0m│
└──────────────────────────────────┴────────┴──────────┴──────┘
--------------------------------- Captured Out ---------------------------------

</system-out><system-err>--------------------------------- Captured Err ---------------------------------

</system-err></testcase><testcase classname="tests.ue_simulator" name="test_gnb[functional.mobility.paging.rrc_inactive_mo]" time="192.673"><properties><property name="markers" value="zmq_mme;MVP-FUNC-MOB-10" /></properties><system-out>--------------------------------- Captured Log ---------------------------------
2026-07-13 21:11:12 [#x1B[32mINFO#x1B[0m] 5GC [130429813235952] started
2026-07-13 21:11:16 [#x1B[32mINFO#x1B[0m] GNB [130429801579488] started
2026-07-13 21:11:17 [#x1B[32mINFO#x1B[0m] UE [130429801591296] started
2026-07-13 21:13:12 [#x1B[32mINFO#x1B[0m] UE [130429801591296] stopped
2026-07-13 21:13:17 [#x1B[32mINFO#x1B[0m] GNB [130429801579488] stopped
2026-07-13 21:13:19 [#x1B[32mINFO#x1B[0m] 5GC [130429813235952] stopped
2026-07-13 21:13:19 [#x1B[32mINFO#x1B[0m] 
#x1B[3m                      Pass/Fail Criteria                       #x1B[0m
┏━━━━━━━━━━━━━━━━━━━━━━━━━━━━━━━━━━┳━━━━━━━━┳━━━━━━━━━━┳━━━━━━┓
┃#x1B[1m #x1B[0m#x1B[1mCriteria Name                   #x1B[0m#x1B[1m #x1B[0m┃#x1B[1m #x1B[0m#x1B[1mResult#x1B[0m#x1B[1m #x1B[0m┃#x1B[1m #x1B[0m#x1B[1mExpected#x1B[0m#x1B[1m #x1B[0m┃#x1B[1m #x1B[0m#x1B[1mPass#x1B[0m#x1B[1m #x1B[0m┃
┡━━━━━━━━━━━━━━━━━━━━━━━━━━━━━━━━━━╇━━━━━━━━╇━━━━━━━━━━╇━━━━━━┩
│#x1B[32m #x1B[0m#x1B[32mErrors                          #x1B[0m#x1B[32m #x1B[0m│#x1B[32m #x1B[0m#x1B[32m   0.0#x1B[0m#x1B[32m #x1B[0m│#x1B[32m #x1B[0m#x1B[32m  &lt;= 0.0#x1B[0m#x1B[32m #x1B[0m│#x1B[32m #x1B[0m#x1B[32m ✅ #x1B[0m#x1B[32m #x1B[0m│
│#x1B[32m #x1B[0m#x1B[32mWarnings                        #x1B[0m#x1B[32m #x1B[0m│#x1B[32m #x1B[0m#x1B[32m   0.0#x1B[0m#x1B[32m #x1B[0m│#x1B[32m #x1B[0m#x1B[32m  &lt;= 0.0#x1B[0m#x1B[32m #x1B[0m│#x1B[32m #x1B[0m#x1B[32m ✅ #x1B[0m#x1B[32m #x1B[0m│
│#x1B[32m #x1B[0m#x1B[32mDL Bitrate                      #x1B[0m#x1B[32m #x1B[0m│#x1B[32m #x1B[0m#x1B[32m 30.9K#x1B[0m#x1B[32m #x1B[0m│#x1B[32m #x1B[0m#x1B[32m   &gt; 0.0#x1B[0m#x1B[32m #x1B[0m│#x1B[32m #x1B[0m#x1B[32m ✅ #x1B[0m#x1B[32m #x1B[0m│
│#x1B[32m #x1B[0m#x1B[32mUL Bitrate                      #x1B[0m#x1B[32m #x1B[0m│#x1B[32m #x1B[0m#x1B[32m  9.0K#x1B[0m#x1B[32m #x1B[0m│#x1B[32m #x1B[0m#x1B[32m   &gt; 0.0#x1B[0m#x1B[32m #x1B[0m│#x1B[32m #x1B[0m#x1B[32m ✅ #x1B[0m#x1B[32m #x1B[0m│
│#x1B[32m #x1B[0m#x1B[32mDL KOs                          #x1B[0m#x1B[32m #x1B[0m│#x1B[32m #x1B[0m#x1B[32m   0.0#x1B[0m#x1B[32m #x1B[0m│#x1B[32m #x1B[0m#x1B[32m  &lt;= 0.0#x1B[0m#x1B[32m #x1B[0m│#x1B[32m #x1B[0m#x1B[32m ✅ #x1B[0m#x1B[32m #x1B[0m│
│#x1B[32m #x1B[0m#x1B[32mUL KOs                          #x1B[0m#x1B[32m #x1B[0m│#x1B[32m #x1B[0m#x1B[32m   0.0#x1B[0m#x1B[32m #x1B[0m│#x1B[32m #x1B[0m#x1B[32m  &lt;= 0.0#x1B[0m#x1B[32m #x1B[0m│#x1B[32m #x1B[0m#x1B[32m ✅ #x1B[0m#x1B[32m #x1B[0m│
│#x1B[32m #x1B[0m#x1B[32mReestablishments                #x1B[0m#x1B[32m #x1B[0m│#x1B[32m #x1B[0m#x1B[32m   0.0#x1B[0m#x1B[32m #x1B[0m│#x1B[32m #x1B[0m#x1B[32m  == 0.0#x1B[0m#x1B[32m #x1B[0m│#x1B[32m #x1B[0m#x1B[32m ✅ #x1B[0m#x1B[32m #x1B[0m│
│#x1B[32m #x1B[0m#x1B[32mPDU Session Establishment Accept#x1B[0m#x1B[32m #x1B[0m│#x1B[32m #x1B[0m#x1B[32m   1.0#x1B[0m#x1B[32m #x1B[0m│#x1B[32m #x1B[0m#x1B[32m  == 1.0#x1B[0m#x1B[32m #x1B[0m│#x1B[32m #x1B[0m#x1B[32m ✅ #x1B[0m#x1B[32m #x1B[0m│
│#x1B[32m #x1B[0m#x1B[32mError Indications               #x1B[0m#x1B[32m #x1B[0m│#x1B[32m #x1B[0m#x1B[32m   0.0#x1B[0m#x1B[32m #x1B[0m│#x1B[32m #x1B[0m#x1B[32m  &lt;= 0.0#x1B[0m#x1B[32m #x1B[0m│#x1B[32m #x1B[0m#x1B[32m ✅ #x1B[0m#x1B[32m #x1B[0m│
│#x1B[32m #x1B[0m#x1B[32mNG Paging                       #x1B[0m#x1B[32m #x1B[0m│#x1B[32m #x1B[0m#x1B[32m   0.0#x1B[0m#x1B[32m #x1B[0m│#x1B[32m #x1B[0m#x1B[32m  == 0.0#x1B[0m#x1B[32m #x1B[0m│#x1B[32m #x1B[0m#x1B[32m ✅ #x1B[0m#x1B[32m #x1B[0m│
│#x1B[32m #x1B[0m#x1B[32mRRC Suspend                     #x1B[0m#x1B[32m #x1B[0m│#x1B[32m #x1B[0m#x1B[32m   1.0#x1B[0m#x1B[32m #x1B[0m│#x1B[32m #x1B[0m#x1B[32m  == 1.0#x1B[0m#x1B[32m #x1B[0m│#x1B[32m #x1B[0m#x1B[32m ✅ #x1B[0m#x1B[32m #x1B[0m│
│#x1B[32m #x1B[0m#x1B[32mPaging Messages                 #x1B[0m#x1B[32m #x1B[0m│#x1B[32m #x1B[0m#x1B[32m   0.0#x1B[0m#x1B[32m #x1B[0m│#x1B[32m #x1B[0m#x1B[32m  == 0.0#x1B[0m#x1B[32m #x1B[0m│#x1B[32m #x1B[0m#x1B[32m ✅ #x1B[0m#x1B[32m #x1B[0m│
│#x1B[32m #x1B[0m#x1B[32mRRC Resume Complete             #x1B[0m#x1B[32m #x1B[0m│#x1B[32m #x1B[0m#x1B[32m   1.0#x1B[0m#x1B[32m #x1B[0m│#x1B[32m #x1B[0m#x1B[32m  == 1.0#x1B[0m#x1B[32m #x1B[0m│#x1B[32m #x1B[0m#x1B[32m ✅ #x1B[0m#x1B[32m #x1B[0m│
└──────────────────────────────────┴────────┴──────────┴──────┘
--------------------------------- Captured Out ---------------------------------

</system-out><system-err>--------------------------------- Captured Err ---------------------------------

</system-err></testcase><testcase classname="tests.ue_simulator" name="test_gnb[functional.mobility.paging.rrc_idle_mo]" time="181.465"><properties><property name="markers" value="zmq_mme;MVP-FUNC-MOB-11" /></properties><system-out>--------------------------------- Captured Log ---------------------------------
2026-07-13 21:14:19 [#x1B[32mINFO#x1B[0m] 5GC [130429821954976] started
2026-07-13 21:14:22 [#x1B[32mINFO#x1B[0m] GNB [130429806657168] started
2026-07-13 21:14:24 [#x1B[32mINFO#x1B[0m] UE [130429806641616] started
2026-07-13 21:16:19 [#x1B[32mINFO#x1B[0m] UE [130429806641616] stopped
2026-07-13 21:16:24 [#x1B[32mINFO#x1B[0m] GNB [130429806657168] stopped
2026-07-13 21:16:24 [#x1B[32mINFO#x1B[0m] 5GC [130429821954976] stopped
2026-07-13 21:16:24 [#x1B[32mINFO#x1B[0m] 
#x1B[3m                      Pass/Fail Criteria                       #x1B[0m
┏━━━━━━━━━━━━━━━━━━━━━━━━━━━━━━━━━━┳━━━━━━━━┳━━━━━━━━━━┳━━━━━━┓
┃#x1B[1m #x1B[0m#x1B[1mCriteria Name                   #x1B[0m#x1B[1m #x1B[0m┃#x1B[1m #x1B[0m#x1B[1mResult#x1B[0m#x1B[1m #x1B[0m┃#x1B[1m #x1B[0m#x1B[1mExpected#x1B[0m#x1B[1m #x1B[0m┃#x1B[1m #x1B[0m#x1B[1mPass#x1B[0m#x1B[1m #x1B[0m┃
┡━━━━━━━━━━━━━━━━━━━━━━━━━━━━━━━━━━╇━━━━━━━━╇━━━━━━━━━━╇━━━━━━┩
│#x1B[32m #x1B[0m#x1B[32mErrors                          #x1B[0m#x1B[32m #x1B[0m│#x1B[32m #x1B[0m#x1B[32m   0.0#x1B[0m#x1B[32m #x1B[0m│#x1B[32m #x1B[0m#x1B[32m  &lt;= 0.0#x1B[0m#x1B[32m #x1B[0m│#x1B[32m #x1B[0m#x1B[32m ✅ #x1B[0m#x1B[32m #x1B[0m│
│#x1B[32m #x1B[0m#x1B[32mWarnings                        #x1B[0m#x1B[32m #x1B[0m│#x1B[32m #x1B[0m#x1B[32m   0.0#x1B[0m#x1B[32m #x1B[0m│#x1B[32m #x1B[0m#x1B[32m  &lt;= 0.0#x1B[0m#x1B[32m #x1B[0m│#x1B[32m #x1B[0m#x1B[32m ✅ #x1B[0m#x1B[32m #x1B[0m│
│#x1B[32m #x1B[0m#x1B[32mDL Bitrate                      #x1B[0m#x1B[32m #x1B[0m│#x1B[32m #x1B[0m#x1B[32m 30.1K#x1B[0m#x1B[32m #x1B[0m│#x1B[32m #x1B[0m#x1B[32m   &gt; 0.0#x1B[0m#x1B[32m #x1B[0m│#x1B[32m #x1B[0m#x1B[32m ✅ #x1B[0m#x1B[32m #x1B[0m│
│#x1B[32m #x1B[0m#x1B[32mUL Bitrate                      #x1B[0m#x1B[32m #x1B[0m│#x1B[32m #x1B[0m#x1B[32m  9.6K#x1B[0m#x1B[32m #x1B[0m│#x1B[32m #x1B[0m#x1B[32m   &gt; 0.0#x1B[0m#x1B[32m #x1B[0m│#x1B[32m #x1B[0m#x1B[32m ✅ #x1B[0m#x1B[32m #x1B[0m│
│#x1B[32m #x1B[0m#x1B[32mDL KOs                          #x1B[0m#x1B[32m #x1B[0m│#x1B[32m #x1B[0m#x1B[32m   0.0#x1B[0m#x1B[32m #x1B[0m│#x1B[32m #x1B[0m#x1B[32m  &lt;= 0.0#x1B[0m#x1B[32m #x1B[0m│#x1B[32m #x1B[0m#x1B[32m ✅ #x1B[0m#x1B[32m #x1B[0m│
│#x1B[32m #x1B[0m#x1B[32mUL KOs                          #x1B[0m#x1B[32m #x1B[0m│#x1B[32m #x1B[0m#x1B[32m   0.0#x1B[0m#x1B[32m #x1B[0m│#x1B[32m #x1B[0m#x1B[32m  &lt;= 0.0#x1B[0m#x1B[32m #x1B[0m│#x1B[32m #x1B[0m#x1B[32m ✅ #x1B[0m#x1B[32m #x1B[0m│
│#x1B[32m #x1B[0m#x1B[32mReestablishments                #x1B[0m#x1B[32m #x1B[0m│#x1B[32m #x1B[0m#x1B[32m   0.0#x1B[0m#x1B[32m #x1B[0m│#x1B[32m #x1B[0m#x1B[32m  == 0.0#x1B[0m#x1B[32m #x1B[0m│#x1B[32m #x1B[0m#x1B[32m ✅ #x1B[0m#x1B[32m #x1B[0m│
│#x1B[32m #x1B[0m#x1B[32mPDU Session Establishment Accept#x1B[0m#x1B[32m #x1B[0m│#x1B[32m #x1B[0m#x1B[32m   1.0#x1B[0m#x1B[32m #x1B[0m│#x1B[32m #x1B[0m#x1B[32m  == 1.0#x1B[0m#x1B[32m #x1B[0m│#x1B[32m #x1B[0m#x1B[32m ✅ #x1B[0m#x1B[32m #x1B[0m│
│#x1B[32m #x1B[0m#x1B[32mError Indications               #x1B[0m#x1B[32m #x1B[0m│#x1B[32m #x1B[0m#x1B[32m   0.0#x1B[0m#x1B[32m #x1B[0m│#x1B[32m #x1B[0m#x1B[32m  &lt;= 0.0#x1B[0m#x1B[32m #x1B[0m│#x1B[32m #x1B[0m#x1B[32m ✅ #x1B[0m#x1B[32m #x1B[0m│
│#x1B[32m #x1B[0m#x1B[32mNG Paging                       #x1B[0m#x1B[32m #x1B[0m│#x1B[32m #x1B[0m#x1B[32m   0.0#x1B[0m#x1B[32m #x1B[0m│#x1B[32m #x1B[0m#x1B[32m  == 0.0#x1B[0m#x1B[32m #x1B[0m│#x1B[32m #x1B[0m#x1B[32m ✅ #x1B[0m#x1B[32m #x1B[0m│
│#x1B[32m #x1B[0m#x1B[32mPaging Messages                 #x1B[0m#x1B[32m #x1B[0m│#x1B[32m #x1B[0m#x1B[32m   0.0#x1B[0m#x1B[32m #x1B[0m│#x1B[32m #x1B[0m#x1B[32m  == 0.0#x1B[0m#x1B[32m #x1B[0m│#x1B[32m #x1B[0m#x1B[32m ✅ #x1B[0m#x1B[32m #x1B[0m│
│#x1B[32m #x1B[0m#x1B[32mNAS Service Accept              #x1B[0m#x1B[32m #x1B[0m│#x1B[32m #x1B[0m#x1B[32m   1.0#x1B[0m#x1B[32m #x1B[0m│#x1B[32m #x1B[0m#x1B[32m  == 1.0#x1B[0m#x1B[32m #x1B[0m│#x1B[32m #x1B[0m#x1B[32m ✅ #x1B[0m#x1B[32m #x1B[0m│
└──────────────────────────────────┴────────┴──────────┴──────┘
--------------------------------- Captured Out ---------------------------------

</system-out><system-err>--------------------------------- Captured Err ---------------------------------

</system-err></testcase><testcase classname="tests.ue_simulator" name="test_gnb[functional.mobility.paging.rrc_idle_mt_multi]" time="253.095"><properties><property name="markers" value="zmq_mme;MVP-FUNC-BAS-16-1;MVP-FUNC-MOB-11" /></properties><system-out>--------------------------------- Captured Log ---------------------------------
2026-07-13 21:17:08 [#x1B[32mINFO#x1B[0m] 5GC [130429821952288] started
2026-07-13 21:17:12 [#x1B[32mINFO#x1B[0m] GNB [130429820918368] started
2026-07-13 21:17:13 [#x1B[32mINFO#x1B[0m] UE [130429801585152] started
2026-07-13 21:20:31 [#x1B[32mINFO#x1B[0m] UE [130429801585152] stopped
2026-07-13 21:20:36 [#x1B[32mINFO#x1B[0m] GNB [130429820918368] stopped
2026-07-13 21:20:37 [#x1B[32mINFO#x1B[0m] 5GC [130429821952288] stopped
2026-07-13 21:20:37 [#x1B[32mINFO#x1B[0m] 
#x1B[3m                      Pass/Fail Criteria                       #x1B[0m
┏━━━━━━━━━━━━━━━━━━━━━━━━━━━━━━━━━━┳━━━━━━━━┳━━━━━━━━━━┳━━━━━━┓
┃#x1B[1m #x1B[0m#x1B[1mCriteria Name                   #x1B[0m#x1B[1m #x1B[0m┃#x1B[1m #x1B[0m#x1B[1mResult#x1B[0m#x1B[1m #x1B[0m┃#x1B[1m #x1B[0m#x1B[1mExpected#x1B[0m#x1B[1m #x1B[0m┃#x1B[1m #x1B[0m#x1B[1mPass#x1B[0m#x1B[1m #x1B[0m┃
┡━━━━━━━━━━━━━━━━━━━━━━━━━━━━━━━━━━╇━━━━━━━━╇━━━━━━━━━━╇━━━━━━┩
│#x1B[32m #x1B[0m#x1B[32mErrors                          #x1B[0m#x1B[32m #x1B[0m│#x1B[32m #x1B[0m#x1B[32m   0.0#x1B[0m#x1B[32m #x1B[0m│#x1B[32m #x1B[0m#x1B[32m  &lt;= 0.0#x1B[0m#x1B[32m #x1B[0m│#x1B[32m #x1B[0m#x1B[32m ✅ #x1B[0m#x1B[32m #x1B[0m│
│#x1B[32m #x1B[0m#x1B[32mWarnings                        #x1B[0m#x1B[32m #x1B[0m│#x1B[32m #x1B[0m#x1B[32m   0.0#x1B[0m#x1B[32m #x1B[0m│#x1B[32m #x1B[0m#x1B[32m  &lt;= 0.0#x1B[0m#x1B[32m #x1B[0m│#x1B[32m #x1B[0m#x1B[32m ✅ #x1B[0m#x1B[32m #x1B[0m│
│#x1B[32m #x1B[0m#x1B[32mDL Bitrate                      #x1B[0m#x1B[32m #x1B[0m│#x1B[32m #x1B[0m#x1B[32m 32.4K#x1B[0m#x1B[32m #x1B[0m│#x1B[32m #x1B[0m#x1B[32m   &gt; 0.0#x1B[0m#x1B[32m #x1B[0m│#x1B[32m #x1B[0m#x1B[32m ✅ #x1B[0m#x1B[32m #x1B[0m│
│#x1B[32m #x1B[0m#x1B[32mUL Bitrate                      #x1B[0m#x1B[32m #x1B[0m│#x1B[32m #x1B[0m#x1B[32m  6.1K#x1B[0m#x1B[32m #x1B[0m│#x1B[32m #x1B[0m#x1B[32m   &gt; 0.0#x1B[0m#x1B[32m #x1B[0m│#x1B[32m #x1B[0m#x1B[32m ✅ #x1B[0m#x1B[32m #x1B[0m│
│#x1B[32m #x1B[0m#x1B[32mDL KOs                          #x1B[0m#x1B[32m #x1B[0m│#x1B[32m #x1B[0m#x1B[32m   0.0#x1B[0m#x1B[32m #x1B[0m│#x1B[32m #x1B[0m#x1B[32m  &lt;= 0.0#x1B[0m#x1B[32m #x1B[0m│#x1B[32m #x1B[0m#x1B[32m ✅ #x1B[0m#x1B[32m #x1B[0m│
│#x1B[32m #x1B[0m#x1B[32mUL KOs                          #x1B[0m#x1B[32m #x1B[0m│#x1B[32m #x1B[0m#x1B[32m   0.0#x1B[0m#x1B[32m #x1B[0m│#x1B[32m #x1B[0m#x1B[32m  &lt;= 0.0#x1B[0m#x1B[32m #x1B[0m│#x1B[32m #x1B[0m#x1B[32m ✅ #x1B[0m#x1B[32m #x1B[0m│
│#x1B[32m #x1B[0m#x1B[32mReestablishments                #x1B[0m#x1B[32m #x1B[0m│#x1B[32m #x1B[0m#x1B[32m   0.0#x1B[0m#x1B[32m #x1B[0m│#x1B[32m #x1B[0m#x1B[32m  == 0.0#x1B[0m#x1B[32m #x1B[0m│#x1B[32m #x1B[0m#x1B[32m ✅ #x1B[0m#x1B[32m #x1B[0m│
│#x1B[32m #x1B[0m#x1B[32mPDU Session Establishment Accept#x1B[0m#x1B[32m #x1B[0m│#x1B[32m #x1B[0m#x1B[32m   1.0#x1B[0m#x1B[32m #x1B[0m│#x1B[32m #x1B[0m#x1B[32m  == 1.0#x1B[0m#x1B[32m #x1B[0m│#x1B[32m #x1B[0m#x1B[32m ✅ #x1B[0m#x1B[32m #x1B[0m│
│#x1B[32m #x1B[0m#x1B[32mError Indications               #x1B[0m#x1B[32m #x1B[0m│#x1B[32m #x1B[0m#x1B[32m   0.0#x1B[0m#x1B[32m #x1B[0m│#x1B[32m #x1B[0m#x1B[32m  &lt;= 0.0#x1B[0m#x1B[32m #x1B[0m│#x1B[32m #x1B[0m#x1B[32m ✅ #x1B[0m#x1B[32m #x1B[0m│
│#x1B[32m #x1B[0m#x1B[32mNG Paging                       #x1B[0m#x1B[32m #x1B[0m│#x1B[32m #x1B[0m#x1B[32m   3.0#x1B[0m#x1B[32m #x1B[0m│#x1B[32m #x1B[0m#x1B[32m  == 3.0#x1B[0m#x1B[32m #x1B[0m│#x1B[32m #x1B[0m#x1B[32m ✅ #x1B[0m#x1B[32m #x1B[0m│
│#x1B[32m #x1B[0m#x1B[32mPaging Messages                 #x1B[0m#x1B[32m #x1B[0m│#x1B[32m #x1B[0m#x1B[32m   6.0#x1B[0m#x1B[32m #x1B[0m│#x1B[32m #x1B[0m#x1B[32m  == 6.0#x1B[0m#x1B[32m #x1B[0m│#x1B[32m #x1B[0m#x1B[32m ✅ #x1B[0m#x1B[32m #x1B[0m│
│#x1B[32m #x1B[0m#x1B[32mNAS Service Accept              #x1B[0m#x1B[32m #x1B[0m│#x1B[32m #x1B[0m#x1B[32m   3.0#x1B[0m#x1B[32m #x1B[0m│#x1B[32m #x1B[0m#x1B[32m  == 3.0#x1B[0m#x1B[32m #x1B[0m│#x1B[32m #x1B[0m#x1B[32m ✅ #x1B[0m#x1B[32m #x1B[0m│
└──────────────────────────────────┴────────┴──────────┴──────┘
--------------------------------- Captured Out ---------------------------------

</system-out><system-err>--------------------------------- Captured Err ---------------------------------

</system-err></testcase><testcase classname="tests.ue_simulator" name="test_gnb[functional.mobility.paging.drx]" time="203.199"><properties><property name="markers" value="zmq_mme;MVP-FUNC-BAS-16-1;MVP-FUNC-SVCS-16-6" /></properties><system-out>--------------------------------- Captured Log ---------------------------------
2026-07-13 21:21:22 [#x1B[32mINFO#x1B[0m] 5GC [130429805801504] started
2026-07-13 21:21:26 [#x1B[32mINFO#x1B[0m] GNB [130429804665152] started
2026-07-13 21:21:33 [#x1B[31m#x1B[1mERROR#x1B[0m] UE_1 crashed with exit code 66 (Unknown exit code)
2026-07-13 21:22:29 [#x1B[32mINFO#x1B[0m] 5GC [130429804818704] started
2026-07-13 21:22:32 [#x1B[32mINFO#x1B[0m] GNB [130429798577696] started
2026-07-13 21:22:33 [#x1B[32mINFO#x1B[0m] UE [130429798571936] started
2026-07-13 21:24:13 [#x1B[32mINFO#x1B[0m] UE [130429798571936] stopped
2026-07-13 21:24:21 [#x1B[32mINFO#x1B[0m] GNB [130429798577696] stopped
2026-07-13 21:24:21 [#x1B[32mINFO#x1B[0m] 5GC [130429804818704] stopped
2026-07-13 21:24:21 [#x1B[32mINFO#x1B[0m] 
#x1B[3m                      Pass/Fail Criteria                       #x1B[0m
┏━━━━━━━━━━━━━━━━━━━━━━━━━━━━━━━━━━┳━━━━━━━━┳━━━━━━━━━━┳━━━━━━┓
┃#x1B[1m #x1B[0m#x1B[1mCriteria Name                   #x1B[0m#x1B[1m #x1B[0m┃#x1B[1m #x1B[0m#x1B[1mResult#x1B[0m#x1B[1m #x1B[0m┃#x1B[1m #x1B[0m#x1B[1mExpected#x1B[0m#x1B[1m #x1B[0m┃#x1B[1m #x1B[0m#x1B[1mPass#x1B[0m#x1B[1m #x1B[0m┃
┡━━━━━━━━━━━━━━━━━━━━━━━━━━━━━━━━━━╇━━━━━━━━╇━━━━━━━━━━╇━━━━━━┩
│#x1B[32m #x1B[0m#x1B[32mErrors                          #x1B[0m#x1B[32m #x1B[0m│#x1B[32m #x1B[0m#x1B[32m   0.0#x1B[0m#x1B[32m #x1B[0m│#x1B[32m #x1B[0m#x1B[32m  &lt;= 0.0#x1B[0m#x1B[32m #x1B[0m│#x1B[32m #x1B[0m#x1B[32m ✅ #x1B[0m#x1B[32m #x1B[0m│
│#x1B[32m #x1B[0m#x1B[32mWarnings                        #x1B[0m#x1B[32m #x1B[0m│#x1B[32m #x1B[0m#x1B[32m   0.0#x1B[0m#x1B[32m #x1B[0m│#x1B[32m #x1B[0m#x1B[32m  &lt;= 0.0#x1B[0m#x1B[32m #x1B[0m│#x1B[32m #x1B[0m#x1B[32m ✅ #x1B[0m#x1B[32m #x1B[0m│
│#x1B[32m #x1B[0m#x1B[32mDL Bitrate                      #x1B[0m#x1B[32m #x1B[0m│#x1B[32m #x1B[0m#x1B[32m 21.4K#x1B[0m#x1B[32m #x1B[0m│#x1B[32m #x1B[0m#x1B[32m   &gt; 0.0#x1B[0m#x1B[32m #x1B[0m│#x1B[32m #x1B[0m#x1B[32m ✅ #x1B[0m#x1B[32m #x1B[0m│
│#x1B[32m #x1B[0m#x1B[32mUL Bitrate                      #x1B[0m#x1B[32m #x1B[0m│#x1B[32m #x1B[0m#x1B[32m  6.5K#x1B[0m#x1B[32m #x1B[0m│#x1B[32m #x1B[0m#x1B[32m   &gt; 0.0#x1B[0m#x1B[32m #x1B[0m│#x1B[32m #x1B[0m#x1B[32m ✅ #x1B[0m#x1B[32m #x1B[0m│
│#x1B[32m #x1B[0m#x1B[32mDL KOs                          #x1B[0m#x1B[32m #x1B[0m│#x1B[32m #x1B[0m#x1B[32m   0.0#x1B[0m#x1B[32m #x1B[0m│#x1B[32m #x1B[0m#x1B[32m  &lt;= 0.0#x1B[0m#x1B[32m #x1B[0m│#x1B[32m #x1B[0m#x1B[32m ✅ #x1B[0m#x1B[32m #x1B[0m│
│#x1B[32m #x1B[0m#x1B[32mUL KOs                          #x1B[0m#x1B[32m #x1B[0m│#x1B[32m #x1B[0m#x1B[32m   0.0#x1B[0m#x1B[32m #x1B[0m│#x1B[32m #x1B[0m#x1B[32m  &lt;= 0.0#x1B[0m#x1B[32m #x1B[0m│#x1B[32m #x1B[0m#x1B[32m ✅ #x1B[0m#x1B[32m #x1B[0m│
│#x1B[32m #x1B[0m#x1B[32mReestablishments                #x1B[0m#x1B[32m #x1B[0m│#x1B[32m #x1B[0m#x1B[32m   0.0#x1B[0m#x1B[32m #x1B[0m│#x1B[32m #x1B[0m#x1B[32m  == 0.0#x1B[0m#x1B[32m #x1B[0m│#x1B[32m #x1B[0m#x1B[32m ✅ #x1B[0m#x1B[32m #x1B[0m│
│#x1B[32m #x1B[0m#x1B[32mPDU Session Establishment Accept#x1B[0m#x1B[32m #x1B[0m│#x1B[32m #x1B[0m#x1B[32m   1.0#x1B[0m#x1B[32m #x1B[0m│#x1B[32m #x1B[0m#x1B[32m  == 1.0#x1B[0m#x1B[32m #x1B[0m│#x1B[32m #x1B[0m#x1B[32m ✅ #x1B[0m#x1B[32m #x1B[0m│
│#x1B[32m #x1B[0m#x1B[32mError Indications               #x1B[0m#x1B[32m #x1B[0m│#x1B[32m #x1B[0m#x1B[32m   0.0#x1B[0m#x1B[32m #x1B[0m│#x1B[32m #x1B[0m#x1B[32m  &lt;= 0.0#x1B[0m#x1B[32m #x1B[0m│#x1B[32m #x1B[0m#x1B[32m ✅ #x1B[0m#x1B[32m #x1B[0m│
│#x1B[32m #x1B[0m#x1B[32mNG Paging                       #x1B[0m#x1B[32m #x1B[0m│#x1B[32m #x1B[0m#x1B[32m   1.0#x1B[0m#x1B[32m #x1B[0m│#x1B[32m #x1B[0m#x1B[32m  == 1.0#x1B[0m#x1B[32m #x1B[0m│#x1B[32m #x1B[0m#x1B[32m ✅ #x1B[0m#x1B[32m #x1B[0m│
│#x1B[32m #x1B[0m#x1B[32mPaging Messages                 #x1B[0m#x1B[32m #x1B[0m│#x1B[32m #x1B[0m#x1B[32m   2.0#x1B[0m#x1B[32m #x1B[0m│#x1B[32m #x1B[0m#x1B[32m  == 2.0#x1B[0m#x1B[32m #x1B[0m│#x1B[32m #x1B[0m#x1B[32m ✅ #x1B[0m#x1B[32m #x1B[0m│
│#x1B[32m #x1B[0m#x1B[32mDRX Long Cycle                  #x1B[0m#x1B[32m #x1B[0m│#x1B[32m #x1B[0m#x1B[32m   7.0#x1B[0m#x1B[32m #x1B[0m│#x1B[32m #x1B[0m#x1B[32m  == 7.0#x1B[0m#x1B[32m #x1B[0m│#x1B[32m #x1B[0m#x1B[32m ✅ #x1B[0m#x1B[32m #x1B[0m│
│#x1B[32m #x1B[0m#x1B[32mNAS Service Accept              #x1B[0m#x1B[32m #x1B[0m│#x1B[32m #x1B[0m#x1B[32m   1.0#x1B[0m#x1B[32m #x1B[0m│#x1B[32m #x1B[0m#x1B[32m  == 1.0#x1B[0m#x1B[32m #x1B[0m│#x1B[32m #x1B[0m#x1B[32m ✅ #x1B[0m#x1B[32m #x1B[0m│
└──────────────────────────────────┴────────┴──────────┴──────┘
--------------------------------- Captured Out ---------------------------------

</system-out><system-err>--------------------------------- Captured Err ---------------------------------

</system-err></testcase><testcase classname="tests.ue_simulator" name="test_gnb[functional.mobility.paging.baseline]" time="149.458"><properties><property name="markers" value="zmq_mme;MVP-FUNC-BAS-16-1;MVP-FUNC-MOB-11" /></properties><system-out>--------------------------------- Captured Log ---------------------------------
2026-07-13 21:25:03 [#x1B[32mINFO#x1B[0m] 5GC [130429821949744] started
2026-07-13 21:25:07 [#x1B[32mINFO#x1B[0m] GNB [130429821959968] started
2026-07-13 21:25:08 [#x1B[32mINFO#x1B[0m] UE [130429815396240] started
2026-07-13 21:26:42 [#x1B[32mINFO#x1B[0m] UE [130429815396240] stopped
2026-07-13 21:26:48 [#x1B[32mINFO#x1B[0m] GNB [130429821959968] stopped
2026-07-13 21:26:50 [#x1B[32mINFO#x1B[0m] 5GC [130429821949744] stopped
2026-07-13 21:26:50 [#x1B[32mINFO#x1B[0m] 
#x1B[3m                      Pass/Fail Criteria                       #x1B[0m
┏━━━━━━━━━━━━━━━━━━━━━━━━━━━━━━━━━━┳━━━━━━━━┳━━━━━━━━━━┳━━━━━━┓
┃#x1B[1m #x1B[0m#x1B[1mCriteria Name                   #x1B[0m#x1B[1m #x1B[0m┃#x1B[1m #x1B[0m#x1B[1mResult#x1B[0m#x1B[1m #x1B[0m┃#x1B[1m #x1B[0m#x1B[1mExpected#x1B[0m#x1B[1m #x1B[0m┃#x1B[1m #x1B[0m#x1B[1mPass#x1B[0m#x1B[1m #x1B[0m┃
┡━━━━━━━━━━━━━━━━━━━━━━━━━━━━━━━━━━╇━━━━━━━━╇━━━━━━━━━━╇━━━━━━┩
│#x1B[32m #x1B[0m#x1B[32mErrors                          #x1B[0m#x1B[32m #x1B[0m│#x1B[32m #x1B[0m#x1B[32m   0.0#x1B[0m#x1B[32m #x1B[0m│#x1B[32m #x1B[0m#x1B[32m  &lt;= 0.0#x1B[0m#x1B[32m #x1B[0m│#x1B[32m #x1B[0m#x1B[32m ✅ #x1B[0m#x1B[32m #x1B[0m│
│#x1B[32m #x1B[0m#x1B[32mWarnings                        #x1B[0m#x1B[32m #x1B[0m│#x1B[32m #x1B[0m#x1B[32m   0.0#x1B[0m#x1B[32m #x1B[0m│#x1B[32m #x1B[0m#x1B[32m  &lt;= 0.0#x1B[0m#x1B[32m #x1B[0m│#x1B[32m #x1B[0m#x1B[32m ✅ #x1B[0m#x1B[32m #x1B[0m│
│#x1B[32m #x1B[0m#x1B[32mDL Bitrate                      #x1B[0m#x1B[32m #x1B[0m│#x1B[32m #x1B[0m#x1B[32m 28.6K#x1B[0m#x1B[32m #x1B[0m│#x1B[32m #x1B[0m#x1B[32m   &gt; 0.0#x1B[0m#x1B[32m #x1B[0m│#x1B[32m #x1B[0m#x1B[32m ✅ #x1B[0m#x1B[32m #x1B[0m│
│#x1B[32m #x1B[0m#x1B[32mUL Bitrate                      #x1B[0m#x1B[32m #x1B[0m│#x1B[32m #x1B[0m#x1B[32m  6.0K#x1B[0m#x1B[32m #x1B[0m│#x1B[32m #x1B[0m#x1B[32m   &gt; 0.0#x1B[0m#x1B[32m #x1B[0m│#x1B[32m #x1B[0m#x1B[32m ✅ #x1B[0m#x1B[32m #x1B[0m│
│#x1B[32m #x1B[0m#x1B[32mDL KOs                          #x1B[0m#x1B[32m #x1B[0m│#x1B[32m #x1B[0m#x1B[32m   0.0#x1B[0m#x1B[32m #x1B[0m│#x1B[32m #x1B[0m#x1B[32m  &lt;= 0.0#x1B[0m#x1B[32m #x1B[0m│#x1B[32m #x1B[0m#x1B[32m ✅ #x1B[0m#x1B[32m #x1B[0m│
│#x1B[32m #x1B[0m#x1B[32mUL KOs                          #x1B[0m#x1B[32m #x1B[0m│#x1B[32m #x1B[0m#x1B[32m   0.0#x1B[0m#x1B[32m #x1B[0m│#x1B[32m #x1B[0m#x1B[32m  &lt;= 0.0#x1B[0m#x1B[32m #x1B[0m│#x1B[32m #x1B[0m#x1B[32m ✅ #x1B[0m#x1B[32m #x1B[0m│
│#x1B[32m #x1B[0m#x1B[32mReestablishments                #x1B[0m#x1B[32m #x1B[0m│#x1B[32m #x1B[0m#x1B[32m   0.0#x1B[0m#x1B[32m #x1B[0m│#x1B[32m #x1B[0m#x1B[32m  == 0.0#x1B[0m#x1B[32m #x1B[0m│#x1B[32m #x1B[0m#x1B[32m ✅ #x1B[0m#x1B[32m #x1B[0m│
│#x1B[32m #x1B[0m#x1B[32mPDU Session Establishment Accept#x1B[0m#x1B[32m #x1B[0m│#x1B[32m #x1B[0m#x1B[32m   1.0#x1B[0m#x1B[32m #x1B[0m│#x1B[32m #x1B[0m#x1B[32m  == 1.0#x1B[0m#x1B[32m #x1B[0m│#x1B[32m #x1B[0m#x1B[32m ✅ #x1B[0m#x1B[32m #x1B[0m│
│#x1B[32m #x1B[0m#x1B[32mError Indications               #x1B[0m#x1B[32m #x1B[0m│#x1B[32m #x1B[0m#x1B[32m   0.0#x1B[0m#x1B[32m #x1B[0m│#x1B[32m #x1B[0m#x1B[32m  &lt;= 0.0#x1B[0m#x1B[32m #x1B[0m│#x1B[32m #x1B[0m#x1B[32m ✅ #x1B[0m#x1B[32m #x1B[0m│
│#x1B[32m #x1B[0m#x1B[32mNG Paging                       #x1B[0m#x1B[32m #x1B[0m│#x1B[32m #x1B[0m#x1B[32m   1.0#x1B[0m#x1B[32m #x1B[0m│#x1B[32m #x1B[0m#x1B[32m  == 1.0#x1B[0m#x1B[32m #x1B[0m│#x1B[32m #x1B[0m#x1B[32m ✅ #x1B[0m#x1B[32m #x1B[0m│
│#x1B[32m #x1B[0m#x1B[32mPaging Messages                 #x1B[0m#x1B[32m #x1B[0m│#x1B[32m #x1B[0m#x1B[32m   2.0#x1B[0m#x1B[32m #x1B[0m│#x1B[32m #x1B[0m#x1B[32m  == 2.0#x1B[0m#x1B[32m #x1B[0m│#x1B[32m #x1B[0m#x1B[32m ✅ #x1B[0m#x1B[32m #x1B[0m│
│#x1B[32m #x1B[0m#x1B[32mNAS Service Accept              #x1B[0m#x1B[32m #x1B[0m│#x1B[32m #x1B[0m#x1B[32m   1.0#x1B[0m#x1B[32m #x1B[0m│#x1B[32m #x1B[0m#x1B[32m  == 1.0#x1B[0m#x1B[32m #x1B[0m│#x1B[32m #x1B[0m#x1B[32m ✅ #x1B[0m#x1B[32m #x1B[0m│
└──────────────────────────────────┴────────┴──────────┴──────┘
--------------------------------- Captured Out ---------------------------------

</system-out><system-err>--------------------------------- Captured Err ---------------------------------

</system-err></testcase><testcase classname="tests.ue_simulator" name="test_gnb[functional.mobility.paging.rrc_inactive_mt_multi]" time="265.189"><properties><property name="markers" value="zmq_mme;MVP-FUNC-BAS-16-1;MVP-FUNC-MOB-10" /></properties><system-out>--------------------------------- Captured Log ---------------------------------
2026-07-13 21:27:46 [#x1B[32mINFO#x1B[0m] 5GC [130429801762496] started
2026-07-13 21:27:50 [#x1B[32mINFO#x1B[0m] GNB [130429801767968] started
2026-07-13 21:27:51 [#x1B[32mINFO#x1B[0m] UE [130429801760672] started
2026-07-13 21:31:08 [#x1B[32mINFO#x1B[0m] UE [130429801760672] stopped
2026-07-13 21:31:15 [#x1B[32mINFO#x1B[0m] GNB [130429801767968] stopped
2026-07-13 21:31:16 [#x1B[32mINFO#x1B[0m] 5GC [130429801762496] stopped
2026-07-13 21:31:16 [#x1B[32mINFO#x1B[0m] 
#x1B[3m                      Pass/Fail Criteria                       #x1B[0m
┏━━━━━━━━━━━━━━━━━━━━━━━━━━━━━━━━━━┳━━━━━━━━┳━━━━━━━━━━┳━━━━━━┓
┃#x1B[1m #x1B[0m#x1B[1mCriteria Name                   #x1B[0m#x1B[1m #x1B[0m┃#x1B[1m #x1B[0m#x1B[1mResult#x1B[0m#x1B[1m #x1B[0m┃#x1B[1m #x1B[0m#x1B[1mExpected#x1B[0m#x1B[1m #x1B[0m┃#x1B[1m #x1B[0m#x1B[1mPass#x1B[0m#x1B[1m #x1B[0m┃
┡━━━━━━━━━━━━━━━━━━━━━━━━━━━━━━━━━━╇━━━━━━━━╇━━━━━━━━━━╇━━━━━━┩
│#x1B[32m #x1B[0m#x1B[32mErrors                          #x1B[0m#x1B[32m #x1B[0m│#x1B[32m #x1B[0m#x1B[32m   0.0#x1B[0m#x1B[32m #x1B[0m│#x1B[32m #x1B[0m#x1B[32m  &lt;= 0.0#x1B[0m#x1B[32m #x1B[0m│#x1B[32m #x1B[0m#x1B[32m ✅ #x1B[0m#x1B[32m #x1B[0m│
│#x1B[32m #x1B[0m#x1B[32mWarnings                        #x1B[0m#x1B[32m #x1B[0m│#x1B[32m #x1B[0m#x1B[32m   0.0#x1B[0m#x1B[32m #x1B[0m│#x1B[32m #x1B[0m#x1B[32m  &lt;= 0.0#x1B[0m#x1B[32m #x1B[0m│#x1B[32m #x1B[0m#x1B[32m ✅ #x1B[0m#x1B[32m #x1B[0m│
│#x1B[32m #x1B[0m#x1B[32mDL Bitrate                      #x1B[0m#x1B[32m #x1B[0m│#x1B[32m #x1B[0m#x1B[32m 41.1K#x1B[0m#x1B[32m #x1B[0m│#x1B[32m #x1B[0m#x1B[32m   &gt; 0.0#x1B[0m#x1B[32m #x1B[0m│#x1B[32m #x1B[0m#x1B[32m ✅ #x1B[0m#x1B[32m #x1B[0m│
│#x1B[32m #x1B[0m#x1B[32mUL Bitrate                      #x1B[0m#x1B[32m #x1B[0m│#x1B[32m #x1B[0m#x1B[32m  5.2K#x1B[0m#x1B[32m #x1B[0m│#x1B[32m #x1B[0m#x1B[32m   &gt; 0.0#x1B[0m#x1B[32m #x1B[0m│#x1B[32m #x1B[0m#x1B[32m ✅ #x1B[0m#x1B[32m #x1B[0m│
│#x1B[32m #x1B[0m#x1B[32mDL KOs                          #x1B[0m#x1B[32m #x1B[0m│#x1B[32m #x1B[0m#x1B[32m   0.0#x1B[0m#x1B[32m #x1B[0m│#x1B[32m #x1B[0m#x1B[32m  &lt;= 0.0#x1B[0m#x1B[32m #x1B[0m│#x1B[32m #x1B[0m#x1B[32m ✅ #x1B[0m#x1B[32m #x1B[0m│
│#x1B[32m #x1B[0m#x1B[32mUL KOs                          #x1B[0m#x1B[32m #x1B[0m│#x1B[32m #x1B[0m#x1B[32m   0.0#x1B[0m#x1B[32m #x1B[0m│#x1B[32m #x1B[0m#x1B[32m  &lt;= 0.0#x1B[0m#x1B[32m #x1B[0m│#x1B[32m #x1B[0m#x1B[32m ✅ #x1B[0m#x1B[32m #x1B[0m│
│#x1B[32m #x1B[0m#x1B[32mReestablishments                #x1B[0m#x1B[32m #x1B[0m│#x1B[32m #x1B[0m#x1B[32m   0.0#x1B[0m#x1B[32m #x1B[0m│#x1B[32m #x1B[0m#x1B[32m  == 0.0#x1B[0m#x1B[32m #x1B[0m│#x1B[32m #x1B[0m#x1B[32m ✅ #x1B[0m#x1B[32m #x1B[0m│
│#x1B[32m #x1B[0m#x1B[32mPDU Session Establishment Accept#x1B[0m#x1B[32m #x1B[0m│#x1B[32m #x1B[0m#x1B[32m   1.0#x1B[0m#x1B[32m #x1B[0m│#x1B[32m #x1B[0m#x1B[32m  == 1.0#x1B[0m#x1B[32m #x1B[0m│#x1B[32m #x1B[0m#x1B[32m ✅ #x1B[0m#x1B[32m #x1B[0m│
│#x1B[32m #x1B[0m#x1B[32mError Indications               #x1B[0m#x1B[32m #x1B[0m│#x1B[32m #x1B[0m#x1B[32m   0.0#x1B[0m#x1B[32m #x1B[0m│#x1B[32m #x1B[0m#x1B[32m  &lt;= 0.0#x1B[0m#x1B[32m #x1B[0m│#x1B[32m #x1B[0m#x1B[32m ✅ #x1B[0m#x1B[32m #x1B[0m│
│#x1B[32m #x1B[0m#x1B[32mNG Paging                       #x1B[0m#x1B[32m #x1B[0m│#x1B[32m #x1B[0m#x1B[32m   0.0#x1B[0m#x1B[32m #x1B[0m│#x1B[32m #x1B[0m#x1B[32m  == 0.0#x1B[0m#x1B[32m #x1B[0m│#x1B[32m #x1B[0m#x1B[32m ✅ #x1B[0m#x1B[32m #x1B[0m│
│#x1B[32m #x1B[0m#x1B[32mRRC Suspend                     #x1B[0m#x1B[32m #x1B[0m│#x1B[32m #x1B[0m#x1B[32m   3.0#x1B[0m#x1B[32m #x1B[0m│#x1B[32m #x1B[0m#x1B[32m  == 3.0#x1B[0m#x1B[32m #x1B[0m│#x1B[32m #x1B[0m#x1B[32m ✅ #x1B[0m#x1B[32m #x1B[0m│
│#x1B[32m #x1B[0m#x1B[32mPaging Messages                 #x1B[0m#x1B[32m #x1B[0m│#x1B[32m #x1B[0m#x1B[32m   6.0#x1B[0m#x1B[32m #x1B[0m│#x1B[32m #x1B[0m#x1B[32m  == 6.0#x1B[0m#x1B[32m #x1B[0m│#x1B[32m #x1B[0m#x1B[32m ✅ #x1B[0m#x1B[32m #x1B[0m│
│#x1B[32m #x1B[0m#x1B[32mRRC Resume Complete             #x1B[0m#x1B[32m #x1B[0m│#x1B[32m #x1B[0m#x1B[32m   3.0#x1B[0m#x1B[32m #x1B[0m│#x1B[32m #x1B[0m#x1B[32m  == 3.0#x1B[0m#x1B[32m #x1B[0m│#x1B[32m #x1B[0m#x1B[32m ✅ #x1B[0m#x1B[32m #x1B[0m│
└──────────────────────────────────┴────────┴──────────┴──────┘
--------------------------------- Captured Out ---------------------------------

</system-out><system-err>--------------------------------- Captured Err ---------------------------------

</system-err></testcase></testsuite></testsuites>