<?xml version="1.0" encoding="utf-8"?><testsuites name="pytest tests"><testsuite name="phy_configs" errors="0" failures="1" skipped="0" tests="20" time="1688.357" timestamp="2026-07-13T22:39:38.166102+00:00" hostname="runner-5dn-jsny--project-78028160-concurrent-0-gxfqzb4b"><properties><property name="ocudu_commit" value="65cbdb66cb726c6cdae97ec37e0c5dfd1f50eeca" /><property name="test_commit" value="cb0f2542c0a944aac3ad4fe271a9f94651fa1aa1" /><property name="url" value="https://gitlab.com/ocudu/ocudu_infra_srs/-/jobs/15323277307" /></properties><testcase classname="tests.ue_simulator" name="test_gnb[functional.singleue.phy_configs.srs_aperiodic]" time="114.989"><properties><property name="markers" value="zmq_mme;MVP-FUNC-PHY-16-4" /></properties><system-out>--------------------------------- Captured Log ---------------------------------

<!--
SPDX-FileCopyrightText: Copyright (C) 2021-2026 Software Radio Systems Limited
SPDX-License-Identifier: BSD-3-Clause-Open-MPI
-->

2026-07-13 22:41:07 [#x1B[32mINFO#x1B[0m] 5GC [134114850765616] started
2026-07-13 22:41:11 [#x1B[32mINFO#x1B[0m] GNB [134114850762400] started
2026-07-13 22:41:12 [#x1B[32mINFO#x1B[0m] UE [134114855361648] started
2026-07-13 22:41:26 [#x1B[32mINFO#x1B[0m] UE [134114855361648] stopped
2026-07-13 22:41:33 [#x1B[32mINFO#x1B[0m] GNB [134114850762400] stopped
2026-07-13 22:41:33 [#x1B[32mINFO#x1B[0m] 5GC [134114850765616] stopped
2026-07-13 22:41:33 [#x1B[32mINFO#x1B[0m] 
#x1B[3m                      Pass/Fail Criteria                       #x1B[0m
┏━━━━━━━━━━━━━━━━━━━━━━━━━━━━━━━━━━┳━━━━━━━━┳━━━━━━━━━━┳━━━━━━┓
┃#x1B[1m #x1B[0m#x1B[1mCriteria Name                   #x1B[0m#x1B[1m #x1B[0m┃#x1B[1m #x1B[0m#x1B[1mResult#x1B[0m#x1B[1m #x1B[0m┃#x1B[1m #x1B[0m#x1B[1mExpected#x1B[0m#x1B[1m #x1B[0m┃#x1B[1m #x1B[0m#x1B[1mPass#x1B[0m#x1B[1m #x1B[0m┃
┡━━━━━━━━━━━━━━━━━━━━━━━━━━━━━━━━━━╇━━━━━━━━╇━━━━━━━━━━╇━━━━━━┩
│#x1B[32m #x1B[0m#x1B[32mDL Bitrate                      #x1B[0m#x1B[32m #x1B[0m│#x1B[32m #x1B[0m#x1B[32m  3.1M#x1B[0m#x1B[32m #x1B[0m│#x1B[32m #x1B[0m#x1B[32m   &gt; 0.0#x1B[0m#x1B[32m #x1B[0m│#x1B[32m #x1B[0m#x1B[32m ✅ #x1B[0m#x1B[32m #x1B[0m│
│#x1B[32m #x1B[0m#x1B[32mUL Bitrate                      #x1B[0m#x1B[32m #x1B[0m│#x1B[32m #x1B[0m#x1B[32m  4.6M#x1B[0m#x1B[32m #x1B[0m│#x1B[32m #x1B[0m#x1B[32m   &gt; 0.0#x1B[0m#x1B[32m #x1B[0m│#x1B[32m #x1B[0m#x1B[32m ✅ #x1B[0m#x1B[32m #x1B[0m│
│#x1B[32m #x1B[0m#x1B[32mDL KOs                          #x1B[0m#x1B[32m #x1B[0m│#x1B[32m #x1B[0m#x1B[32m   0.0#x1B[0m#x1B[32m #x1B[0m│#x1B[32m #x1B[0m#x1B[32m  &lt;= 0.0#x1B[0m#x1B[32m #x1B[0m│#x1B[32m #x1B[0m#x1B[32m ✅ #x1B[0m#x1B[32m #x1B[0m│
│#x1B[32m #x1B[0m#x1B[32mUL KOs                          #x1B[0m#x1B[32m #x1B[0m│#x1B[32m #x1B[0m#x1B[32m   0.0#x1B[0m#x1B[32m #x1B[0m│#x1B[32m #x1B[0m#x1B[32m  &lt;= 0.0#x1B[0m#x1B[32m #x1B[0m│#x1B[32m #x1B[0m#x1B[32m ✅ #x1B[0m#x1B[32m #x1B[0m│
│#x1B[32m #x1B[0m#x1B[32mReestablishments                #x1B[0m#x1B[32m #x1B[0m│#x1B[32m #x1B[0m#x1B[32m   0.0#x1B[0m#x1B[32m #x1B[0m│#x1B[32m #x1B[0m#x1B[32m  == 0.0#x1B[0m#x1B[32m #x1B[0m│#x1B[32m #x1B[0m#x1B[32m ✅ #x1B[0m#x1B[32m #x1B[0m│
│#x1B[32m #x1B[0m#x1B[32mPDU Session Establishment Accept#x1B[0m#x1B[32m #x1B[0m│#x1B[32m #x1B[0m#x1B[32m   1.0#x1B[0m#x1B[32m #x1B[0m│#x1B[32m #x1B[0m#x1B[32m  == 1.0#x1B[0m#x1B[32m #x1B[0m│#x1B[32m #x1B[0m#x1B[32m ✅ #x1B[0m#x1B[32m #x1B[0m│
│#x1B[32m #x1B[0m#x1B[32mError Indications               #x1B[0m#x1B[32m #x1B[0m│#x1B[32m #x1B[0m#x1B[32m   0.0#x1B[0m#x1B[32m #x1B[0m│#x1B[32m #x1B[0m#x1B[32m  &lt;= 0.0#x1B[0m#x1B[32m #x1B[0m│#x1B[32m #x1B[0m#x1B[32m ✅ #x1B[0m#x1B[32m #x1B[0m│
│#x1B[32m #x1B[0m#x1B[32mErrors                          #x1B[0m#x1B[32m #x1B[0m│#x1B[32m #x1B[0m#x1B[32m   0.0#x1B[0m#x1B[32m #x1B[0m│#x1B[32m #x1B[0m#x1B[32m  &lt;= 0.0#x1B[0m#x1B[32m #x1B[0m│#x1B[32m #x1B[0m#x1B[32m ✅ #x1B[0m#x1B[32m #x1B[0m│
│#x1B[32m #x1B[0m#x1B[32mWarnings                        #x1B[0m#x1B[32m #x1B[0m│#x1B[32m #x1B[0m#x1B[32m   0.0#x1B[0m#x1B[32m #x1B[0m│#x1B[32m #x1B[0m#x1B[32m  &lt;= 0.0#x1B[0m#x1B[32m #x1B[0m│#x1B[32m #x1B[0m#x1B[32m ✅ #x1B[0m#x1B[32m #x1B[0m│
│#x1B[32m #x1B[0m#x1B[32mc-SRS                           #x1B[0m#x1B[32m #x1B[0m│#x1B[32m #x1B[0m#x1B[32m  61.0#x1B[0m#x1B[32m #x1B[0m│#x1B[32m #x1B[0m#x1B[32m == 61.0#x1B[0m#x1B[32m #x1B[0m│#x1B[32m #x1B[0m#x1B[32m ✅ #x1B[0m#x1B[32m #x1B[0m│
└──────────────────────────────────┴────────┴──────────┴──────┘
--------------------------------- Captured Out ---------------------------------

</system-out><system-err>--------------------------------- Captured Err ---------------------------------

</system-err></testcase><testcase classname="tests.ue_simulator" name="test_gnb[functional.singleue.phy_configs.periodic_csi]" time="107.257"><properties><property name="markers" value="zmq_mme;MVP-FUNC-MIMO-16-1" /></properties><system-out>--------------------------------- Captured Log ---------------------------------
2026-07-13 22:42:31 [#x1B[32mINFO#x1B[0m] 5GC [134114856001296] started
2026-07-13 22:42:35 [#x1B[32mINFO#x1B[0m] GNB [134114852492384] started
2026-07-13 22:42:36 [#x1B[32mINFO#x1B[0m] UE [134114852500016] started
2026-07-13 22:43:06 [#x1B[32mINFO#x1B[0m] UE [134114852500016] stopped
2026-07-13 22:43:16 [#x1B[32mINFO#x1B[0m] GNB [134114852492384] stopped
2026-07-13 22:43:17 [#x1B[32mINFO#x1B[0m] 5GC [134114856001296] stopped
2026-07-13 22:43:17 [#x1B[32mINFO#x1B[0m] 
#x1B[3m                      Pass/Fail Criteria                       #x1B[0m
┏━━━━━━━━━━━━━━━━━━━━━━━━━━━━━━━━━━┳━━━━━━━━┳━━━━━━━━━━┳━━━━━━┓
┃#x1B[1m #x1B[0m#x1B[1mCriteria Name                   #x1B[0m#x1B[1m #x1B[0m┃#x1B[1m #x1B[0m#x1B[1mResult#x1B[0m#x1B[1m #x1B[0m┃#x1B[1m #x1B[0m#x1B[1mExpected#x1B[0m#x1B[1m #x1B[0m┃#x1B[1m #x1B[0m#x1B[1mPass#x1B[0m#x1B[1m #x1B[0m┃
┡━━━━━━━━━━━━━━━━━━━━━━━━━━━━━━━━━━╇━━━━━━━━╇━━━━━━━━━━╇━━━━━━┩
│#x1B[32m #x1B[0m#x1B[32mDL Bitrate                      #x1B[0m#x1B[32m #x1B[0m│#x1B[32m #x1B[0m#x1B[32m  9.6M#x1B[0m#x1B[32m #x1B[0m│#x1B[32m #x1B[0m#x1B[32m   &gt; 0.0#x1B[0m#x1B[32m #x1B[0m│#x1B[32m #x1B[0m#x1B[32m ✅ #x1B[0m#x1B[32m #x1B[0m│
│#x1B[32m #x1B[0m#x1B[32mUL Bitrate                      #x1B[0m#x1B[32m #x1B[0m│#x1B[32m #x1B[0m#x1B[32m 11.3M#x1B[0m#x1B[32m #x1B[0m│#x1B[32m #x1B[0m#x1B[32m   &gt; 0.0#x1B[0m#x1B[32m #x1B[0m│#x1B[32m #x1B[0m#x1B[32m ✅ #x1B[0m#x1B[32m #x1B[0m│
│#x1B[32m #x1B[0m#x1B[32mDL KOs                          #x1B[0m#x1B[32m #x1B[0m│#x1B[32m #x1B[0m#x1B[32m   0.0#x1B[0m#x1B[32m #x1B[0m│#x1B[32m #x1B[0m#x1B[32m  &lt;= 0.0#x1B[0m#x1B[32m #x1B[0m│#x1B[32m #x1B[0m#x1B[32m ✅ #x1B[0m#x1B[32m #x1B[0m│
│#x1B[32m #x1B[0m#x1B[32mUL KOs                          #x1B[0m#x1B[32m #x1B[0m│#x1B[32m #x1B[0m#x1B[32m   0.0#x1B[0m#x1B[32m #x1B[0m│#x1B[32m #x1B[0m#x1B[32m  &lt;= 0.0#x1B[0m#x1B[32m #x1B[0m│#x1B[32m #x1B[0m#x1B[32m ✅ #x1B[0m#x1B[32m #x1B[0m│
│#x1B[32m #x1B[0m#x1B[32mReestablishments                #x1B[0m#x1B[32m #x1B[0m│#x1B[32m #x1B[0m#x1B[32m   0.0#x1B[0m#x1B[32m #x1B[0m│#x1B[32m #x1B[0m#x1B[32m  == 0.0#x1B[0m#x1B[32m #x1B[0m│#x1B[32m #x1B[0m#x1B[32m ✅ #x1B[0m#x1B[32m #x1B[0m│
│#x1B[32m #x1B[0m#x1B[32mPDU Session Establishment Accept#x1B[0m#x1B[32m #x1B[0m│#x1B[32m #x1B[0m#x1B[32m   1.0#x1B[0m#x1B[32m #x1B[0m│#x1B[32m #x1B[0m#x1B[32m  == 1.0#x1B[0m#x1B[32m #x1B[0m│#x1B[32m #x1B[0m#x1B[32m ✅ #x1B[0m#x1B[32m #x1B[0m│
│#x1B[32m #x1B[0m#x1B[32mError Indications               #x1B[0m#x1B[32m #x1B[0m│#x1B[32m #x1B[0m#x1B[32m   0.0#x1B[0m#x1B[32m #x1B[0m│#x1B[32m #x1B[0m#x1B[32m  &lt;= 0.0#x1B[0m#x1B[32m #x1B[0m│#x1B[32m #x1B[0m#x1B[32m ✅ #x1B[0m#x1B[32m #x1B[0m│
│#x1B[32m #x1B[0m#x1B[32mPUCCH f0/f1 invalid HARQs       #x1B[0m#x1B[32m #x1B[0m│#x1B[32m #x1B[0m#x1B[32m   0.0#x1B[0m#x1B[32m #x1B[0m│#x1B[32m #x1B[0m#x1B[32m  &lt;= 0.0#x1B[0m#x1B[32m #x1B[0m│#x1B[32m #x1B[0m#x1B[32m ✅ #x1B[0m#x1B[32m #x1B[0m│
│#x1B[32m #x1B[0m#x1B[32mPUCCH f2/f3/f4 invalid HARQs    #x1B[0m#x1B[32m #x1B[0m│#x1B[32m #x1B[0m#x1B[32m   0.0#x1B[0m#x1B[32m #x1B[0m│#x1B[32m #x1B[0m#x1B[32m  &lt;= 0.0#x1B[0m#x1B[32m #x1B[0m│#x1B[32m #x1B[0m#x1B[32m ✅ #x1B[0m#x1B[32m #x1B[0m│
│#x1B[32m #x1B[0m#x1B[32mPUCCH f2/f3/f4 invalid CSIs     #x1B[0m#x1B[32m #x1B[0m│#x1B[32m #x1B[0m#x1B[32m   0.0#x1B[0m#x1B[32m #x1B[0m│#x1B[32m #x1B[0m#x1B[32m  &lt;= 0.0#x1B[0m#x1B[32m #x1B[0m│#x1B[32m #x1B[0m#x1B[32m ✅ #x1B[0m#x1B[32m #x1B[0m│
│#x1B[32m #x1B[0m#x1B[32mPUSCH invalid HARQs             #x1B[0m#x1B[32m #x1B[0m│#x1B[32m #x1B[0m#x1B[32m   0.0#x1B[0m#x1B[32m #x1B[0m│#x1B[32m #x1B[0m#x1B[32m  &lt;= 0.0#x1B[0m#x1B[32m #x1B[0m│#x1B[32m #x1B[0m#x1B[32m ✅ #x1B[0m#x1B[32m #x1B[0m│
│#x1B[32m #x1B[0m#x1B[32mPUSCH invalid CSIs              #x1B[0m#x1B[32m #x1B[0m│#x1B[32m #x1B[0m#x1B[32m   0.0#x1B[0m#x1B[32m #x1B[0m│#x1B[32m #x1B[0m#x1B[32m  &lt;= 0.0#x1B[0m#x1B[32m #x1B[0m│#x1B[32m #x1B[0m#x1B[32m ✅ #x1B[0m#x1B[32m #x1B[0m│
│#x1B[32m #x1B[0m#x1B[32mErrors                          #x1B[0m#x1B[32m #x1B[0m│#x1B[32m #x1B[0m#x1B[32m   0.0#x1B[0m#x1B[32m #x1B[0m│#x1B[32m #x1B[0m#x1B[32m  &lt;= 0.0#x1B[0m#x1B[32m #x1B[0m│#x1B[32m #x1B[0m#x1B[32m ✅ #x1B[0m#x1B[32m #x1B[0m│
│#x1B[32m #x1B[0m#x1B[32mWarnings                        #x1B[0m#x1B[32m #x1B[0m│#x1B[32m #x1B[0m#x1B[32m   0.0#x1B[0m#x1B[32m #x1B[0m│#x1B[32m #x1B[0m#x1B[32m  &lt;= 0.0#x1B[0m#x1B[32m #x1B[0m│#x1B[32m #x1B[0m#x1B[32m ✅ #x1B[0m#x1B[32m #x1B[0m│
└──────────────────────────────────┴────────┴──────────┴──────┘
--------------------------------- Captured Out ---------------------------------

</system-out><system-err>--------------------------------- Captured Err ---------------------------------

</system-err></testcase><testcase classname="tests.ue_simulator" name="test_gnb[functional.singleue.phy_configs.aperiodic_csi]" time="108.094"><properties><property name="markers" value="zmq_mme;MVP-FUNC-MIMO-16-1" /></properties><system-out>--------------------------------- Captured Log ---------------------------------
2026-07-13 22:44:18 [#x1B[32mINFO#x1B[0m] 5GC [134114852704800] started
2026-07-13 22:44:22 [#x1B[32mINFO#x1B[0m] GNB [134114855984768] started
2026-07-13 22:44:23 [#x1B[32mINFO#x1B[0m] UE [134114855982656] started
2026-07-13 22:44:52 [#x1B[32mINFO#x1B[0m] UE [134114855982656] stopped
2026-07-13 22:45:03 [#x1B[32mINFO#x1B[0m] GNB [134114855984768] stopped
2026-07-13 22:45:03 [#x1B[32mINFO#x1B[0m] 5GC [134114852704800] stopped
2026-07-13 22:45:03 [#x1B[32mINFO#x1B[0m] 
#x1B[3m                      Pass/Fail Criteria                       #x1B[0m
┏━━━━━━━━━━━━━━━━━━━━━━━━━━━━━━━━━━┳━━━━━━━━┳━━━━━━━━━━┳━━━━━━┓
┃#x1B[1m #x1B[0m#x1B[1mCriteria Name                   #x1B[0m#x1B[1m #x1B[0m┃#x1B[1m #x1B[0m#x1B[1mResult#x1B[0m#x1B[1m #x1B[0m┃#x1B[1m #x1B[0m#x1B[1mExpected#x1B[0m#x1B[1m #x1B[0m┃#x1B[1m #x1B[0m#x1B[1mPass#x1B[0m#x1B[1m #x1B[0m┃
┡━━━━━━━━━━━━━━━━━━━━━━━━━━━━━━━━━━╇━━━━━━━━╇━━━━━━━━━━╇━━━━━━┩
│#x1B[32m #x1B[0m#x1B[32mDL Bitrate                      #x1B[0m#x1B[32m #x1B[0m│#x1B[32m #x1B[0m#x1B[32m  9.6M#x1B[0m#x1B[32m #x1B[0m│#x1B[32m #x1B[0m#x1B[32m   &gt; 0.0#x1B[0m#x1B[32m #x1B[0m│#x1B[32m #x1B[0m#x1B[32m ✅ #x1B[0m#x1B[32m #x1B[0m│
│#x1B[32m #x1B[0m#x1B[32mUL Bitrate                      #x1B[0m#x1B[32m #x1B[0m│#x1B[32m #x1B[0m#x1B[32m 11.2M#x1B[0m#x1B[32m #x1B[0m│#x1B[32m #x1B[0m#x1B[32m   &gt; 0.0#x1B[0m#x1B[32m #x1B[0m│#x1B[32m #x1B[0m#x1B[32m ✅ #x1B[0m#x1B[32m #x1B[0m│
│#x1B[32m #x1B[0m#x1B[32mDL KOs                          #x1B[0m#x1B[32m #x1B[0m│#x1B[32m #x1B[0m#x1B[32m   0.0#x1B[0m#x1B[32m #x1B[0m│#x1B[32m #x1B[0m#x1B[32m  &lt;= 0.0#x1B[0m#x1B[32m #x1B[0m│#x1B[32m #x1B[0m#x1B[32m ✅ #x1B[0m#x1B[32m #x1B[0m│
│#x1B[32m #x1B[0m#x1B[32mUL KOs                          #x1B[0m#x1B[32m #x1B[0m│#x1B[32m #x1B[0m#x1B[32m   0.0#x1B[0m#x1B[32m #x1B[0m│#x1B[32m #x1B[0m#x1B[32m  &lt;= 0.0#x1B[0m#x1B[32m #x1B[0m│#x1B[32m #x1B[0m#x1B[32m ✅ #x1B[0m#x1B[32m #x1B[0m│
│#x1B[32m #x1B[0m#x1B[32mReestablishments                #x1B[0m#x1B[32m #x1B[0m│#x1B[32m #x1B[0m#x1B[32m   0.0#x1B[0m#x1B[32m #x1B[0m│#x1B[32m #x1B[0m#x1B[32m  == 0.0#x1B[0m#x1B[32m #x1B[0m│#x1B[32m #x1B[0m#x1B[32m ✅ #x1B[0m#x1B[32m #x1B[0m│
│#x1B[32m #x1B[0m#x1B[32mPDU Session Establishment Accept#x1B[0m#x1B[32m #x1B[0m│#x1B[32m #x1B[0m#x1B[32m   1.0#x1B[0m#x1B[32m #x1B[0m│#x1B[32m #x1B[0m#x1B[32m  == 1.0#x1B[0m#x1B[32m #x1B[0m│#x1B[32m #x1B[0m#x1B[32m ✅ #x1B[0m#x1B[32m #x1B[0m│
│#x1B[32m #x1B[0m#x1B[32mError Indications               #x1B[0m#x1B[32m #x1B[0m│#x1B[32m #x1B[0m#x1B[32m   0.0#x1B[0m#x1B[32m #x1B[0m│#x1B[32m #x1B[0m#x1B[32m  &lt;= 0.0#x1B[0m#x1B[32m #x1B[0m│#x1B[32m #x1B[0m#x1B[32m ✅ #x1B[0m#x1B[32m #x1B[0m│
│#x1B[32m #x1B[0m#x1B[32mPUCCH f0/f1 invalid HARQs       #x1B[0m#x1B[32m #x1B[0m│#x1B[32m #x1B[0m#x1B[32m   0.0#x1B[0m#x1B[32m #x1B[0m│#x1B[32m #x1B[0m#x1B[32m  &lt;= 0.0#x1B[0m#x1B[32m #x1B[0m│#x1B[32m #x1B[0m#x1B[32m ✅ #x1B[0m#x1B[32m #x1B[0m│
│#x1B[32m #x1B[0m#x1B[32mPUCCH f2/f3/f4 invalid HARQs    #x1B[0m#x1B[32m #x1B[0m│#x1B[32m #x1B[0m#x1B[32m   0.0#x1B[0m#x1B[32m #x1B[0m│#x1B[32m #x1B[0m#x1B[32m  &lt;= 0.0#x1B[0m#x1B[32m #x1B[0m│#x1B[32m #x1B[0m#x1B[32m ✅ #x1B[0m#x1B[32m #x1B[0m│
│#x1B[32m #x1B[0m#x1B[32mPUCCH f2/f3/f4 invalid CSIs     #x1B[0m#x1B[32m #x1B[0m│#x1B[32m #x1B[0m#x1B[32m   0.0#x1B[0m#x1B[32m #x1B[0m│#x1B[32m #x1B[0m#x1B[32m  &lt;= 0.0#x1B[0m#x1B[32m #x1B[0m│#x1B[32m #x1B[0m#x1B[32m ✅ #x1B[0m#x1B[32m #x1B[0m│
│#x1B[32m #x1B[0m#x1B[32mPUSCH invalid HARQs             #x1B[0m#x1B[32m #x1B[0m│#x1B[32m #x1B[0m#x1B[32m   0.0#x1B[0m#x1B[32m #x1B[0m│#x1B[32m #x1B[0m#x1B[32m  &lt;= 0.0#x1B[0m#x1B[32m #x1B[0m│#x1B[32m #x1B[0m#x1B[32m ✅ #x1B[0m#x1B[32m #x1B[0m│
│#x1B[32m #x1B[0m#x1B[32mPUSCH invalid CSIs              #x1B[0m#x1B[32m #x1B[0m│#x1B[32m #x1B[0m#x1B[32m   0.0#x1B[0m#x1B[32m #x1B[0m│#x1B[32m #x1B[0m#x1B[32m  &lt;= 0.0#x1B[0m#x1B[32m #x1B[0m│#x1B[32m #x1B[0m#x1B[32m ✅ #x1B[0m#x1B[32m #x1B[0m│
│#x1B[32m #x1B[0m#x1B[32mErrors                          #x1B[0m#x1B[32m #x1B[0m│#x1B[32m #x1B[0m#x1B[32m   0.0#x1B[0m#x1B[32m #x1B[0m│#x1B[32m #x1B[0m#x1B[32m  &lt;= 0.0#x1B[0m#x1B[32m #x1B[0m│#x1B[32m #x1B[0m#x1B[32m ✅ #x1B[0m#x1B[32m #x1B[0m│
│#x1B[32m #x1B[0m#x1B[32mWarnings                        #x1B[0m#x1B[32m #x1B[0m│#x1B[32m #x1B[0m#x1B[32m   0.0#x1B[0m#x1B[32m #x1B[0m│#x1B[32m #x1B[0m#x1B[32m  &lt;= 0.0#x1B[0m#x1B[32m #x1B[0m│#x1B[32m #x1B[0m#x1B[32m ✅ #x1B[0m#x1B[32m #x1B[0m│
└──────────────────────────────────┴────────┴──────────┴──────┘
--------------------------------- Captured Out ---------------------------------

</system-out><system-err>--------------------------------- Captured Err ---------------------------------

</system-err></testcase><testcase classname="tests.ue_simulator" name="test_gnb[functional.singleue.phy_configs.prach_config_0]" time="86.002"><properties><property name="markers" value="zmq_mme;MVP-FUNC-PHY-16-2" /></properties><system-out>--------------------------------- Captured Log ---------------------------------
2026-07-13 22:46:08 [#x1B[32mINFO#x1B[0m] 5GC [134114855998320] started
2026-07-13 22:46:12 [#x1B[32mINFO#x1B[0m] GNB [134114856003360] started
2026-07-13 22:46:13 [#x1B[32mINFO#x1B[0m] UE [134114855979488] started
2026-07-13 22:46:27 [#x1B[32mINFO#x1B[0m] UE [134114855979488] stopped
2026-07-13 22:46:34 [#x1B[32mINFO#x1B[0m] GNB [134114856003360] stopped
2026-07-13 22:46:35 [#x1B[32mINFO#x1B[0m] 5GC [134114855998320] stopped
2026-07-13 22:46:35 [#x1B[32mINFO#x1B[0m] 
#x1B[3m                      Pass/Fail Criteria                       #x1B[0m
┏━━━━━━━━━━━━━━━━━━━━━━━━━━━━━━━━━━┳━━━━━━━━┳━━━━━━━━━━┳━━━━━━┓
┃#x1B[1m #x1B[0m#x1B[1mCriteria Name                   #x1B[0m#x1B[1m #x1B[0m┃#x1B[1m #x1B[0m#x1B[1mResult#x1B[0m#x1B[1m #x1B[0m┃#x1B[1m #x1B[0m#x1B[1mExpected#x1B[0m#x1B[1m #x1B[0m┃#x1B[1m #x1B[0m#x1B[1mPass#x1B[0m#x1B[1m #x1B[0m┃
┡━━━━━━━━━━━━━━━━━━━━━━━━━━━━━━━━━━╇━━━━━━━━╇━━━━━━━━━━╇━━━━━━┩
│#x1B[32m #x1B[0m#x1B[32mDL Bitrate                      #x1B[0m#x1B[32m #x1B[0m│#x1B[32m #x1B[0m#x1B[32m  2.9M#x1B[0m#x1B[32m #x1B[0m│#x1B[32m #x1B[0m#x1B[32m   &gt; 0.0#x1B[0m#x1B[32m #x1B[0m│#x1B[32m #x1B[0m#x1B[32m ✅ #x1B[0m#x1B[32m #x1B[0m│
│#x1B[32m #x1B[0m#x1B[32mUL Bitrate                      #x1B[0m#x1B[32m #x1B[0m│#x1B[32m #x1B[0m#x1B[32m  4.6M#x1B[0m#x1B[32m #x1B[0m│#x1B[32m #x1B[0m#x1B[32m   &gt; 0.0#x1B[0m#x1B[32m #x1B[0m│#x1B[32m #x1B[0m#x1B[32m ✅ #x1B[0m#x1B[32m #x1B[0m│
│#x1B[32m #x1B[0m#x1B[32mDL KOs                          #x1B[0m#x1B[32m #x1B[0m│#x1B[32m #x1B[0m#x1B[32m   0.0#x1B[0m#x1B[32m #x1B[0m│#x1B[32m #x1B[0m#x1B[32m  &lt;= 0.0#x1B[0m#x1B[32m #x1B[0m│#x1B[32m #x1B[0m#x1B[32m ✅ #x1B[0m#x1B[32m #x1B[0m│
│#x1B[32m #x1B[0m#x1B[32mUL KOs                          #x1B[0m#x1B[32m #x1B[0m│#x1B[32m #x1B[0m#x1B[32m   0.0#x1B[0m#x1B[32m #x1B[0m│#x1B[32m #x1B[0m#x1B[32m  &lt;= 0.0#x1B[0m#x1B[32m #x1B[0m│#x1B[32m #x1B[0m#x1B[32m ✅ #x1B[0m#x1B[32m #x1B[0m│
│#x1B[32m #x1B[0m#x1B[32mReestablishments                #x1B[0m#x1B[32m #x1B[0m│#x1B[32m #x1B[0m#x1B[32m   0.0#x1B[0m#x1B[32m #x1B[0m│#x1B[32m #x1B[0m#x1B[32m  == 0.0#x1B[0m#x1B[32m #x1B[0m│#x1B[32m #x1B[0m#x1B[32m ✅ #x1B[0m#x1B[32m #x1B[0m│
│#x1B[32m #x1B[0m#x1B[32mPDU Session Establishment Accept#x1B[0m#x1B[32m #x1B[0m│#x1B[32m #x1B[0m#x1B[32m   1.0#x1B[0m#x1B[32m #x1B[0m│#x1B[32m #x1B[0m#x1B[32m  == 1.0#x1B[0m#x1B[32m #x1B[0m│#x1B[32m #x1B[0m#x1B[32m ✅ #x1B[0m#x1B[32m #x1B[0m│
│#x1B[32m #x1B[0m#x1B[32mError Indications               #x1B[0m#x1B[32m #x1B[0m│#x1B[32m #x1B[0m#x1B[32m   0.0#x1B[0m#x1B[32m #x1B[0m│#x1B[32m #x1B[0m#x1B[32m  &lt;= 0.0#x1B[0m#x1B[32m #x1B[0m│#x1B[32m #x1B[0m#x1B[32m ✅ #x1B[0m#x1B[32m #x1B[0m│
│#x1B[32m #x1B[0m#x1B[32mErrors                          #x1B[0m#x1B[32m #x1B[0m│#x1B[32m #x1B[0m#x1B[32m   0.0#x1B[0m#x1B[32m #x1B[0m│#x1B[32m #x1B[0m#x1B[32m  &lt;= 0.0#x1B[0m#x1B[32m #x1B[0m│#x1B[32m #x1B[0m#x1B[32m ✅ #x1B[0m#x1B[32m #x1B[0m│
│#x1B[32m #x1B[0m#x1B[32mWarnings                        #x1B[0m#x1B[32m #x1B[0m│#x1B[32m #x1B[0m#x1B[32m   0.0#x1B[0m#x1B[32m #x1B[0m│#x1B[32m #x1B[0m#x1B[32m  &lt;= 0.0#x1B[0m#x1B[32m #x1B[0m│#x1B[32m #x1B[0m#x1B[32m ✅ #x1B[0m#x1B[32m #x1B[0m│
│#x1B[32m #x1B[0m#x1B[32mPRACH Config Index              #x1B[0m#x1B[32m #x1B[0m│#x1B[32m #x1B[0m#x1B[32m   7.0#x1B[0m#x1B[32m #x1B[0m│#x1B[32m #x1B[0m#x1B[32m  == 7.0#x1B[0m#x1B[32m #x1B[0m│#x1B[32m #x1B[0m#x1B[32m ✅ #x1B[0m#x1B[32m #x1B[0m│
└──────────────────────────────────┴────────┴──────────┴──────┘
--------------------------------- Captured Out ---------------------------------

</system-out><system-err>--------------------------------- Captured Err ---------------------------------

</system-err></testcase><testcase classname="tests.ue_simulator" name="test_gnb[functional.singleue.phy_configs.dmrs_2]" time="67.254"><properties><property name="markers" value="zmq_mme;DU-PHY-3" /></properties><system-out>--------------------------------- Captured Log ---------------------------------
2026-07-13 22:47:21 [#x1B[32mINFO#x1B[0m] 5GC [134114854877136] started
2026-07-13 22:47:25 [#x1B[32mINFO#x1B[0m] GNB [134114851900544] started
2026-07-13 22:47:26 [#x1B[32mINFO#x1B[0m] UE [134114851902512] started
2026-07-13 22:47:34 [#x1B[32mINFO#x1B[0m] UE [134114851902512] stopped
2026-07-13 22:47:40 [#x1B[32mINFO#x1B[0m] GNB [134114851900544] stopped
2026-07-13 22:47:41 [#x1B[32mINFO#x1B[0m] 5GC [134114854877136] stopped
2026-07-13 22:47:41 [#x1B[32mINFO#x1B[0m] 
#x1B[3m                      Pass/Fail Criteria                       #x1B[0m
┏━━━━━━━━━━━━━━━━━━━━━━━━━━━━━━━━━━┳━━━━━━━━┳━━━━━━━━━━┳━━━━━━┓
┃#x1B[1m #x1B[0m#x1B[1mCriteria Name                   #x1B[0m#x1B[1m #x1B[0m┃#x1B[1m #x1B[0m#x1B[1mResult#x1B[0m#x1B[1m #x1B[0m┃#x1B[1m #x1B[0m#x1B[1mExpected#x1B[0m#x1B[1m #x1B[0m┃#x1B[1m #x1B[0m#x1B[1mPass#x1B[0m#x1B[1m #x1B[0m┃
┡━━━━━━━━━━━━━━━━━━━━━━━━━━━━━━━━━━╇━━━━━━━━╇━━━━━━━━━━╇━━━━━━┩
│#x1B[32m #x1B[0m#x1B[32mDL Bitrate                      #x1B[0m#x1B[32m #x1B[0m│#x1B[32m #x1B[0m#x1B[32m  4.8M#x1B[0m#x1B[32m #x1B[0m│#x1B[32m #x1B[0m#x1B[32m   &gt; 0.0#x1B[0m#x1B[32m #x1B[0m│#x1B[32m #x1B[0m#x1B[32m ✅ #x1B[0m#x1B[32m #x1B[0m│
│#x1B[32m #x1B[0m#x1B[32mUL Bitrate                      #x1B[0m#x1B[32m #x1B[0m│#x1B[32m #x1B[0m#x1B[32m  4.7M#x1B[0m#x1B[32m #x1B[0m│#x1B[32m #x1B[0m#x1B[32m   &gt; 0.0#x1B[0m#x1B[32m #x1B[0m│#x1B[32m #x1B[0m#x1B[32m ✅ #x1B[0m#x1B[32m #x1B[0m│
│#x1B[32m #x1B[0m#x1B[32mDL KOs                          #x1B[0m#x1B[32m #x1B[0m│#x1B[32m #x1B[0m#x1B[32m   0.0#x1B[0m#x1B[32m #x1B[0m│#x1B[32m #x1B[0m#x1B[32m  &lt;= 0.0#x1B[0m#x1B[32m #x1B[0m│#x1B[32m #x1B[0m#x1B[32m ✅ #x1B[0m#x1B[32m #x1B[0m│
│#x1B[32m #x1B[0m#x1B[32mUL KOs                          #x1B[0m#x1B[32m #x1B[0m│#x1B[32m #x1B[0m#x1B[32m   0.0#x1B[0m#x1B[32m #x1B[0m│#x1B[32m #x1B[0m#x1B[32m  &lt;= 0.0#x1B[0m#x1B[32m #x1B[0m│#x1B[32m #x1B[0m#x1B[32m ✅ #x1B[0m#x1B[32m #x1B[0m│
│#x1B[32m #x1B[0m#x1B[32mReestablishments                #x1B[0m#x1B[32m #x1B[0m│#x1B[32m #x1B[0m#x1B[32m   0.0#x1B[0m#x1B[32m #x1B[0m│#x1B[32m #x1B[0m#x1B[32m  == 0.0#x1B[0m#x1B[32m #x1B[0m│#x1B[32m #x1B[0m#x1B[32m ✅ #x1B[0m#x1B[32m #x1B[0m│
│#x1B[32m #x1B[0m#x1B[32mPDU Session Establishment Accept#x1B[0m#x1B[32m #x1B[0m│#x1B[32m #x1B[0m#x1B[32m   1.0#x1B[0m#x1B[32m #x1B[0m│#x1B[32m #x1B[0m#x1B[32m  == 1.0#x1B[0m#x1B[32m #x1B[0m│#x1B[32m #x1B[0m#x1B[32m ✅ #x1B[0m#x1B[32m #x1B[0m│
│#x1B[32m #x1B[0m#x1B[32mError Indications               #x1B[0m#x1B[32m #x1B[0m│#x1B[32m #x1B[0m#x1B[32m   0.0#x1B[0m#x1B[32m #x1B[0m│#x1B[32m #x1B[0m#x1B[32m  &lt;= 0.0#x1B[0m#x1B[32m #x1B[0m│#x1B[32m #x1B[0m#x1B[32m ✅ #x1B[0m#x1B[32m #x1B[0m│
│#x1B[32m #x1B[0m#x1B[32mErrors                          #x1B[0m#x1B[32m #x1B[0m│#x1B[32m #x1B[0m#x1B[32m   0.0#x1B[0m#x1B[32m #x1B[0m│#x1B[32m #x1B[0m#x1B[32m  &lt;= 0.0#x1B[0m#x1B[32m #x1B[0m│#x1B[32m #x1B[0m#x1B[32m ✅ #x1B[0m#x1B[32m #x1B[0m│
│#x1B[32m #x1B[0m#x1B[32mWarnings                        #x1B[0m#x1B[32m #x1B[0m│#x1B[32m #x1B[0m#x1B[32m   0.0#x1B[0m#x1B[32m #x1B[0m│#x1B[32m #x1B[0m#x1B[32m  &lt;= 0.0#x1B[0m#x1B[32m #x1B[0m│#x1B[32m #x1B[0m#x1B[32m ✅ #x1B[0m#x1B[32m #x1B[0m│
│#x1B[32m #x1B[0m#x1B[32mPRACH Config Index              #x1B[0m#x1B[32m #x1B[0m│#x1B[32m #x1B[0m#x1B[32m 159.0#x1B[0m#x1B[32m #x1B[0m│#x1B[32m #x1B[0m#x1B[32m== 159.0#x1B[0m#x1B[32m #x1B[0m│#x1B[32m #x1B[0m#x1B[32m ✅ #x1B[0m#x1B[32m #x1B[0m│
└──────────────────────────────────┴────────┴──────────┴──────┘
--------------------------------- Captured Out ---------------------------------

</system-out><system-err>--------------------------------- Captured Err ---------------------------------

</system-err></testcase><testcase classname="tests.ue_simulator" name="test_gnb[functional.singleue.phy_configs.pucch_14]" time="74.789"><properties><property name="markers" value="zmq_mme;DU-PHY-1" /></properties><system-out>--------------------------------- Captured Log ---------------------------------
2026-07-13 22:48:30 [#x1B[32mINFO#x1B[0m] 5GC [134114852499200] started
2026-07-13 22:48:33 [#x1B[32mINFO#x1B[0m] GNB [134114852490608] started
2026-07-13 22:48:34 [#x1B[32mINFO#x1B[0m] UE [134114852775904] started
2026-07-13 22:48:43 [#x1B[32mINFO#x1B[0m] UE [134114852775904] stopped
2026-07-13 22:48:49 [#x1B[32mINFO#x1B[0m] GNB [134114852490608] stopped
2026-07-13 22:48:50 [#x1B[32mINFO#x1B[0m] 5GC [134114852499200] stopped
2026-07-13 22:48:50 [#x1B[32mINFO#x1B[0m] 
#x1B[3m                      Pass/Fail Criteria                       #x1B[0m
┏━━━━━━━━━━━━━━━━━━━━━━━━━━━━━━━━━━┳━━━━━━━━┳━━━━━━━━━━┳━━━━━━┓
┃#x1B[1m #x1B[0m#x1B[1mCriteria Name                   #x1B[0m#x1B[1m #x1B[0m┃#x1B[1m #x1B[0m#x1B[1mResult#x1B[0m#x1B[1m #x1B[0m┃#x1B[1m #x1B[0m#x1B[1mExpected#x1B[0m#x1B[1m #x1B[0m┃#x1B[1m #x1B[0m#x1B[1mPass#x1B[0m#x1B[1m #x1B[0m┃
┡━━━━━━━━━━━━━━━━━━━━━━━━━━━━━━━━━━╇━━━━━━━━╇━━━━━━━━━━╇━━━━━━┩
│#x1B[32m #x1B[0m#x1B[32mDL Bitrate                      #x1B[0m#x1B[32m #x1B[0m│#x1B[32m #x1B[0m#x1B[32m  4.5M#x1B[0m#x1B[32m #x1B[0m│#x1B[32m #x1B[0m#x1B[32m   &gt; 0.0#x1B[0m#x1B[32m #x1B[0m│#x1B[32m #x1B[0m#x1B[32m ✅ #x1B[0m#x1B[32m #x1B[0m│
│#x1B[32m #x1B[0m#x1B[32mUL Bitrate                      #x1B[0m#x1B[32m #x1B[0m│#x1B[32m #x1B[0m#x1B[32m  4.3M#x1B[0m#x1B[32m #x1B[0m│#x1B[32m #x1B[0m#x1B[32m   &gt; 0.0#x1B[0m#x1B[32m #x1B[0m│#x1B[32m #x1B[0m#x1B[32m ✅ #x1B[0m#x1B[32m #x1B[0m│
│#x1B[32m #x1B[0m#x1B[32mDL KOs                          #x1B[0m#x1B[32m #x1B[0m│#x1B[32m #x1B[0m#x1B[32m   0.0#x1B[0m#x1B[32m #x1B[0m│#x1B[32m #x1B[0m#x1B[32m  &lt;= 0.0#x1B[0m#x1B[32m #x1B[0m│#x1B[32m #x1B[0m#x1B[32m ✅ #x1B[0m#x1B[32m #x1B[0m│
│#x1B[32m #x1B[0m#x1B[32mUL KOs                          #x1B[0m#x1B[32m #x1B[0m│#x1B[32m #x1B[0m#x1B[32m   0.0#x1B[0m#x1B[32m #x1B[0m│#x1B[32m #x1B[0m#x1B[32m  &lt;= 0.0#x1B[0m#x1B[32m #x1B[0m│#x1B[32m #x1B[0m#x1B[32m ✅ #x1B[0m#x1B[32m #x1B[0m│
│#x1B[32m #x1B[0m#x1B[32mReestablishments                #x1B[0m#x1B[32m #x1B[0m│#x1B[32m #x1B[0m#x1B[32m   0.0#x1B[0m#x1B[32m #x1B[0m│#x1B[32m #x1B[0m#x1B[32m  == 0.0#x1B[0m#x1B[32m #x1B[0m│#x1B[32m #x1B[0m#x1B[32m ✅ #x1B[0m#x1B[32m #x1B[0m│
│#x1B[32m #x1B[0m#x1B[32mPDU Session Establishment Accept#x1B[0m#x1B[32m #x1B[0m│#x1B[32m #x1B[0m#x1B[32m   1.0#x1B[0m#x1B[32m #x1B[0m│#x1B[32m #x1B[0m#x1B[32m  == 1.0#x1B[0m#x1B[32m #x1B[0m│#x1B[32m #x1B[0m#x1B[32m ✅ #x1B[0m#x1B[32m #x1B[0m│
│#x1B[32m #x1B[0m#x1B[32mError Indications               #x1B[0m#x1B[32m #x1B[0m│#x1B[32m #x1B[0m#x1B[32m   0.0#x1B[0m#x1B[32m #x1B[0m│#x1B[32m #x1B[0m#x1B[32m  &lt;= 0.0#x1B[0m#x1B[32m #x1B[0m│#x1B[32m #x1B[0m#x1B[32m ✅ #x1B[0m#x1B[32m #x1B[0m│
│#x1B[32m #x1B[0m#x1B[32mErrors                          #x1B[0m#x1B[32m #x1B[0m│#x1B[32m #x1B[0m#x1B[32m   0.0#x1B[0m#x1B[32m #x1B[0m│#x1B[32m #x1B[0m#x1B[32m  &lt;= 0.0#x1B[0m#x1B[32m #x1B[0m│#x1B[32m #x1B[0m#x1B[32m ✅ #x1B[0m#x1B[32m #x1B[0m│
│#x1B[32m #x1B[0m#x1B[32mWarnings                        #x1B[0m#x1B[32m #x1B[0m│#x1B[32m #x1B[0m#x1B[32m   0.0#x1B[0m#x1B[32m #x1B[0m│#x1B[32m #x1B[0m#x1B[32m  &lt;= 0.0#x1B[0m#x1B[32m #x1B[0m│#x1B[32m #x1B[0m#x1B[32m ✅ #x1B[0m#x1B[32m #x1B[0m│
│#x1B[32m #x1B[0m#x1B[32mPRACH Config Index              #x1B[0m#x1B[32m #x1B[0m│#x1B[32m #x1B[0m#x1B[32m 159.0#x1B[0m#x1B[32m #x1B[0m│#x1B[32m #x1B[0m#x1B[32m== 159.0#x1B[0m#x1B[32m #x1B[0m│#x1B[32m #x1B[0m#x1B[32m ✅ #x1B[0m#x1B[32m #x1B[0m│
└──────────────────────────────────┴────────┴──────────┴──────┘
--------------------------------- Captured Out ---------------------------------

</system-out><system-err>--------------------------------- Captured Err ---------------------------------

</system-err></testcase><testcase classname="tests.ue_simulator" name="test_gnb[functional.singleue.phy_configs.prach_config_c2]" time="71.316"><properties><property name="markers" value="zmq_mme;MVP-FUNC-PHY-16-2" /></properties><system-out>--------------------------------- Captured Log ---------------------------------
2026-07-13 22:49:41 [#x1B[32mINFO#x1B[0m] 5GC [134114852200832] started
2026-07-13 22:49:44 [#x1B[32mINFO#x1B[0m] GNB [134114863906400] started
2026-07-13 22:49:46 [#x1B[32mINFO#x1B[0m] UE [134114863903808] started
2026-07-13 22:50:00 [#x1B[32mINFO#x1B[0m] UE [134114863903808] stopped
2026-07-13 22:50:08 [#x1B[32mINFO#x1B[0m] GNB [134114863906400] stopped
2026-07-13 22:50:08 [#x1B[32mINFO#x1B[0m] 5GC [134114852200832] stopped
2026-07-13 22:50:08 [#x1B[32mINFO#x1B[0m] 
#x1B[3m                      Pass/Fail Criteria                       #x1B[0m
┏━━━━━━━━━━━━━━━━━━━━━━━━━━━━━━━━━━┳━━━━━━━━┳━━━━━━━━━━┳━━━━━━┓
┃#x1B[1m #x1B[0m#x1B[1mCriteria Name                   #x1B[0m#x1B[1m #x1B[0m┃#x1B[1m #x1B[0m#x1B[1mResult#x1B[0m#x1B[1m #x1B[0m┃#x1B[1m #x1B[0m#x1B[1mExpected#x1B[0m#x1B[1m #x1B[0m┃#x1B[1m #x1B[0m#x1B[1mPass#x1B[0m#x1B[1m #x1B[0m┃
┡━━━━━━━━━━━━━━━━━━━━━━━━━━━━━━━━━━╇━━━━━━━━╇━━━━━━━━━━╇━━━━━━┩
│#x1B[32m #x1B[0m#x1B[32mDL Bitrate                      #x1B[0m#x1B[32m #x1B[0m│#x1B[32m #x1B[0m#x1B[32m  3.8M#x1B[0m#x1B[32m #x1B[0m│#x1B[32m #x1B[0m#x1B[32m   &gt; 0.0#x1B[0m#x1B[32m #x1B[0m│#x1B[32m #x1B[0m#x1B[32m ✅ #x1B[0m#x1B[32m #x1B[0m│
│#x1B[32m #x1B[0m#x1B[32mUL Bitrate                      #x1B[0m#x1B[32m #x1B[0m│#x1B[32m #x1B[0m#x1B[32m  3.5M#x1B[0m#x1B[32m #x1B[0m│#x1B[32m #x1B[0m#x1B[32m   &gt; 0.0#x1B[0m#x1B[32m #x1B[0m│#x1B[32m #x1B[0m#x1B[32m ✅ #x1B[0m#x1B[32m #x1B[0m│
│#x1B[32m #x1B[0m#x1B[32mDL KOs                          #x1B[0m#x1B[32m #x1B[0m│#x1B[32m #x1B[0m#x1B[32m   0.0#x1B[0m#x1B[32m #x1B[0m│#x1B[32m #x1B[0m#x1B[32m  &lt;= 0.0#x1B[0m#x1B[32m #x1B[0m│#x1B[32m #x1B[0m#x1B[32m ✅ #x1B[0m#x1B[32m #x1B[0m│
│#x1B[32m #x1B[0m#x1B[32mUL KOs                          #x1B[0m#x1B[32m #x1B[0m│#x1B[32m #x1B[0m#x1B[32m   0.0#x1B[0m#x1B[32m #x1B[0m│#x1B[32m #x1B[0m#x1B[32m  &lt;= 0.0#x1B[0m#x1B[32m #x1B[0m│#x1B[32m #x1B[0m#x1B[32m ✅ #x1B[0m#x1B[32m #x1B[0m│
│#x1B[32m #x1B[0m#x1B[32mReestablishments                #x1B[0m#x1B[32m #x1B[0m│#x1B[32m #x1B[0m#x1B[32m   0.0#x1B[0m#x1B[32m #x1B[0m│#x1B[32m #x1B[0m#x1B[32m  == 0.0#x1B[0m#x1B[32m #x1B[0m│#x1B[32m #x1B[0m#x1B[32m ✅ #x1B[0m#x1B[32m #x1B[0m│
│#x1B[32m #x1B[0m#x1B[32mPDU Session Establishment Accept#x1B[0m#x1B[32m #x1B[0m│#x1B[32m #x1B[0m#x1B[32m   1.0#x1B[0m#x1B[32m #x1B[0m│#x1B[32m #x1B[0m#x1B[32m  == 1.0#x1B[0m#x1B[32m #x1B[0m│#x1B[32m #x1B[0m#x1B[32m ✅ #x1B[0m#x1B[32m #x1B[0m│
│#x1B[32m #x1B[0m#x1B[32mError Indications               #x1B[0m#x1B[32m #x1B[0m│#x1B[32m #x1B[0m#x1B[32m   0.0#x1B[0m#x1B[32m #x1B[0m│#x1B[32m #x1B[0m#x1B[32m  &lt;= 0.0#x1B[0m#x1B[32m #x1B[0m│#x1B[32m #x1B[0m#x1B[32m ✅ #x1B[0m#x1B[32m #x1B[0m│
│#x1B[32m #x1B[0m#x1B[32mErrors                          #x1B[0m#x1B[32m #x1B[0m│#x1B[32m #x1B[0m#x1B[32m   0.0#x1B[0m#x1B[32m #x1B[0m│#x1B[32m #x1B[0m#x1B[32m  &lt;= 0.0#x1B[0m#x1B[32m #x1B[0m│#x1B[32m #x1B[0m#x1B[32m ✅ #x1B[0m#x1B[32m #x1B[0m│
│#x1B[32m #x1B[0m#x1B[32mWarnings                        #x1B[0m#x1B[32m #x1B[0m│#x1B[32m #x1B[0m#x1B[32m   0.0#x1B[0m#x1B[32m #x1B[0m│#x1B[32m #x1B[0m#x1B[32m  &lt;= 0.0#x1B[0m#x1B[32m #x1B[0m│#x1B[32m #x1B[0m#x1B[32m ✅ #x1B[0m#x1B[32m #x1B[0m│
│#x1B[32m #x1B[0m#x1B[32mPRACH Config Index              #x1B[0m#x1B[32m #x1B[0m│#x1B[32m #x1B[0m#x1B[32m 189.0#x1B[0m#x1B[32m #x1B[0m│#x1B[32m #x1B[0m#x1B[32m== 189.0#x1B[0m#x1B[32m #x1B[0m│#x1B[32m #x1B[0m#x1B[32m ✅ #x1B[0m#x1B[32m #x1B[0m│
└──────────────────────────────────┴────────┴──────────┴──────┘
--------------------------------- Captured Out ---------------------------------

</system-out><system-err>--------------------------------- Captured Err ---------------------------------

</system-err></testcase><testcase classname="tests.ue_simulator" name="test_gnb[functional.singleue.phy_configs.srs_narrowband]" time="76.360"><properties><property name="markers" value="zmq_mme;MVP-FUNC-PHY-16-6" /></properties><system-out>--------------------------------- Captured Log ---------------------------------
2026-07-13 22:50:57 [#x1B[32mINFO#x1B[0m] 5GC [134114855043200] started
2026-07-13 22:51:01 [#x1B[32mINFO#x1B[0m] GNB [134114847528512] started
2026-07-13 22:51:02 [#x1B[32mINFO#x1B[0m] UE [134114847528368] started
2026-07-13 22:51:16 [#x1B[32mINFO#x1B[0m] UE [134114847528368] stopped
2026-07-13 22:51:23 [#x1B[32mINFO#x1B[0m] GNB [134114847528512] stopped
2026-07-13 22:51:24 [#x1B[32mINFO#x1B[0m] 5GC [134114855043200] stopped
2026-07-13 22:51:24 [#x1B[32mINFO#x1B[0m] 
#x1B[3m                      Pass/Fail Criteria                       #x1B[0m
┏━━━━━━━━━━━━━━━━━━━━━━━━━━━━━━━━━━┳━━━━━━━━┳━━━━━━━━━━┳━━━━━━┓
┃#x1B[1m #x1B[0m#x1B[1mCriteria Name                   #x1B[0m#x1B[1m #x1B[0m┃#x1B[1m #x1B[0m#x1B[1mResult#x1B[0m#x1B[1m #x1B[0m┃#x1B[1m #x1B[0m#x1B[1mExpected#x1B[0m#x1B[1m #x1B[0m┃#x1B[1m #x1B[0m#x1B[1mPass#x1B[0m#x1B[1m #x1B[0m┃
┡━━━━━━━━━━━━━━━━━━━━━━━━━━━━━━━━━━╇━━━━━━━━╇━━━━━━━━━━╇━━━━━━┩
│#x1B[32m #x1B[0m#x1B[32mDL Bitrate                      #x1B[0m#x1B[32m #x1B[0m│#x1B[32m #x1B[0m#x1B[32m  3.3M#x1B[0m#x1B[32m #x1B[0m│#x1B[32m #x1B[0m#x1B[32m   &gt; 0.0#x1B[0m#x1B[32m #x1B[0m│#x1B[32m #x1B[0m#x1B[32m ✅ #x1B[0m#x1B[32m #x1B[0m│
│#x1B[32m #x1B[0m#x1B[32mUL Bitrate                      #x1B[0m#x1B[32m #x1B[0m│#x1B[32m #x1B[0m#x1B[32m  4.7M#x1B[0m#x1B[32m #x1B[0m│#x1B[32m #x1B[0m#x1B[32m   &gt; 0.0#x1B[0m#x1B[32m #x1B[0m│#x1B[32m #x1B[0m#x1B[32m ✅ #x1B[0m#x1B[32m #x1B[0m│
│#x1B[32m #x1B[0m#x1B[32mDL KOs                          #x1B[0m#x1B[32m #x1B[0m│#x1B[32m #x1B[0m#x1B[32m   0.0#x1B[0m#x1B[32m #x1B[0m│#x1B[32m #x1B[0m#x1B[32m  &lt;= 0.0#x1B[0m#x1B[32m #x1B[0m│#x1B[32m #x1B[0m#x1B[32m ✅ #x1B[0m#x1B[32m #x1B[0m│
│#x1B[32m #x1B[0m#x1B[32mUL KOs                          #x1B[0m#x1B[32m #x1B[0m│#x1B[32m #x1B[0m#x1B[32m   0.0#x1B[0m#x1B[32m #x1B[0m│#x1B[32m #x1B[0m#x1B[32m  &lt;= 0.0#x1B[0m#x1B[32m #x1B[0m│#x1B[32m #x1B[0m#x1B[32m ✅ #x1B[0m#x1B[32m #x1B[0m│
│#x1B[32m #x1B[0m#x1B[32mReestablishments                #x1B[0m#x1B[32m #x1B[0m│#x1B[32m #x1B[0m#x1B[32m   0.0#x1B[0m#x1B[32m #x1B[0m│#x1B[32m #x1B[0m#x1B[32m  == 0.0#x1B[0m#x1B[32m #x1B[0m│#x1B[32m #x1B[0m#x1B[32m ✅ #x1B[0m#x1B[32m #x1B[0m│
│#x1B[32m #x1B[0m#x1B[32mPDU Session Establishment Accept#x1B[0m#x1B[32m #x1B[0m│#x1B[32m #x1B[0m#x1B[32m   1.0#x1B[0m#x1B[32m #x1B[0m│#x1B[32m #x1B[0m#x1B[32m  == 1.0#x1B[0m#x1B[32m #x1B[0m│#x1B[32m #x1B[0m#x1B[32m ✅ #x1B[0m#x1B[32m #x1B[0m│
│#x1B[32m #x1B[0m#x1B[32mError Indications               #x1B[0m#x1B[32m #x1B[0m│#x1B[32m #x1B[0m#x1B[32m   0.0#x1B[0m#x1B[32m #x1B[0m│#x1B[32m #x1B[0m#x1B[32m  &lt;= 0.0#x1B[0m#x1B[32m #x1B[0m│#x1B[32m #x1B[0m#x1B[32m ✅ #x1B[0m#x1B[32m #x1B[0m│
│#x1B[32m #x1B[0m#x1B[32mErrors                          #x1B[0m#x1B[32m #x1B[0m│#x1B[32m #x1B[0m#x1B[32m   0.0#x1B[0m#x1B[32m #x1B[0m│#x1B[32m #x1B[0m#x1B[32m  &lt;= 0.0#x1B[0m#x1B[32m #x1B[0m│#x1B[32m #x1B[0m#x1B[32m ✅ #x1B[0m#x1B[32m #x1B[0m│
│#x1B[32m #x1B[0m#x1B[32mWarnings                        #x1B[0m#x1B[32m #x1B[0m│#x1B[32m #x1B[0m#x1B[32m   0.0#x1B[0m#x1B[32m #x1B[0m│#x1B[32m #x1B[0m#x1B[32m  &lt;= 0.0#x1B[0m#x1B[32m #x1B[0m│#x1B[32m #x1B[0m#x1B[32m ✅ #x1B[0m#x1B[32m #x1B[0m│
│#x1B[32m #x1B[0m#x1B[32mc-SRS                           #x1B[0m#x1B[32m #x1B[0m│#x1B[32m #x1B[0m#x1B[32m   0.0#x1B[0m#x1B[32m #x1B[0m│#x1B[32m #x1B[0m#x1B[32m  == 0.0#x1B[0m#x1B[32m #x1B[0m│#x1B[32m #x1B[0m#x1B[32m ✅ #x1B[0m#x1B[32m #x1B[0m│
└──────────────────────────────────┴────────┴──────────┴──────┘
--------------------------------- Captured Out ---------------------------------

</system-out><system-err>--------------------------------- Captured Err ---------------------------------

</system-err></testcase><testcase classname="tests.ue_simulator" name="test_gnb[functional.singleue.phy_configs.precoding]" time="96.026"><properties><property name="markers" value="zmq_mme;DU-PHY-7" /></properties><system-out>--------------------------------- Captured Log ---------------------------------
2026-07-13 22:52:41 [#x1B[32mINFO#x1B[0m] 5GC [134114855181376] started
2026-07-13 22:52:45 [#x1B[32mINFO#x1B[0m] GNB [134114855182576] started
2026-07-13 22:52:46 [#x1B[32mINFO#x1B[0m] UE [134114856004704] started
2026-07-13 22:52:55 [#x1B[32mINFO#x1B[0m] UE [134114856004704] stopped
2026-07-13 22:53:00 [#x1B[32mINFO#x1B[0m] GNB [134114855182576] stopped
2026-07-13 22:53:00 [#x1B[32mINFO#x1B[0m] 5GC [134114855181376] stopped
2026-07-13 22:53:00 [#x1B[32mINFO#x1B[0m] 
#x1B[3m                      Pass/Fail Criteria                       #x1B[0m
┏━━━━━━━━━━━━━━━━━━━━━━━━━━━━━━━━━━┳━━━━━━━━┳━━━━━━━━━━┳━━━━━━┓
┃#x1B[1m #x1B[0m#x1B[1mCriteria Name                   #x1B[0m#x1B[1m #x1B[0m┃#x1B[1m #x1B[0m#x1B[1mResult#x1B[0m#x1B[1m #x1B[0m┃#x1B[1m #x1B[0m#x1B[1mExpected#x1B[0m#x1B[1m #x1B[0m┃#x1B[1m #x1B[0m#x1B[1mPass#x1B[0m#x1B[1m #x1B[0m┃
┡━━━━━━━━━━━━━━━━━━━━━━━━━━━━━━━━━━╇━━━━━━━━╇━━━━━━━━━━╇━━━━━━┩
│#x1B[32m #x1B[0m#x1B[32mDL Bitrate                      #x1B[0m#x1B[32m #x1B[0m│#x1B[32m #x1B[0m#x1B[32m  5.0M#x1B[0m#x1B[32m #x1B[0m│#x1B[32m #x1B[0m#x1B[32m   &gt; 0.0#x1B[0m#x1B[32m #x1B[0m│#x1B[32m #x1B[0m#x1B[32m ✅ #x1B[0m#x1B[32m #x1B[0m│
│#x1B[32m #x1B[0m#x1B[32mUL Bitrate                      #x1B[0m#x1B[32m #x1B[0m│#x1B[32m #x1B[0m#x1B[32m  3.7M#x1B[0m#x1B[32m #x1B[0m│#x1B[32m #x1B[0m#x1B[32m   &gt; 0.0#x1B[0m#x1B[32m #x1B[0m│#x1B[32m #x1B[0m#x1B[32m ✅ #x1B[0m#x1B[32m #x1B[0m│
│#x1B[32m #x1B[0m#x1B[32mDL KOs                          #x1B[0m#x1B[32m #x1B[0m│#x1B[32m #x1B[0m#x1B[32m   0.0#x1B[0m#x1B[32m #x1B[0m│#x1B[32m #x1B[0m#x1B[32m  &lt;= 0.0#x1B[0m#x1B[32m #x1B[0m│#x1B[32m #x1B[0m#x1B[32m ✅ #x1B[0m#x1B[32m #x1B[0m│
│#x1B[32m #x1B[0m#x1B[32mUL KOs                          #x1B[0m#x1B[32m #x1B[0m│#x1B[32m #x1B[0m#x1B[32m   0.0#x1B[0m#x1B[32m #x1B[0m│#x1B[32m #x1B[0m#x1B[32m  &lt;= 0.0#x1B[0m#x1B[32m #x1B[0m│#x1B[32m #x1B[0m#x1B[32m ✅ #x1B[0m#x1B[32m #x1B[0m│
│#x1B[32m #x1B[0m#x1B[32mReestablishments                #x1B[0m#x1B[32m #x1B[0m│#x1B[32m #x1B[0m#x1B[32m   0.0#x1B[0m#x1B[32m #x1B[0m│#x1B[32m #x1B[0m#x1B[32m  == 0.0#x1B[0m#x1B[32m #x1B[0m│#x1B[32m #x1B[0m#x1B[32m ✅ #x1B[0m#x1B[32m #x1B[0m│
│#x1B[32m #x1B[0m#x1B[32mPDU Session Establishment Accept#x1B[0m#x1B[32m #x1B[0m│#x1B[32m #x1B[0m#x1B[32m   1.0#x1B[0m#x1B[32m #x1B[0m│#x1B[32m #x1B[0m#x1B[32m  == 1.0#x1B[0m#x1B[32m #x1B[0m│#x1B[32m #x1B[0m#x1B[32m ✅ #x1B[0m#x1B[32m #x1B[0m│
│#x1B[32m #x1B[0m#x1B[32mError Indications               #x1B[0m#x1B[32m #x1B[0m│#x1B[32m #x1B[0m#x1B[32m   0.0#x1B[0m#x1B[32m #x1B[0m│#x1B[32m #x1B[0m#x1B[32m  &lt;= 0.0#x1B[0m#x1B[32m #x1B[0m│#x1B[32m #x1B[0m#x1B[32m ✅ #x1B[0m#x1B[32m #x1B[0m│
│#x1B[32m #x1B[0m#x1B[32mErrors                          #x1B[0m#x1B[32m #x1B[0m│#x1B[32m #x1B[0m#x1B[32m   0.0#x1B[0m#x1B[32m #x1B[0m│#x1B[32m #x1B[0m#x1B[32m  &lt;= 0.0#x1B[0m#x1B[32m #x1B[0m│#x1B[32m #x1B[0m#x1B[32m ✅ #x1B[0m#x1B[32m #x1B[0m│
│#x1B[32m #x1B[0m#x1B[32mWarnings                        #x1B[0m#x1B[32m #x1B[0m│#x1B[32m #x1B[0m#x1B[32m   0.0#x1B[0m#x1B[32m #x1B[0m│#x1B[32m #x1B[0m#x1B[32m  &lt;= 0.0#x1B[0m#x1B[32m #x1B[0m│#x1B[32m #x1B[0m#x1B[32m ✅ #x1B[0m#x1B[32m #x1B[0m│
│#x1B[32m #x1B[0m#x1B[32mTransform Precoder              #x1B[0m#x1B[32m #x1B[0m│#x1B[32m #x1B[0m#x1B[32m   1.0#x1B[0m#x1B[32m #x1B[0m│#x1B[32m #x1B[0m#x1B[32m  == 1.0#x1B[0m#x1B[32m #x1B[0m│#x1B[32m #x1B[0m#x1B[32m ✅ #x1B[0m#x1B[32m #x1B[0m│
└──────────────────────────────────┴────────┴──────────┴──────┘
--------------------------------- Captured Out ---------------------------------

</system-out><system-err>--------------------------------- Captured Err ---------------------------------

</system-err></testcase><testcase classname="tests.ue_simulator" name="test_gnb[functional.singleue.phy_configs.pdsch_vrb]" time="77.228"><properties><property name="markers" value="zmq_mme;DU-PHY-8" /></properties><system-out>--------------------------------- Captured Log ---------------------------------
2026-07-13 22:53:57 [#x1B[32mINFO#x1B[0m] 5GC [134114847891216] started
2026-07-13 22:54:00 [#x1B[32mINFO#x1B[0m] GNB [134114847884400] started
2026-07-13 22:54:02 [#x1B[32mINFO#x1B[0m] UE [134114863898384] started
2026-07-13 22:54:10 [#x1B[32mINFO#x1B[0m] UE [134114863898384] stopped
2026-07-13 22:54:16 [#x1B[32mINFO#x1B[0m] GNB [134114847884400] stopped
2026-07-13 22:54:16 [#x1B[32mINFO#x1B[0m] 5GC [134114847891216] stopped
2026-07-13 22:54:16 [#x1B[32mINFO#x1B[0m] 
#x1B[3m                      Pass/Fail Criteria                       #x1B[0m
┏━━━━━━━━━━━━━━━━━━━━━━━━━━━━━━━━━━┳━━━━━━━━┳━━━━━━━━━━┳━━━━━━┓
┃#x1B[1m #x1B[0m#x1B[1mCriteria Name                   #x1B[0m#x1B[1m #x1B[0m┃#x1B[1m #x1B[0m#x1B[1mResult#x1B[0m#x1B[1m #x1B[0m┃#x1B[1m #x1B[0m#x1B[1mExpected#x1B[0m#x1B[1m #x1B[0m┃#x1B[1m #x1B[0m#x1B[1mPass#x1B[0m#x1B[1m #x1B[0m┃
┡━━━━━━━━━━━━━━━━━━━━━━━━━━━━━━━━━━╇━━━━━━━━╇━━━━━━━━━━╇━━━━━━┩
│#x1B[32m #x1B[0m#x1B[32mDL Bitrate                      #x1B[0m#x1B[32m #x1B[0m│#x1B[32m #x1B[0m#x1B[32m  4.3M#x1B[0m#x1B[32m #x1B[0m│#x1B[32m #x1B[0m#x1B[32m   &gt; 0.0#x1B[0m#x1B[32m #x1B[0m│#x1B[32m #x1B[0m#x1B[32m ✅ #x1B[0m#x1B[32m #x1B[0m│
│#x1B[32m #x1B[0m#x1B[32mUL Bitrate                      #x1B[0m#x1B[32m #x1B[0m│#x1B[32m #x1B[0m#x1B[32m  4.4M#x1B[0m#x1B[32m #x1B[0m│#x1B[32m #x1B[0m#x1B[32m   &gt; 0.0#x1B[0m#x1B[32m #x1B[0m│#x1B[32m #x1B[0m#x1B[32m ✅ #x1B[0m#x1B[32m #x1B[0m│
│#x1B[32m #x1B[0m#x1B[32mDL KOs                          #x1B[0m#x1B[32m #x1B[0m│#x1B[32m #x1B[0m#x1B[32m   0.0#x1B[0m#x1B[32m #x1B[0m│#x1B[32m #x1B[0m#x1B[32m    &lt;= ∞#x1B[0m#x1B[32m #x1B[0m│#x1B[32m #x1B[0m#x1B[32m ✅ #x1B[0m#x1B[32m #x1B[0m│
│#x1B[32m #x1B[0m#x1B[32mUL KOs                          #x1B[0m#x1B[32m #x1B[0m│#x1B[32m #x1B[0m#x1B[32m   0.0#x1B[0m#x1B[32m #x1B[0m│#x1B[32m #x1B[0m#x1B[32m  &lt;= 0.0#x1B[0m#x1B[32m #x1B[0m│#x1B[32m #x1B[0m#x1B[32m ✅ #x1B[0m#x1B[32m #x1B[0m│
│#x1B[32m #x1B[0m#x1B[32mReestablishments                #x1B[0m#x1B[32m #x1B[0m│#x1B[32m #x1B[0m#x1B[32m   0.0#x1B[0m#x1B[32m #x1B[0m│#x1B[32m #x1B[0m#x1B[32m  == 0.0#x1B[0m#x1B[32m #x1B[0m│#x1B[32m #x1B[0m#x1B[32m ✅ #x1B[0m#x1B[32m #x1B[0m│
│#x1B[32m #x1B[0m#x1B[32mPDU Session Establishment Accept#x1B[0m#x1B[32m #x1B[0m│#x1B[32m #x1B[0m#x1B[32m   1.0#x1B[0m#x1B[32m #x1B[0m│#x1B[32m #x1B[0m#x1B[32m  == 1.0#x1B[0m#x1B[32m #x1B[0m│#x1B[32m #x1B[0m#x1B[32m ✅ #x1B[0m#x1B[32m #x1B[0m│
│#x1B[32m #x1B[0m#x1B[32mError Indications               #x1B[0m#x1B[32m #x1B[0m│#x1B[32m #x1B[0m#x1B[32m   0.0#x1B[0m#x1B[32m #x1B[0m│#x1B[32m #x1B[0m#x1B[32m  &lt;= 0.0#x1B[0m#x1B[32m #x1B[0m│#x1B[32m #x1B[0m#x1B[32m ✅ #x1B[0m#x1B[32m #x1B[0m│
│#x1B[32m #x1B[0m#x1B[32mErrors                          #x1B[0m#x1B[32m #x1B[0m│#x1B[32m #x1B[0m#x1B[32m   0.0#x1B[0m#x1B[32m #x1B[0m│#x1B[32m #x1B[0m#x1B[32m  &lt;= 0.0#x1B[0m#x1B[32m #x1B[0m│#x1B[32m #x1B[0m#x1B[32m ✅ #x1B[0m#x1B[32m #x1B[0m│
│#x1B[32m #x1B[0m#x1B[32mWarnings                        #x1B[0m#x1B[32m #x1B[0m│#x1B[32m #x1B[0m#x1B[32m   0.0#x1B[0m#x1B[32m #x1B[0m│#x1B[32m #x1B[0m#x1B[32m  &lt;= 0.0#x1B[0m#x1B[32m #x1B[0m│#x1B[32m #x1B[0m#x1B[32m ✅ #x1B[0m#x1B[32m #x1B[0m│
│#x1B[32m #x1B[0m#x1B[32mPRACH Config Index              #x1B[0m#x1B[32m #x1B[0m│#x1B[32m #x1B[0m#x1B[32m 159.0#x1B[0m#x1B[32m #x1B[0m│#x1B[32m #x1B[0m#x1B[32m== 159.0#x1B[0m#x1B[32m #x1B[0m│#x1B[32m #x1B[0m#x1B[32m ✅ #x1B[0m#x1B[32m #x1B[0m│
└──────────────────────────────────┴────────┴──────────┴──────┘
--------------------------------- Captured Out ---------------------------------

</system-out><system-err>--------------------------------- Captured Err ---------------------------------

</system-err></testcase><testcase classname="tests.ue_simulator" name="test_gnb[functional.singleue.phy_configs.prach_config_c0]" time="78.451"><properties><property name="markers" value="zmq_mme;MVP-FUNC-PHY-16-2" /></properties><system-out>--------------------------------- Captured Log ---------------------------------
2026-07-13 22:55:15 [#x1B[32mINFO#x1B[0m] 5GC [134114862447840] started
2026-07-13 22:55:19 [#x1B[32mINFO#x1B[0m] GNB [134114862437952] started
2026-07-13 22:55:20 [#x1B[32mINFO#x1B[0m] UE [134114852709360] started
2026-07-13 22:55:29 [#x1B[32mINFO#x1B[0m] UE [134114852709360] stopped
2026-07-13 22:55:35 [#x1B[32mINFO#x1B[0m] GNB [134114862437952] stopped
2026-07-13 22:55:36 [#x1B[32mINFO#x1B[0m] 5GC [134114862447840] stopped
2026-07-13 22:55:36 [#x1B[32mINFO#x1B[0m] 
#x1B[3m                      Pass/Fail Criteria                       #x1B[0m
┏━━━━━━━━━━━━━━━━━━━━━━━━━━━━━━━━━━┳━━━━━━━━┳━━━━━━━━━━┳━━━━━━┓
┃#x1B[1m #x1B[0m#x1B[1mCriteria Name                   #x1B[0m#x1B[1m #x1B[0m┃#x1B[1m #x1B[0m#x1B[1mResult#x1B[0m#x1B[1m #x1B[0m┃#x1B[1m #x1B[0m#x1B[1mExpected#x1B[0m#x1B[1m #x1B[0m┃#x1B[1m #x1B[0m#x1B[1mPass#x1B[0m#x1B[1m #x1B[0m┃
┡━━━━━━━━━━━━━━━━━━━━━━━━━━━━━━━━━━╇━━━━━━━━╇━━━━━━━━━━╇━━━━━━┩
│#x1B[32m #x1B[0m#x1B[32mDL Bitrate                      #x1B[0m#x1B[32m #x1B[0m│#x1B[32m #x1B[0m#x1B[32m  4.5M#x1B[0m#x1B[32m #x1B[0m│#x1B[32m #x1B[0m#x1B[32m   &gt; 0.0#x1B[0m#x1B[32m #x1B[0m│#x1B[32m #x1B[0m#x1B[32m ✅ #x1B[0m#x1B[32m #x1B[0m│
│#x1B[32m #x1B[0m#x1B[32mUL Bitrate                      #x1B[0m#x1B[32m #x1B[0m│#x1B[32m #x1B[0m#x1B[32m  4.3M#x1B[0m#x1B[32m #x1B[0m│#x1B[32m #x1B[0m#x1B[32m   &gt; 0.0#x1B[0m#x1B[32m #x1B[0m│#x1B[32m #x1B[0m#x1B[32m ✅ #x1B[0m#x1B[32m #x1B[0m│
│#x1B[32m #x1B[0m#x1B[32mDL KOs                          #x1B[0m#x1B[32m #x1B[0m│#x1B[32m #x1B[0m#x1B[32m   0.0#x1B[0m#x1B[32m #x1B[0m│#x1B[32m #x1B[0m#x1B[32m  &lt;= 0.0#x1B[0m#x1B[32m #x1B[0m│#x1B[32m #x1B[0m#x1B[32m ✅ #x1B[0m#x1B[32m #x1B[0m│
│#x1B[32m #x1B[0m#x1B[32mUL KOs                          #x1B[0m#x1B[32m #x1B[0m│#x1B[32m #x1B[0m#x1B[32m   0.0#x1B[0m#x1B[32m #x1B[0m│#x1B[32m #x1B[0m#x1B[32m  &lt;= 0.0#x1B[0m#x1B[32m #x1B[0m│#x1B[32m #x1B[0m#x1B[32m ✅ #x1B[0m#x1B[32m #x1B[0m│
│#x1B[32m #x1B[0m#x1B[32mReestablishments                #x1B[0m#x1B[32m #x1B[0m│#x1B[32m #x1B[0m#x1B[32m   0.0#x1B[0m#x1B[32m #x1B[0m│#x1B[32m #x1B[0m#x1B[32m  == 0.0#x1B[0m#x1B[32m #x1B[0m│#x1B[32m #x1B[0m#x1B[32m ✅ #x1B[0m#x1B[32m #x1B[0m│
│#x1B[32m #x1B[0m#x1B[32mPDU Session Establishment Accept#x1B[0m#x1B[32m #x1B[0m│#x1B[32m #x1B[0m#x1B[32m   1.0#x1B[0m#x1B[32m #x1B[0m│#x1B[32m #x1B[0m#x1B[32m  == 1.0#x1B[0m#x1B[32m #x1B[0m│#x1B[32m #x1B[0m#x1B[32m ✅ #x1B[0m#x1B[32m #x1B[0m│
│#x1B[32m #x1B[0m#x1B[32mError Indications               #x1B[0m#x1B[32m #x1B[0m│#x1B[32m #x1B[0m#x1B[32m   0.0#x1B[0m#x1B[32m #x1B[0m│#x1B[32m #x1B[0m#x1B[32m  &lt;= 0.0#x1B[0m#x1B[32m #x1B[0m│#x1B[32m #x1B[0m#x1B[32m ✅ #x1B[0m#x1B[32m #x1B[0m│
│#x1B[32m #x1B[0m#x1B[32mErrors                          #x1B[0m#x1B[32m #x1B[0m│#x1B[32m #x1B[0m#x1B[32m   0.0#x1B[0m#x1B[32m #x1B[0m│#x1B[32m #x1B[0m#x1B[32m  &lt;= 0.0#x1B[0m#x1B[32m #x1B[0m│#x1B[32m #x1B[0m#x1B[32m ✅ #x1B[0m#x1B[32m #x1B[0m│
│#x1B[32m #x1B[0m#x1B[32mWarnings                        #x1B[0m#x1B[32m #x1B[0m│#x1B[32m #x1B[0m#x1B[32m   0.0#x1B[0m#x1B[32m #x1B[0m│#x1B[32m #x1B[0m#x1B[32m  &lt;= 0.0#x1B[0m#x1B[32m #x1B[0m│#x1B[32m #x1B[0m#x1B[32m ✅ #x1B[0m#x1B[32m #x1B[0m│
│#x1B[32m #x1B[0m#x1B[32mPRACH Config Index              #x1B[0m#x1B[32m #x1B[0m│#x1B[32m #x1B[0m#x1B[32m 180.0#x1B[0m#x1B[32m #x1B[0m│#x1B[32m #x1B[0m#x1B[32m== 180.0#x1B[0m#x1B[32m #x1B[0m│#x1B[32m #x1B[0m#x1B[32m ✅ #x1B[0m#x1B[32m #x1B[0m│
└──────────────────────────────────┴────────┴──────────┴──────┘
--------------------------------- Captured Out ---------------------------------

</system-out><system-err>--------------------------------- Captured Err ---------------------------------

</system-err></testcase><testcase classname="tests.ue_simulator" name="test_gnb[functional.singleue.phy_configs.prach_config_1]" time="74.076"><properties><property name="markers" value="zmq_mme;MVP-FUNC-PHY-16-2" /></properties><system-out>--------------------------------- Captured Log ---------------------------------
2026-07-13 22:56:25 [#x1B[32mINFO#x1B[0m] 5GC [134114855883536] started
2026-07-13 22:56:29 [#x1B[32mINFO#x1B[0m] GNB [134114862448368] started
2026-07-13 22:56:30 [#x1B[32mINFO#x1B[0m] UE [134114850497520] started
2026-07-13 22:56:43 [#x1B[32mINFO#x1B[0m] UE [134114850497520] stopped
2026-07-13 22:56:49 [#x1B[32mINFO#x1B[0m] GNB [134114862448368] stopped
2026-07-13 22:56:49 [#x1B[32mINFO#x1B[0m] 5GC [134114855883536] stopped
2026-07-13 22:56:49 [#x1B[32mINFO#x1B[0m] 
#x1B[3m                      Pass/Fail Criteria                       #x1B[0m
┏━━━━━━━━━━━━━━━━━━━━━━━━━━━━━━━━━━┳━━━━━━━━┳━━━━━━━━━━┳━━━━━━┓
┃#x1B[1m #x1B[0m#x1B[1mCriteria Name                   #x1B[0m#x1B[1m #x1B[0m┃#x1B[1m #x1B[0m#x1B[1mResult#x1B[0m#x1B[1m #x1B[0m┃#x1B[1m #x1B[0m#x1B[1mExpected#x1B[0m#x1B[1m #x1B[0m┃#x1B[1m #x1B[0m#x1B[1mPass#x1B[0m#x1B[1m #x1B[0m┃
┡━━━━━━━━━━━━━━━━━━━━━━━━━━━━━━━━━━╇━━━━━━━━╇━━━━━━━━━━╇━━━━━━┩
│#x1B[32m #x1B[0m#x1B[32mDL Bitrate                      #x1B[0m#x1B[32m #x1B[0m│#x1B[32m #x1B[0m#x1B[32m  4.5M#x1B[0m#x1B[32m #x1B[0m│#x1B[32m #x1B[0m#x1B[32m   &gt; 0.0#x1B[0m#x1B[32m #x1B[0m│#x1B[32m #x1B[0m#x1B[32m ✅ #x1B[0m#x1B[32m #x1B[0m│
│#x1B[32m #x1B[0m#x1B[32mUL Bitrate                      #x1B[0m#x1B[32m #x1B[0m│#x1B[32m #x1B[0m#x1B[32m  4.5M#x1B[0m#x1B[32m #x1B[0m│#x1B[32m #x1B[0m#x1B[32m   &gt; 0.0#x1B[0m#x1B[32m #x1B[0m│#x1B[32m #x1B[0m#x1B[32m ✅ #x1B[0m#x1B[32m #x1B[0m│
│#x1B[32m #x1B[0m#x1B[32mDL KOs                          #x1B[0m#x1B[32m #x1B[0m│#x1B[32m #x1B[0m#x1B[32m   0.0#x1B[0m#x1B[32m #x1B[0m│#x1B[32m #x1B[0m#x1B[32m  &lt;= 0.0#x1B[0m#x1B[32m #x1B[0m│#x1B[32m #x1B[0m#x1B[32m ✅ #x1B[0m#x1B[32m #x1B[0m│
│#x1B[32m #x1B[0m#x1B[32mUL KOs                          #x1B[0m#x1B[32m #x1B[0m│#x1B[32m #x1B[0m#x1B[32m   0.0#x1B[0m#x1B[32m #x1B[0m│#x1B[32m #x1B[0m#x1B[32m  &lt;= 0.0#x1B[0m#x1B[32m #x1B[0m│#x1B[32m #x1B[0m#x1B[32m ✅ #x1B[0m#x1B[32m #x1B[0m│
│#x1B[32m #x1B[0m#x1B[32mReestablishments                #x1B[0m#x1B[32m #x1B[0m│#x1B[32m #x1B[0m#x1B[32m   0.0#x1B[0m#x1B[32m #x1B[0m│#x1B[32m #x1B[0m#x1B[32m  == 0.0#x1B[0m#x1B[32m #x1B[0m│#x1B[32m #x1B[0m#x1B[32m ✅ #x1B[0m#x1B[32m #x1B[0m│
│#x1B[32m #x1B[0m#x1B[32mPDU Session Establishment Accept#x1B[0m#x1B[32m #x1B[0m│#x1B[32m #x1B[0m#x1B[32m   1.0#x1B[0m#x1B[32m #x1B[0m│#x1B[32m #x1B[0m#x1B[32m  == 1.0#x1B[0m#x1B[32m #x1B[0m│#x1B[32m #x1B[0m#x1B[32m ✅ #x1B[0m#x1B[32m #x1B[0m│
│#x1B[32m #x1B[0m#x1B[32mError Indications               #x1B[0m#x1B[32m #x1B[0m│#x1B[32m #x1B[0m#x1B[32m   0.0#x1B[0m#x1B[32m #x1B[0m│#x1B[32m #x1B[0m#x1B[32m  &lt;= 0.0#x1B[0m#x1B[32m #x1B[0m│#x1B[32m #x1B[0m#x1B[32m ✅ #x1B[0m#x1B[32m #x1B[0m│
│#x1B[32m #x1B[0m#x1B[32mErrors                          #x1B[0m#x1B[32m #x1B[0m│#x1B[32m #x1B[0m#x1B[32m   0.0#x1B[0m#x1B[32m #x1B[0m│#x1B[32m #x1B[0m#x1B[32m  &lt;= 0.0#x1B[0m#x1B[32m #x1B[0m│#x1B[32m #x1B[0m#x1B[32m ✅ #x1B[0m#x1B[32m #x1B[0m│
│#x1B[32m #x1B[0m#x1B[32mWarnings                        #x1B[0m#x1B[32m #x1B[0m│#x1B[32m #x1B[0m#x1B[32m   0.0#x1B[0m#x1B[32m #x1B[0m│#x1B[32m #x1B[0m#x1B[32m  &lt;= 0.0#x1B[0m#x1B[32m #x1B[0m│#x1B[32m #x1B[0m#x1B[32m ✅ #x1B[0m#x1B[32m #x1B[0m│
│#x1B[32m #x1B[0m#x1B[32mPRACH Config Index              #x1B[0m#x1B[32m #x1B[0m│#x1B[32m #x1B[0m#x1B[32m  33.0#x1B[0m#x1B[32m #x1B[0m│#x1B[32m #x1B[0m#x1B[32m == 33.0#x1B[0m#x1B[32m #x1B[0m│#x1B[32m #x1B[0m#x1B[32m ✅ #x1B[0m#x1B[32m #x1B[0m│
└──────────────────────────────────┴────────┴──────────┴──────┘
--------------------------------- Captured Out ---------------------------------

</system-out><system-err>--------------------------------- Captured Err ---------------------------------

</system-err></testcase><testcase classname="tests.ue_simulator" name="test_gnb[functional.singleue.phy_configs.pucch_intraslot]" time="99.796"><properties><property name="markers" value="zmq_mme;DU-GEN-3" /></properties><system-out>--------------------------------- Captured Log ---------------------------------
2026-07-13 22:58:00 [#x1B[32mINFO#x1B[0m] 5GC [134114848040880] started
2026-07-13 22:58:04 [#x1B[32mINFO#x1B[0m] GNB [134114862410656] started
2026-07-13 22:58:05 [#x1B[32mINFO#x1B[0m] UE [134114862412672] started
2026-07-13 22:58:19 [#x1B[32mINFO#x1B[0m] UE [134114862412672] stopped
2026-07-13 22:58:27 [#x1B[32mINFO#x1B[0m] GNB [134114862410656] stopped
2026-07-13 22:58:27 [#x1B[32mINFO#x1B[0m] 5GC [134114848040880] stopped
2026-07-13 22:58:27 [#x1B[32mINFO#x1B[0m] 
#x1B[3m                      Pass/Fail Criteria                       #x1B[0m
┏━━━━━━━━━━━━━━━━━━━━━━━━━━━━━━━━━━┳━━━━━━━━┳━━━━━━━━━━┳━━━━━━┓
┃#x1B[1m #x1B[0m#x1B[1mCriteria Name                   #x1B[0m#x1B[1m #x1B[0m┃#x1B[1m #x1B[0m#x1B[1mResult#x1B[0m#x1B[1m #x1B[0m┃#x1B[1m #x1B[0m#x1B[1mExpected#x1B[0m#x1B[1m #x1B[0m┃#x1B[1m #x1B[0m#x1B[1mPass#x1B[0m#x1B[1m #x1B[0m┃
┡━━━━━━━━━━━━━━━━━━━━━━━━━━━━━━━━━━╇━━━━━━━━╇━━━━━━━━━━╇━━━━━━┩
│#x1B[32m #x1B[0m#x1B[32mDL Bitrate                      #x1B[0m#x1B[32m #x1B[0m│#x1B[32m #x1B[0m#x1B[32m  4.4M#x1B[0m#x1B[32m #x1B[0m│#x1B[32m #x1B[0m#x1B[32m   &gt; 0.0#x1B[0m#x1B[32m #x1B[0m│#x1B[32m #x1B[0m#x1B[32m ✅ #x1B[0m#x1B[32m #x1B[0m│
│#x1B[32m #x1B[0m#x1B[32mUL Bitrate                      #x1B[0m#x1B[32m #x1B[0m│#x1B[32m #x1B[0m#x1B[32m  4.3M#x1B[0m#x1B[32m #x1B[0m│#x1B[32m #x1B[0m#x1B[32m   &gt; 0.0#x1B[0m#x1B[32m #x1B[0m│#x1B[32m #x1B[0m#x1B[32m ✅ #x1B[0m#x1B[32m #x1B[0m│
│#x1B[32m #x1B[0m#x1B[32mDL KOs                          #x1B[0m#x1B[32m #x1B[0m│#x1B[32m #x1B[0m#x1B[32m   0.0#x1B[0m#x1B[32m #x1B[0m│#x1B[32m #x1B[0m#x1B[32m  &lt;= 0.0#x1B[0m#x1B[32m #x1B[0m│#x1B[32m #x1B[0m#x1B[32m ✅ #x1B[0m#x1B[32m #x1B[0m│
│#x1B[32m #x1B[0m#x1B[32mUL KOs                          #x1B[0m#x1B[32m #x1B[0m│#x1B[32m #x1B[0m#x1B[32m   0.0#x1B[0m#x1B[32m #x1B[0m│#x1B[32m #x1B[0m#x1B[32m  &lt;= 0.0#x1B[0m#x1B[32m #x1B[0m│#x1B[32m #x1B[0m#x1B[32m ✅ #x1B[0m#x1B[32m #x1B[0m│
│#x1B[32m #x1B[0m#x1B[32mReestablishments                #x1B[0m#x1B[32m #x1B[0m│#x1B[32m #x1B[0m#x1B[32m   0.0#x1B[0m#x1B[32m #x1B[0m│#x1B[32m #x1B[0m#x1B[32m  == 0.0#x1B[0m#x1B[32m #x1B[0m│#x1B[32m #x1B[0m#x1B[32m ✅ #x1B[0m#x1B[32m #x1B[0m│
│#x1B[32m #x1B[0m#x1B[32mPDU Session Establishment Accept#x1B[0m#x1B[32m #x1B[0m│#x1B[32m #x1B[0m#x1B[32m   1.0#x1B[0m#x1B[32m #x1B[0m│#x1B[32m #x1B[0m#x1B[32m  == 1.0#x1B[0m#x1B[32m #x1B[0m│#x1B[32m #x1B[0m#x1B[32m ✅ #x1B[0m#x1B[32m #x1B[0m│
│#x1B[32m #x1B[0m#x1B[32mError Indications               #x1B[0m#x1B[32m #x1B[0m│#x1B[32m #x1B[0m#x1B[32m   0.0#x1B[0m#x1B[32m #x1B[0m│#x1B[32m #x1B[0m#x1B[32m  &lt;= 0.0#x1B[0m#x1B[32m #x1B[0m│#x1B[32m #x1B[0m#x1B[32m ✅ #x1B[0m#x1B[32m #x1B[0m│
│#x1B[32m #x1B[0m#x1B[32mErrors                          #x1B[0m#x1B[32m #x1B[0m│#x1B[32m #x1B[0m#x1B[32m   0.0#x1B[0m#x1B[32m #x1B[0m│#x1B[32m #x1B[0m#x1B[32m  &lt;= 0.0#x1B[0m#x1B[32m #x1B[0m│#x1B[32m #x1B[0m#x1B[32m ✅ #x1B[0m#x1B[32m #x1B[0m│
│#x1B[32m #x1B[0m#x1B[32mWarnings                        #x1B[0m#x1B[32m #x1B[0m│#x1B[32m #x1B[0m#x1B[32m   0.0#x1B[0m#x1B[32m #x1B[0m│#x1B[32m #x1B[0m#x1B[32m  &lt;= 0.0#x1B[0m#x1B[32m #x1B[0m│#x1B[32m #x1B[0m#x1B[32m ✅ #x1B[0m#x1B[32m #x1B[0m│
│#x1B[32m #x1B[0m#x1B[32mPRACH Config Index              #x1B[0m#x1B[32m #x1B[0m│#x1B[32m #x1B[0m#x1B[32m 159.0#x1B[0m#x1B[32m #x1B[0m│#x1B[32m #x1B[0m#x1B[32m== 159.0#x1B[0m#x1B[32m #x1B[0m│#x1B[32m #x1B[0m#x1B[32m ✅ #x1B[0m#x1B[32m #x1B[0m│
└──────────────────────────────────┴────────┴──────────┴──────┘
2026-07-13 22:58:33 [#x1B[31m#x1B[1mERROR#x1B[0m] Deleting amarisoft-ue-mjaryuvtod: Exit code: 139
--------------------------------- Captured Out ---------------------------------

</system-out><system-err>--------------------------------- Captured Err ---------------------------------

</system-err></testcase><testcase classname="tests.ue_simulator" name="test_gnb[functional.singleue.phy_configs.dmrs_3]" time="90.615"><properties><property name="markers" value="zmq_mme;DU-PHY-3" /></properties><system-out>--------------------------------- Captured Log ---------------------------------
2026-07-13 22:59:36 [#x1B[32mINFO#x1B[0m] 5GC [134114852773936] started
2026-07-13 22:59:40 [#x1B[32mINFO#x1B[0m] GNB [134114852770864] started
2026-07-13 22:59:41 [#x1B[32mINFO#x1B[0m] UE [134114854592512] started
2026-07-13 22:59:50 [#x1B[32mINFO#x1B[0m] UE [134114854592512] stopped
2026-07-13 22:59:56 [#x1B[32mINFO#x1B[0m] GNB [134114852770864] stopped
2026-07-13 22:59:57 [#x1B[32mINFO#x1B[0m] 5GC [134114852773936] stopped
2026-07-13 22:59:57 [#x1B[32mINFO#x1B[0m] 
#x1B[3m                      Pass/Fail Criteria                       #x1B[0m
┏━━━━━━━━━━━━━━━━━━━━━━━━━━━━━━━━━━┳━━━━━━━━┳━━━━━━━━━━┳━━━━━━┓
┃#x1B[1m #x1B[0m#x1B[1mCriteria Name                   #x1B[0m#x1B[1m #x1B[0m┃#x1B[1m #x1B[0m#x1B[1mResult#x1B[0m#x1B[1m #x1B[0m┃#x1B[1m #x1B[0m#x1B[1mExpected#x1B[0m#x1B[1m #x1B[0m┃#x1B[1m #x1B[0m#x1B[1mPass#x1B[0m#x1B[1m #x1B[0m┃
┡━━━━━━━━━━━━━━━━━━━━━━━━━━━━━━━━━━╇━━━━━━━━╇━━━━━━━━━━╇━━━━━━┩
│#x1B[32m #x1B[0m#x1B[32mDL Bitrate                      #x1B[0m#x1B[32m #x1B[0m│#x1B[32m #x1B[0m#x1B[32m  4.6M#x1B[0m#x1B[32m #x1B[0m│#x1B[32m #x1B[0m#x1B[32m   &gt; 0.0#x1B[0m#x1B[32m #x1B[0m│#x1B[32m #x1B[0m#x1B[32m ✅ #x1B[0m#x1B[32m #x1B[0m│
│#x1B[32m #x1B[0m#x1B[32mUL Bitrate                      #x1B[0m#x1B[32m #x1B[0m│#x1B[32m #x1B[0m#x1B[32m  4.5M#x1B[0m#x1B[32m #x1B[0m│#x1B[32m #x1B[0m#x1B[32m   &gt; 0.0#x1B[0m#x1B[32m #x1B[0m│#x1B[32m #x1B[0m#x1B[32m ✅ #x1B[0m#x1B[32m #x1B[0m│
│#x1B[32m #x1B[0m#x1B[32mDL KOs                          #x1B[0m#x1B[32m #x1B[0m│#x1B[32m #x1B[0m#x1B[32m   0.0#x1B[0m#x1B[32m #x1B[0m│#x1B[32m #x1B[0m#x1B[32m  &lt;= 0.0#x1B[0m#x1B[32m #x1B[0m│#x1B[32m #x1B[0m#x1B[32m ✅ #x1B[0m#x1B[32m #x1B[0m│
│#x1B[32m #x1B[0m#x1B[32mUL KOs                          #x1B[0m#x1B[32m #x1B[0m│#x1B[32m #x1B[0m#x1B[32m   0.0#x1B[0m#x1B[32m #x1B[0m│#x1B[32m #x1B[0m#x1B[32m  &lt;= 0.0#x1B[0m#x1B[32m #x1B[0m│#x1B[32m #x1B[0m#x1B[32m ✅ #x1B[0m#x1B[32m #x1B[0m│
│#x1B[32m #x1B[0m#x1B[32mReestablishments                #x1B[0m#x1B[32m #x1B[0m│#x1B[32m #x1B[0m#x1B[32m   0.0#x1B[0m#x1B[32m #x1B[0m│#x1B[32m #x1B[0m#x1B[32m  == 0.0#x1B[0m#x1B[32m #x1B[0m│#x1B[32m #x1B[0m#x1B[32m ✅ #x1B[0m#x1B[32m #x1B[0m│
│#x1B[32m #x1B[0m#x1B[32mPDU Session Establishment Accept#x1B[0m#x1B[32m #x1B[0m│#x1B[32m #x1B[0m#x1B[32m   1.0#x1B[0m#x1B[32m #x1B[0m│#x1B[32m #x1B[0m#x1B[32m  == 1.0#x1B[0m#x1B[32m #x1B[0m│#x1B[32m #x1B[0m#x1B[32m ✅ #x1B[0m#x1B[32m #x1B[0m│
│#x1B[32m #x1B[0m#x1B[32mError Indications               #x1B[0m#x1B[32m #x1B[0m│#x1B[32m #x1B[0m#x1B[32m   0.0#x1B[0m#x1B[32m #x1B[0m│#x1B[32m #x1B[0m#x1B[32m  &lt;= 0.0#x1B[0m#x1B[32m #x1B[0m│#x1B[32m #x1B[0m#x1B[32m ✅ #x1B[0m#x1B[32m #x1B[0m│
│#x1B[32m #x1B[0m#x1B[32mErrors                          #x1B[0m#x1B[32m #x1B[0m│#x1B[32m #x1B[0m#x1B[32m   0.0#x1B[0m#x1B[32m #x1B[0m│#x1B[32m #x1B[0m#x1B[32m  &lt;= 0.0#x1B[0m#x1B[32m #x1B[0m│#x1B[32m #x1B[0m#x1B[32m ✅ #x1B[0m#x1B[32m #x1B[0m│
│#x1B[32m #x1B[0m#x1B[32mWarnings                        #x1B[0m#x1B[32m #x1B[0m│#x1B[32m #x1B[0m#x1B[32m   0.0#x1B[0m#x1B[32m #x1B[0m│#x1B[32m #x1B[0m#x1B[32m  &lt;= 0.0#x1B[0m#x1B[32m #x1B[0m│#x1B[32m #x1B[0m#x1B[32m ✅ #x1B[0m#x1B[32m #x1B[0m│
│#x1B[32m #x1B[0m#x1B[32mPRACH Config Index              #x1B[0m#x1B[32m #x1B[0m│#x1B[32m #x1B[0m#x1B[32m 159.0#x1B[0m#x1B[32m #x1B[0m│#x1B[32m #x1B[0m#x1B[32m== 159.0#x1B[0m#x1B[32m #x1B[0m│#x1B[32m #x1B[0m#x1B[32m ✅ #x1B[0m#x1B[32m #x1B[0m│
└──────────────────────────────────┴────────┴──────────┴──────┘
--------------------------------- Captured Out ---------------------------------

</system-out><system-err>--------------------------------- Captured Err ---------------------------------

</system-err></testcase><testcase classname="tests.ue_simulator" name="test_gnb[functional.singleue.phy_configs.prach_config_b4]" time="76.616"><properties><property name="markers" value="zmq_mme;MVP-FUNC-PHY-16-2" /></properties><system-out>--------------------------------- Captured Log ---------------------------------
2026-07-13 23:00:51 [#x1B[32mINFO#x1B[0m] 5GC [134114862438960] started
2026-07-13 23:00:55 [#x1B[32mINFO#x1B[0m] GNB [134114855359104] started
2026-07-13 23:00:56 [#x1B[32mINFO#x1B[0m] UE [134114855892080] started
2026-07-13 23:01:10 [#x1B[32mINFO#x1B[0m] UE [134114855892080] stopped
2026-07-13 23:01:17 [#x1B[32mINFO#x1B[0m] GNB [134114855359104] stopped
2026-07-13 23:01:17 [#x1B[32mINFO#x1B[0m] 5GC [134114862438960] stopped
2026-07-13 23:01:17 [#x1B[32mINFO#x1B[0m] 
#x1B[3m                      Pass/Fail Criteria                       #x1B[0m
┏━━━━━━━━━━━━━━━━━━━━━━━━━━━━━━━━━━┳━━━━━━━━┳━━━━━━━━━━┳━━━━━━┓
┃#x1B[1m #x1B[0m#x1B[1mCriteria Name                   #x1B[0m#x1B[1m #x1B[0m┃#x1B[1m #x1B[0m#x1B[1mResult#x1B[0m#x1B[1m #x1B[0m┃#x1B[1m #x1B[0m#x1B[1mExpected#x1B[0m#x1B[1m #x1B[0m┃#x1B[1m #x1B[0m#x1B[1mPass#x1B[0m#x1B[1m #x1B[0m┃
┡━━━━━━━━━━━━━━━━━━━━━━━━━━━━━━━━━━╇━━━━━━━━╇━━━━━━━━━━╇━━━━━━┩
│#x1B[32m #x1B[0m#x1B[32mDL Bitrate                      #x1B[0m#x1B[32m #x1B[0m│#x1B[32m #x1B[0m#x1B[32m  3.3M#x1B[0m#x1B[32m #x1B[0m│#x1B[32m #x1B[0m#x1B[32m   &gt; 0.0#x1B[0m#x1B[32m #x1B[0m│#x1B[32m #x1B[0m#x1B[32m ✅ #x1B[0m#x1B[32m #x1B[0m│
│#x1B[32m #x1B[0m#x1B[32mUL Bitrate                      #x1B[0m#x1B[32m #x1B[0m│#x1B[32m #x1B[0m#x1B[32m  4.8M#x1B[0m#x1B[32m #x1B[0m│#x1B[32m #x1B[0m#x1B[32m   &gt; 0.0#x1B[0m#x1B[32m #x1B[0m│#x1B[32m #x1B[0m#x1B[32m ✅ #x1B[0m#x1B[32m #x1B[0m│
│#x1B[32m #x1B[0m#x1B[32mDL KOs                          #x1B[0m#x1B[32m #x1B[0m│#x1B[32m #x1B[0m#x1B[32m   0.0#x1B[0m#x1B[32m #x1B[0m│#x1B[32m #x1B[0m#x1B[32m  &lt;= 0.0#x1B[0m#x1B[32m #x1B[0m│#x1B[32m #x1B[0m#x1B[32m ✅ #x1B[0m#x1B[32m #x1B[0m│
│#x1B[32m #x1B[0m#x1B[32mUL KOs                          #x1B[0m#x1B[32m #x1B[0m│#x1B[32m #x1B[0m#x1B[32m   0.0#x1B[0m#x1B[32m #x1B[0m│#x1B[32m #x1B[0m#x1B[32m  &lt;= 0.0#x1B[0m#x1B[32m #x1B[0m│#x1B[32m #x1B[0m#x1B[32m ✅ #x1B[0m#x1B[32m #x1B[0m│
│#x1B[32m #x1B[0m#x1B[32mReestablishments                #x1B[0m#x1B[32m #x1B[0m│#x1B[32m #x1B[0m#x1B[32m   0.0#x1B[0m#x1B[32m #x1B[0m│#x1B[32m #x1B[0m#x1B[32m  == 0.0#x1B[0m#x1B[32m #x1B[0m│#x1B[32m #x1B[0m#x1B[32m ✅ #x1B[0m#x1B[32m #x1B[0m│
│#x1B[32m #x1B[0m#x1B[32mPDU Session Establishment Accept#x1B[0m#x1B[32m #x1B[0m│#x1B[32m #x1B[0m#x1B[32m   1.0#x1B[0m#x1B[32m #x1B[0m│#x1B[32m #x1B[0m#x1B[32m  == 1.0#x1B[0m#x1B[32m #x1B[0m│#x1B[32m #x1B[0m#x1B[32m ✅ #x1B[0m#x1B[32m #x1B[0m│
│#x1B[32m #x1B[0m#x1B[32mError Indications               #x1B[0m#x1B[32m #x1B[0m│#x1B[32m #x1B[0m#x1B[32m   0.0#x1B[0m#x1B[32m #x1B[0m│#x1B[32m #x1B[0m#x1B[32m  &lt;= 0.0#x1B[0m#x1B[32m #x1B[0m│#x1B[32m #x1B[0m#x1B[32m ✅ #x1B[0m#x1B[32m #x1B[0m│
│#x1B[32m #x1B[0m#x1B[32mErrors                          #x1B[0m#x1B[32m #x1B[0m│#x1B[32m #x1B[0m#x1B[32m   0.0#x1B[0m#x1B[32m #x1B[0m│#x1B[32m #x1B[0m#x1B[32m  &lt;= 0.0#x1B[0m#x1B[32m #x1B[0m│#x1B[32m #x1B[0m#x1B[32m ✅ #x1B[0m#x1B[32m #x1B[0m│
│#x1B[32m #x1B[0m#x1B[32mWarnings                        #x1B[0m#x1B[32m #x1B[0m│#x1B[32m #x1B[0m#x1B[32m   0.0#x1B[0m#x1B[32m #x1B[0m│#x1B[32m #x1B[0m#x1B[32m  &lt;= 0.0#x1B[0m#x1B[32m #x1B[0m│#x1B[32m #x1B[0m#x1B[32m ✅ #x1B[0m#x1B[32m #x1B[0m│
│#x1B[32m #x1B[0m#x1B[32mPRACH Config Index              #x1B[0m#x1B[32m #x1B[0m│#x1B[32m #x1B[0m#x1B[32m 159.0#x1B[0m#x1B[32m #x1B[0m│#x1B[32m #x1B[0m#x1B[32m== 159.0#x1B[0m#x1B[32m #x1B[0m│#x1B[32m #x1B[0m#x1B[32m ✅ #x1B[0m#x1B[32m #x1B[0m│
└──────────────────────────────────┴────────┴──────────┴──────┘
--------------------------------- Captured Out ---------------------------------

</system-out><system-err>--------------------------------- Captured Err ---------------------------------

</system-err></testcase><testcase classname="tests.ue_simulator" name="test_gnb[functional.singleue.phy_configs.srs_wideband]" time="67.296"><properties><property name="markers" value="zmq_mme;MVP-FUNC-PHY-16-3;MVP-FUNC-PHY-16-5" /></properties><failure message="Failed: Test didn't pass the following criteria: c-SRS">#x1B[1m#x1B[31mtests/ue_simulator.py#x1B[0m:46: in test_gnb
    #x1B[0m_ue_simulator(#x1B[90m#x1B[39;49;00m
#x1B[1m#x1B[31mtests/ue_simulator.py#x1B[0m:225: in _ue_simulator
    #x1B[0mcriteria.validate()#x1B[90m#x1B[39;49;00m
#x1B[1m#x1B[31m/usr/local/lib/python3.12/site-packages/retina/launcher/criteria.py#x1B[0m:159: in validate
    #x1B[0mpytest.fail(#x1B[33m"#x1B[39;49;00m#x1B[33mTest didn#x1B[39;49;00m#x1B[33m'#x1B[39;49;00m#x1B[33mt pass the following criteria: #x1B[39;49;00m#x1B[33m"#x1B[39;49;00m + #x1B[33m"#x1B[39;49;00m#x1B[33m, #x1B[39;49;00m#x1B[33m"#x1B[39;49;00m.join(failures))#x1B[90m#x1B[39;49;00m
#x1B[1m#x1B[31mE   Failed: Test didn't pass the following criteria: c-SRS#x1B[0m</failure><system-out>--------------------------------- Captured Log ---------------------------------
2026-07-13 23:02:04 [#x1B[32mINFO#x1B[0m] 5GC [134114855831120] started
2026-07-13 23:02:08 [#x1B[32mINFO#x1B[0m] GNB [134114850684320] started
2026-07-13 23:02:09 [#x1B[32mINFO#x1B[0m] UE [134114850675680] started
2026-07-13 23:02:18 [#x1B[32mINFO#x1B[0m] UE [134114850675680] stopped
2026-07-13 23:02:24 [#x1B[32mINFO#x1B[0m] GNB [134114850684320] stopped
2026-07-13 23:02:24 [#x1B[32mINFO#x1B[0m] 5GC [134114855831120] stopped
2026-07-13 23:02:24 [#x1B[32mINFO#x1B[0m] 
#x1B[3m                      Pass/Fail Criteria                       #x1B[0m
┏━━━━━━━━━━━━━━━━━━━━━━━━━━━━━━━━━━┳━━━━━━━━┳━━━━━━━━━━┳━━━━━━┓
┃#x1B[1m #x1B[0m#x1B[1mCriteria Name                   #x1B[0m#x1B[1m #x1B[0m┃#x1B[1m #x1B[0m#x1B[1mResult#x1B[0m#x1B[1m #x1B[0m┃#x1B[1m #x1B[0m#x1B[1mExpected#x1B[0m#x1B[1m #x1B[0m┃#x1B[1m #x1B[0m#x1B[1mPass#x1B[0m#x1B[1m #x1B[0m┃
┡━━━━━━━━━━━━━━━━━━━━━━━━━━━━━━━━━━╇━━━━━━━━╇━━━━━━━━━━╇━━━━━━┩
│#x1B[32m #x1B[0m#x1B[32mDL Bitrate                      #x1B[0m#x1B[32m #x1B[0m│#x1B[32m #x1B[0m#x1B[32m  4.8M#x1B[0m#x1B[32m #x1B[0m│#x1B[32m #x1B[0m#x1B[32m   &gt; 0.0#x1B[0m#x1B[32m #x1B[0m│#x1B[32m #x1B[0m#x1B[32m ✅ #x1B[0m#x1B[32m #x1B[0m│
│#x1B[32m #x1B[0m#x1B[32mUL Bitrate                      #x1B[0m#x1B[32m #x1B[0m│#x1B[32m #x1B[0m#x1B[32m  4.8M#x1B[0m#x1B[32m #x1B[0m│#x1B[32m #x1B[0m#x1B[32m   &gt; 0.0#x1B[0m#x1B[32m #x1B[0m│#x1B[32m #x1B[0m#x1B[32m ✅ #x1B[0m#x1B[32m #x1B[0m│
│#x1B[32m #x1B[0m#x1B[32mDL KOs                          #x1B[0m#x1B[32m #x1B[0m│#x1B[32m #x1B[0m#x1B[32m   0.0#x1B[0m#x1B[32m #x1B[0m│#x1B[32m #x1B[0m#x1B[32m  &lt;= 0.0#x1B[0m#x1B[32m #x1B[0m│#x1B[32m #x1B[0m#x1B[32m ✅ #x1B[0m#x1B[32m #x1B[0m│
│#x1B[32m #x1B[0m#x1B[32mUL KOs                          #x1B[0m#x1B[32m #x1B[0m│#x1B[32m #x1B[0m#x1B[32m   0.0#x1B[0m#x1B[32m #x1B[0m│#x1B[32m #x1B[0m#x1B[32m  &lt;= 0.0#x1B[0m#x1B[32m #x1B[0m│#x1B[32m #x1B[0m#x1B[32m ✅ #x1B[0m#x1B[32m #x1B[0m│
│#x1B[32m #x1B[0m#x1B[32mReestablishments                #x1B[0m#x1B[32m #x1B[0m│#x1B[32m #x1B[0m#x1B[32m   0.0#x1B[0m#x1B[32m #x1B[0m│#x1B[32m #x1B[0m#x1B[32m  == 0.0#x1B[0m#x1B[32m #x1B[0m│#x1B[32m #x1B[0m#x1B[32m ✅ #x1B[0m#x1B[32m #x1B[0m│
│#x1B[32m #x1B[0m#x1B[32mPDU Session Establishment Accept#x1B[0m#x1B[32m #x1B[0m│#x1B[32m #x1B[0m#x1B[32m   1.0#x1B[0m#x1B[32m #x1B[0m│#x1B[32m #x1B[0m#x1B[32m  == 1.0#x1B[0m#x1B[32m #x1B[0m│#x1B[32m #x1B[0m#x1B[32m ✅ #x1B[0m#x1B[32m #x1B[0m│
│#x1B[32m #x1B[0m#x1B[32mError Indications               #x1B[0m#x1B[32m #x1B[0m│#x1B[32m #x1B[0m#x1B[32m   0.0#x1B[0m#x1B[32m #x1B[0m│#x1B[32m #x1B[0m#x1B[32m  &lt;= 0.0#x1B[0m#x1B[32m #x1B[0m│#x1B[32m #x1B[0m#x1B[32m ✅ #x1B[0m#x1B[32m #x1B[0m│
│#x1B[32m #x1B[0m#x1B[32mErrors                          #x1B[0m#x1B[32m #x1B[0m│#x1B[32m #x1B[0m#x1B[32m   0.0#x1B[0m#x1B[32m #x1B[0m│#x1B[32m #x1B[0m#x1B[32m  &lt;= 0.0#x1B[0m#x1B[32m #x1B[0m│#x1B[32m #x1B[0m#x1B[32m ✅ #x1B[0m#x1B[32m #x1B[0m│
│#x1B[32m #x1B[0m#x1B[32mWarnings                        #x1B[0m#x1B[32m #x1B[0m│#x1B[32m #x1B[0m#x1B[32m   0.0#x1B[0m#x1B[32m #x1B[0m│#x1B[32m #x1B[0m#x1B[32m  &lt;= 0.0#x1B[0m#x1B[32m #x1B[0m│#x1B[32m #x1B[0m#x1B[32m ✅ #x1B[0m#x1B[32m #x1B[0m│
│#x1B[31m #x1B[0m#x1B[31mc-SRS                           #x1B[0m#x1B[31m #x1B[0m│#x1B[31m #x1B[0m#x1B[31m  60.0#x1B[0m#x1B[31m #x1B[0m│#x1B[31m #x1B[0m#x1B[31m == 61.0#x1B[0m#x1B[31m #x1B[0m│#x1B[31m #x1B[0m#x1B[31m ❌ #x1B[0m#x1B[31m #x1B[0m│
└──────────────────────────────────┴────────┴──────────┴──────┘
--------------------------------- Captured Out ---------------------------------

</system-out><system-err>--------------------------------- Captured Err ---------------------------------

</system-err></testcase><testcase classname="tests.ue_simulator" name="test_gnb[functional.singleue.phy_configs.pucch_02]" time="66.139"><properties><property name="markers" value="zmq_mme;DU-PHY-1" /></properties><system-out>--------------------------------- Captured Log ---------------------------------
2026-07-13 23:03:10 [#x1B[32mINFO#x1B[0m] 5GC [134114852749232] started
2026-07-13 23:03:14 [#x1B[32mINFO#x1B[0m] GNB [134114855832800] started
2026-07-13 23:03:15 [#x1B[32mINFO#x1B[0m] UE [134114855832032] started
2026-07-13 23:03:23 [#x1B[32mINFO#x1B[0m] UE [134114855832032] stopped
2026-07-13 23:03:29 [#x1B[32mINFO#x1B[0m] GNB [134114855832800] stopped
2026-07-13 23:03:30 [#x1B[32mINFO#x1B[0m] 5GC [134114852749232] stopped
2026-07-13 23:03:30 [#x1B[32mINFO#x1B[0m] 
#x1B[3m                      Pass/Fail Criteria                       #x1B[0m
┏━━━━━━━━━━━━━━━━━━━━━━━━━━━━━━━━━━┳━━━━━━━━┳━━━━━━━━━━┳━━━━━━┓
┃#x1B[1m #x1B[0m#x1B[1mCriteria Name                   #x1B[0m#x1B[1m #x1B[0m┃#x1B[1m #x1B[0m#x1B[1mResult#x1B[0m#x1B[1m #x1B[0m┃#x1B[1m #x1B[0m#x1B[1mExpected#x1B[0m#x1B[1m #x1B[0m┃#x1B[1m #x1B[0m#x1B[1mPass#x1B[0m#x1B[1m #x1B[0m┃
┡━━━━━━━━━━━━━━━━━━━━━━━━━━━━━━━━━━╇━━━━━━━━╇━━━━━━━━━━╇━━━━━━┩
│#x1B[32m #x1B[0m#x1B[32mDL Bitrate                      #x1B[0m#x1B[32m #x1B[0m│#x1B[32m #x1B[0m#x1B[32m  4.7M#x1B[0m#x1B[32m #x1B[0m│#x1B[32m #x1B[0m#x1B[32m   &gt; 0.0#x1B[0m#x1B[32m #x1B[0m│#x1B[32m #x1B[0m#x1B[32m ✅ #x1B[0m#x1B[32m #x1B[0m│
│#x1B[32m #x1B[0m#x1B[32mUL Bitrate                      #x1B[0m#x1B[32m #x1B[0m│#x1B[32m #x1B[0m#x1B[32m  3.6M#x1B[0m#x1B[32m #x1B[0m│#x1B[32m #x1B[0m#x1B[32m   &gt; 0.0#x1B[0m#x1B[32m #x1B[0m│#x1B[32m #x1B[0m#x1B[32m ✅ #x1B[0m#x1B[32m #x1B[0m│
│#x1B[32m #x1B[0m#x1B[32mDL KOs                          #x1B[0m#x1B[32m #x1B[0m│#x1B[32m #x1B[0m#x1B[32m   0.0#x1B[0m#x1B[32m #x1B[0m│#x1B[32m #x1B[0m#x1B[32m  &lt;= 0.0#x1B[0m#x1B[32m #x1B[0m│#x1B[32m #x1B[0m#x1B[32m ✅ #x1B[0m#x1B[32m #x1B[0m│
│#x1B[32m #x1B[0m#x1B[32mUL KOs                          #x1B[0m#x1B[32m #x1B[0m│#x1B[32m #x1B[0m#x1B[32m   0.0#x1B[0m#x1B[32m #x1B[0m│#x1B[32m #x1B[0m#x1B[32m  &lt;= 0.0#x1B[0m#x1B[32m #x1B[0m│#x1B[32m #x1B[0m#x1B[32m ✅ #x1B[0m#x1B[32m #x1B[0m│
│#x1B[32m #x1B[0m#x1B[32mReestablishments                #x1B[0m#x1B[32m #x1B[0m│#x1B[32m #x1B[0m#x1B[32m   0.0#x1B[0m#x1B[32m #x1B[0m│#x1B[32m #x1B[0m#x1B[32m  == 0.0#x1B[0m#x1B[32m #x1B[0m│#x1B[32m #x1B[0m#x1B[32m ✅ #x1B[0m#x1B[32m #x1B[0m│
│#x1B[32m #x1B[0m#x1B[32mPDU Session Establishment Accept#x1B[0m#x1B[32m #x1B[0m│#x1B[32m #x1B[0m#x1B[32m   1.0#x1B[0m#x1B[32m #x1B[0m│#x1B[32m #x1B[0m#x1B[32m  == 1.0#x1B[0m#x1B[32m #x1B[0m│#x1B[32m #x1B[0m#x1B[32m ✅ #x1B[0m#x1B[32m #x1B[0m│
│#x1B[32m #x1B[0m#x1B[32mError Indications               #x1B[0m#x1B[32m #x1B[0m│#x1B[32m #x1B[0m#x1B[32m   0.0#x1B[0m#x1B[32m #x1B[0m│#x1B[32m #x1B[0m#x1B[32m  &lt;= 0.0#x1B[0m#x1B[32m #x1B[0m│#x1B[32m #x1B[0m#x1B[32m ✅ #x1B[0m#x1B[32m #x1B[0m│
│#x1B[32m #x1B[0m#x1B[32mErrors                          #x1B[0m#x1B[32m #x1B[0m│#x1B[32m #x1B[0m#x1B[32m   0.0#x1B[0m#x1B[32m #x1B[0m│#x1B[32m #x1B[0m#x1B[32m  &lt;= 0.0#x1B[0m#x1B[32m #x1B[0m│#x1B[32m #x1B[0m#x1B[32m ✅ #x1B[0m#x1B[32m #x1B[0m│
│#x1B[32m #x1B[0m#x1B[32mWarnings                        #x1B[0m#x1B[32m #x1B[0m│#x1B[32m #x1B[0m#x1B[32m   0.0#x1B[0m#x1B[32m #x1B[0m│#x1B[32m #x1B[0m#x1B[32m  &lt;= 0.0#x1B[0m#x1B[32m #x1B[0m│#x1B[32m #x1B[0m#x1B[32m ✅ #x1B[0m#x1B[32m #x1B[0m│
│#x1B[32m #x1B[0m#x1B[32mPRACH Config Index              #x1B[0m#x1B[32m #x1B[0m│#x1B[32m #x1B[0m#x1B[32m 159.0#x1B[0m#x1B[32m #x1B[0m│#x1B[32m #x1B[0m#x1B[32m== 159.0#x1B[0m#x1B[32m #x1B[0m│#x1B[32m #x1B[0m#x1B[32m ✅ #x1B[0m#x1B[32m #x1B[0m│
└──────────────────────────────────┴────────┴──────────┴──────┘
--------------------------------- Captured Out ---------------------------------

</system-out><system-err>--------------------------------- Captured Err ---------------------------------

</system-err></testcase><testcase classname="tests.ue_simulator" name="test_gnb[functional.singleue.phy_configs.pucch_13]" time="98.826"><properties><property name="markers" value="zmq_mme;DU-PHY-1" /></properties><system-out>--------------------------------- Captured Log ---------------------------------
2026-07-13 23:04:42 [#x1B[32mINFO#x1B[0m] 5GC [134114855057552] started
2026-07-13 23:04:45 [#x1B[32mINFO#x1B[0m] GNB [134114855056880] started
2026-07-13 23:04:46 [#x1B[32mINFO#x1B[0m] UE [134114855880608] started
2026-07-13 23:05:00 [#x1B[32mINFO#x1B[0m] UE [134114855880608] stopped
2026-07-13 23:05:08 [#x1B[32mINFO#x1B[0m] GNB [134114855056880] stopped
2026-07-13 23:05:09 [#x1B[32mINFO#x1B[0m] 5GC [134114855057552] stopped
2026-07-13 23:05:09 [#x1B[32mINFO#x1B[0m] 
#x1B[3m                      Pass/Fail Criteria                       #x1B[0m
┏━━━━━━━━━━━━━━━━━━━━━━━━━━━━━━━━━━┳━━━━━━━━┳━━━━━━━━━━┳━━━━━━┓
┃#x1B[1m #x1B[0m#x1B[1mCriteria Name                   #x1B[0m#x1B[1m #x1B[0m┃#x1B[1m #x1B[0m#x1B[1mResult#x1B[0m#x1B[1m #x1B[0m┃#x1B[1m #x1B[0m#x1B[1mExpected#x1B[0m#x1B[1m #x1B[0m┃#x1B[1m #x1B[0m#x1B[1mPass#x1B[0m#x1B[1m #x1B[0m┃
┡━━━━━━━━━━━━━━━━━━━━━━━━━━━━━━━━━━╇━━━━━━━━╇━━━━━━━━━━╇━━━━━━┩
│#x1B[32m #x1B[0m#x1B[32mDL Bitrate                      #x1B[0m#x1B[32m #x1B[0m│#x1B[32m #x1B[0m#x1B[32m  3.6M#x1B[0m#x1B[32m #x1B[0m│#x1B[32m #x1B[0m#x1B[32m   &gt; 0.0#x1B[0m#x1B[32m #x1B[0m│#x1B[32m #x1B[0m#x1B[32m ✅ #x1B[0m#x1B[32m #x1B[0m│
│#x1B[32m #x1B[0m#x1B[32mUL Bitrate                      #x1B[0m#x1B[32m #x1B[0m│#x1B[32m #x1B[0m#x1B[32m  3.5M#x1B[0m#x1B[32m #x1B[0m│#x1B[32m #x1B[0m#x1B[32m   &gt; 0.0#x1B[0m#x1B[32m #x1B[0m│#x1B[32m #x1B[0m#x1B[32m ✅ #x1B[0m#x1B[32m #x1B[0m│
│#x1B[32m #x1B[0m#x1B[32mDL KOs                          #x1B[0m#x1B[32m #x1B[0m│#x1B[32m #x1B[0m#x1B[32m   0.0#x1B[0m#x1B[32m #x1B[0m│#x1B[32m #x1B[0m#x1B[32m  &lt;= 0.0#x1B[0m#x1B[32m #x1B[0m│#x1B[32m #x1B[0m#x1B[32m ✅ #x1B[0m#x1B[32m #x1B[0m│
│#x1B[32m #x1B[0m#x1B[32mUL KOs                          #x1B[0m#x1B[32m #x1B[0m│#x1B[32m #x1B[0m#x1B[32m   0.0#x1B[0m#x1B[32m #x1B[0m│#x1B[32m #x1B[0m#x1B[32m  &lt;= 0.0#x1B[0m#x1B[32m #x1B[0m│#x1B[32m #x1B[0m#x1B[32m ✅ #x1B[0m#x1B[32m #x1B[0m│
│#x1B[32m #x1B[0m#x1B[32mReestablishments                #x1B[0m#x1B[32m #x1B[0m│#x1B[32m #x1B[0m#x1B[32m   0.0#x1B[0m#x1B[32m #x1B[0m│#x1B[32m #x1B[0m#x1B[32m  == 0.0#x1B[0m#x1B[32m #x1B[0m│#x1B[32m #x1B[0m#x1B[32m ✅ #x1B[0m#x1B[32m #x1B[0m│
│#x1B[32m #x1B[0m#x1B[32mPDU Session Establishment Accept#x1B[0m#x1B[32m #x1B[0m│#x1B[32m #x1B[0m#x1B[32m   1.0#x1B[0m#x1B[32m #x1B[0m│#x1B[32m #x1B[0m#x1B[32m  == 1.0#x1B[0m#x1B[32m #x1B[0m│#x1B[32m #x1B[0m#x1B[32m ✅ #x1B[0m#x1B[32m #x1B[0m│
│#x1B[32m #x1B[0m#x1B[32mError Indications               #x1B[0m#x1B[32m #x1B[0m│#x1B[32m #x1B[0m#x1B[32m   0.0#x1B[0m#x1B[32m #x1B[0m│#x1B[32m #x1B[0m#x1B[32m  &lt;= 0.0#x1B[0m#x1B[32m #x1B[0m│#x1B[32m #x1B[0m#x1B[32m ✅ #x1B[0m#x1B[32m #x1B[0m│
│#x1B[32m #x1B[0m#x1B[32mErrors                          #x1B[0m#x1B[32m #x1B[0m│#x1B[32m #x1B[0m#x1B[32m   0.0#x1B[0m#x1B[32m #x1B[0m│#x1B[32m #x1B[0m#x1B[32m  &lt;= 0.0#x1B[0m#x1B[32m #x1B[0m│#x1B[32m #x1B[0m#x1B[32m ✅ #x1B[0m#x1B[32m #x1B[0m│
│#x1B[32m #x1B[0m#x1B[32mWarnings                        #x1B[0m#x1B[32m #x1B[0m│#x1B[32m #x1B[0m#x1B[32m   0.0#x1B[0m#x1B[32m #x1B[0m│#x1B[32m #x1B[0m#x1B[32m  &lt;= 0.0#x1B[0m#x1B[32m #x1B[0m│#x1B[32m #x1B[0m#x1B[32m ✅ #x1B[0m#x1B[32m #x1B[0m│
│#x1B[32m #x1B[0m#x1B[32mPRACH Config Index              #x1B[0m#x1B[32m #x1B[0m│#x1B[32m #x1B[0m#x1B[32m 159.0#x1B[0m#x1B[32m #x1B[0m│#x1B[32m #x1B[0m#x1B[32m== 159.0#x1B[0m#x1B[32m #x1B[0m│#x1B[32m #x1B[0m#x1B[32m ✅ #x1B[0m#x1B[32m #x1B[0m│
└──────────────────────────────────┴────────┴──────────┴──────┘
--------------------------------- Captured Out ---------------------------------

</system-out><system-err>--------------------------------- Captured Err ---------------------------------

</system-err></testcase><testcase classname="tests.ue_simulator" name="test_gnb[functional.singleue.phy_configs.prach_config_a3]" time="81.017"><properties><property name="markers" value="zmq_mme;MVP-FUNC-PHY-16-2" /></properties><system-out>--------------------------------- Captured Log ---------------------------------
2026-07-13 23:06:05 [#x1B[32mINFO#x1B[0m] 5GC [134114852747456] started
2026-07-13 23:06:08 [#x1B[32mINFO#x1B[0m] GNB [134114852748032] started
2026-07-13 23:06:10 [#x1B[32mINFO#x1B[0m] UE [134114864454144] started
2026-07-13 23:06:23 [#x1B[32mINFO#x1B[0m] UE [134114864454144] stopped
2026-07-13 23:06:31 [#x1B[32mINFO#x1B[0m] GNB [134114852748032] stopped
2026-07-13 23:06:31 [#x1B[32mINFO#x1B[0m] 5GC [134114852747456] stopped
2026-07-13 23:06:31 [#x1B[32mINFO#x1B[0m] 
#x1B[3m                      Pass/Fail Criteria                       #x1B[0m
┏━━━━━━━━━━━━━━━━━━━━━━━━━━━━━━━━━━┳━━━━━━━━┳━━━━━━━━━━┳━━━━━━┓
┃#x1B[1m #x1B[0m#x1B[1mCriteria Name                   #x1B[0m#x1B[1m #x1B[0m┃#x1B[1m #x1B[0m#x1B[1mResult#x1B[0m#x1B[1m #x1B[0m┃#x1B[1m #x1B[0m#x1B[1mExpected#x1B[0m#x1B[1m #x1B[0m┃#x1B[1m #x1B[0m#x1B[1mPass#x1B[0m#x1B[1m #x1B[0m┃
┡━━━━━━━━━━━━━━━━━━━━━━━━━━━━━━━━━━╇━━━━━━━━╇━━━━━━━━━━╇━━━━━━┩
│#x1B[32m #x1B[0m#x1B[32mDL Bitrate                      #x1B[0m#x1B[32m #x1B[0m│#x1B[32m #x1B[0m#x1B[32m  4.3M#x1B[0m#x1B[32m #x1B[0m│#x1B[32m #x1B[0m#x1B[32m   &gt; 0.0#x1B[0m#x1B[32m #x1B[0m│#x1B[32m #x1B[0m#x1B[32m ✅ #x1B[0m#x1B[32m #x1B[0m│
│#x1B[32m #x1B[0m#x1B[32mUL Bitrate                      #x1B[0m#x1B[32m #x1B[0m│#x1B[32m #x1B[0m#x1B[32m  4.6M#x1B[0m#x1B[32m #x1B[0m│#x1B[32m #x1B[0m#x1B[32m   &gt; 0.0#x1B[0m#x1B[32m #x1B[0m│#x1B[32m #x1B[0m#x1B[32m ✅ #x1B[0m#x1B[32m #x1B[0m│
│#x1B[32m #x1B[0m#x1B[32mDL KOs                          #x1B[0m#x1B[32m #x1B[0m│#x1B[32m #x1B[0m#x1B[32m   0.0#x1B[0m#x1B[32m #x1B[0m│#x1B[32m #x1B[0m#x1B[32m  &lt;= 0.0#x1B[0m#x1B[32m #x1B[0m│#x1B[32m #x1B[0m#x1B[32m ✅ #x1B[0m#x1B[32m #x1B[0m│
│#x1B[32m #x1B[0m#x1B[32mUL KOs                          #x1B[0m#x1B[32m #x1B[0m│#x1B[32m #x1B[0m#x1B[32m   0.0#x1B[0m#x1B[32m #x1B[0m│#x1B[32m #x1B[0m#x1B[32m  &lt;= 0.0#x1B[0m#x1B[32m #x1B[0m│#x1B[32m #x1B[0m#x1B[32m ✅ #x1B[0m#x1B[32m #x1B[0m│
│#x1B[32m #x1B[0m#x1B[32mReestablishments                #x1B[0m#x1B[32m #x1B[0m│#x1B[32m #x1B[0m#x1B[32m   0.0#x1B[0m#x1B[32m #x1B[0m│#x1B[32m #x1B[0m#x1B[32m  == 0.0#x1B[0m#x1B[32m #x1B[0m│#x1B[32m #x1B[0m#x1B[32m ✅ #x1B[0m#x1B[32m #x1B[0m│
│#x1B[32m #x1B[0m#x1B[32mPDU Session Establishment Accept#x1B[0m#x1B[32m #x1B[0m│#x1B[32m #x1B[0m#x1B[32m   1.0#x1B[0m#x1B[32m #x1B[0m│#x1B[32m #x1B[0m#x1B[32m  == 1.0#x1B[0m#x1B[32m #x1B[0m│#x1B[32m #x1B[0m#x1B[32m ✅ #x1B[0m#x1B[32m #x1B[0m│
│#x1B[32m #x1B[0m#x1B[32mError Indications               #x1B[0m#x1B[32m #x1B[0m│#x1B[32m #x1B[0m#x1B[32m   0.0#x1B[0m#x1B[32m #x1B[0m│#x1B[32m #x1B[0m#x1B[32m  &lt;= 0.0#x1B[0m#x1B[32m #x1B[0m│#x1B[32m #x1B[0m#x1B[32m ✅ #x1B[0m#x1B[32m #x1B[0m│
│#x1B[32m #x1B[0m#x1B[32mErrors                          #x1B[0m#x1B[32m #x1B[0m│#x1B[32m #x1B[0m#x1B[32m   0.0#x1B[0m#x1B[32m #x1B[0m│#x1B[32m #x1B[0m#x1B[32m  &lt;= 0.0#x1B[0m#x1B[32m #x1B[0m│#x1B[32m #x1B[0m#x1B[32m ✅ #x1B[0m#x1B[32m #x1B[0m│
│#x1B[32m #x1B[0m#x1B[32mWarnings                        #x1B[0m#x1B[32m #x1B[0m│#x1B[32m #x1B[0m#x1B[32m   0.0#x1B[0m#x1B[32m #x1B[0m│#x1B[32m #x1B[0m#x1B[32m  &lt;= 0.0#x1B[0m#x1B[32m #x1B[0m│#x1B[32m #x1B[0m#x1B[32m ✅ #x1B[0m#x1B[32m #x1B[0m│
│#x1B[32m #x1B[0m#x1B[32mPRACH Config Index              #x1B[0m#x1B[32m #x1B[0m│#x1B[32m #x1B[0m#x1B[32m 110.0#x1B[0m#x1B[32m #x1B[0m│#x1B[32m #x1B[0m#x1B[32m== 110.0#x1B[0m#x1B[32m #x1B[0m│#x1B[32m #x1B[0m#x1B[32m ✅ #x1B[0m#x1B[32m #x1B[0m│
└──────────────────────────────────┴────────┴──────────┴──────┘
--------------------------------- Captured Out ---------------------------------

</system-out><system-err>--------------------------------- Captured Err ---------------------------------

</system-err></testcase><testcase classname="tests.ue_simulator" name="test_gnb[functional.singleue.phy_configs.dmrs_1]" time="71.694"><properties><property name="markers" value="zmq_mme;DU-PHY-3" /></properties><skipped message="Test did not run"/></testcase></testsuite></testsuites>