<?xml version="1.0" encoding="utf-8"?><testsuites name="pytest tests"><testsuite name="security" errors="0" failures="0" skipped="0" tests="1" time="116.071" timestamp="2026-07-13T22:48:25.858967+00:00" hostname="runner-5dn-jsny--project-78028160-concurrent-1-slbohnwr"><properties><property name="ocudu_commit" value="65cbdb66cb726c6cdae97ec37e0c5dfd1f50eeca" /><property name="test_commit" value="cb0f2542c0a944aac3ad4fe271a9f94651fa1aa1" /><property name="url" value="https://gitlab.com/ocudu/ocudu_infra_srs/-/jobs/15323277309" /></properties><testcase classname="tests.ue_simulator" name="test_gnb[functional.singleue.security.baseline]" time="114.496"><properties><property name="markers" value="zmq_mme;MVP-SEC-O-CU-12;MVP-SEC-O-CU-13" /></properties><system-out>--------------------------------- Captured Log ---------------------------------

<!--
SPDX-FileCopyrightText: Copyright (C) 2021-2026 Software Radio Systems Limited
SPDX-License-Identifier: BSD-3-Clause-Open-MPI
-->

2026-07-13 22:49:09 [#x1B[32mINFO#x1B[0m] 5GC [133592620694416] started
2026-07-13 22:49:13 [#x1B[32mINFO#x1B[0m] GNB [133592620682608] started
2026-07-13 22:49:14 [#x1B[32mINFO#x1B[0m] UE [133592613702016] started
2026-07-13 22:50:14 [#x1B[32mINFO#x1B[0m] UE [133592613702016] stopped
2026-07-13 22:50:17 [#x1B[32mINFO#x1B[0m] GNB [133592620682608] stopped
2026-07-13 22:50:18 [#x1B[32mINFO#x1B[0m] 5GC [133592620694416] stopped
2026-07-13 22:50:18 [#x1B[32mINFO#x1B[0m] 
#x1B[3m                      Pass/Fail Criteria                       #x1B[0m
┏━━━━━━━━━━━━━━━━━━━━━━━━━━━━━━━━━━┳━━━━━━━━┳━━━━━━━━━━┳━━━━━━┓
┃#x1B[1m #x1B[0m#x1B[1mCriteria Name                   #x1B[0m#x1B[1m #x1B[0m┃#x1B[1m #x1B[0m#x1B[1mResult#x1B[0m#x1B[1m #x1B[0m┃#x1B[1m #x1B[0m#x1B[1mExpected#x1B[0m#x1B[1m #x1B[0m┃#x1B[1m #x1B[0m#x1B[1mPass#x1B[0m#x1B[1m #x1B[0m┃
┡━━━━━━━━━━━━━━━━━━━━━━━━━━━━━━━━━━╇━━━━━━━━╇━━━━━━━━━━╇━━━━━━┩
│#x1B[32m #x1B[0m#x1B[32mDL Bitrate                      #x1B[0m#x1B[32m #x1B[0m│#x1B[32m #x1B[0m#x1B[32m  2.2K#x1B[0m#x1B[32m #x1B[0m│#x1B[32m #x1B[0m#x1B[32m   &gt; 0.0#x1B[0m#x1B[32m #x1B[0m│#x1B[32m #x1B[0m#x1B[32m ✅ #x1B[0m#x1B[32m #x1B[0m│
│#x1B[32m #x1B[0m#x1B[32mUL Bitrate                      #x1B[0m#x1B[32m #x1B[0m│#x1B[32m #x1B[0m#x1B[32m  2.9K#x1B[0m#x1B[32m #x1B[0m│#x1B[32m #x1B[0m#x1B[32m   &gt; 0.0#x1B[0m#x1B[32m #x1B[0m│#x1B[32m #x1B[0m#x1B[32m ✅ #x1B[0m#x1B[32m #x1B[0m│
│#x1B[32m #x1B[0m#x1B[32mDL KOs                          #x1B[0m#x1B[32m #x1B[0m│#x1B[32m #x1B[0m#x1B[32m   0.0#x1B[0m#x1B[32m #x1B[0m│#x1B[32m #x1B[0m#x1B[32m  &lt;= 0.0#x1B[0m#x1B[32m #x1B[0m│#x1B[32m #x1B[0m#x1B[32m ✅ #x1B[0m#x1B[32m #x1B[0m│
│#x1B[32m #x1B[0m#x1B[32mUL KOs                          #x1B[0m#x1B[32m #x1B[0m│#x1B[32m #x1B[0m#x1B[32m   0.0#x1B[0m#x1B[32m #x1B[0m│#x1B[32m #x1B[0m#x1B[32m  &lt;= 0.0#x1B[0m#x1B[32m #x1B[0m│#x1B[32m #x1B[0m#x1B[32m ✅ #x1B[0m#x1B[32m #x1B[0m│
│#x1B[32m #x1B[0m#x1B[32mPDU Session Establishment Accept#x1B[0m#x1B[32m #x1B[0m│#x1B[32m #x1B[0m#x1B[32m   1.0#x1B[0m#x1B[32m #x1B[0m│#x1B[32m #x1B[0m#x1B[32m  == 1.0#x1B[0m#x1B[32m #x1B[0m│#x1B[32m #x1B[0m#x1B[32m ✅ #x1B[0m#x1B[32m #x1B[0m│
│#x1B[32m #x1B[0m#x1B[32mReestablishments                #x1B[0m#x1B[32m #x1B[0m│#x1B[32m #x1B[0m#x1B[32m   0.0#x1B[0m#x1B[32m #x1B[0m│#x1B[32m #x1B[0m#x1B[32m  == 0.0#x1B[0m#x1B[32m #x1B[0m│#x1B[32m #x1B[0m#x1B[32m ✅ #x1B[0m#x1B[32m #x1B[0m│
│#x1B[32m #x1B[0m#x1B[32mHandovers                       #x1B[0m#x1B[32m #x1B[0m│#x1B[32m #x1B[0m#x1B[32m   0.0#x1B[0m#x1B[32m #x1B[0m│#x1B[32m #x1B[0m#x1B[32m  == 0.0#x1B[0m#x1B[32m #x1B[0m│#x1B[32m #x1B[0m#x1B[32m ✅ #x1B[0m#x1B[32m #x1B[0m│
│#x1B[32m #x1B[0m#x1B[32mLate DL HARQs                   #x1B[0m#x1B[32m #x1B[0m│#x1B[32m #x1B[0m#x1B[32m   0.0#x1B[0m#x1B[32m #x1B[0m│#x1B[32m #x1B[0m#x1B[32m  &lt;= 0.0#x1B[0m#x1B[32m #x1B[0m│#x1B[32m #x1B[0m#x1B[32m ✅ #x1B[0m#x1B[32m #x1B[0m│
│#x1B[32m #x1B[0m#x1B[32mLate UL HARQs                   #x1B[0m#x1B[32m #x1B[0m│#x1B[32m #x1B[0m#x1B[32m   0.0#x1B[0m#x1B[32m #x1B[0m│#x1B[32m #x1B[0m#x1B[32m  &lt;= 0.0#x1B[0m#x1B[32m #x1B[0m│#x1B[32m #x1B[0m#x1B[32m ✅ #x1B[0m#x1B[32m #x1B[0m│
│#x1B[32m #x1B[0m#x1B[32mError Indications               #x1B[0m#x1B[32m #x1B[0m│#x1B[32m #x1B[0m#x1B[32m   0.0#x1B[0m#x1B[32m #x1B[0m│#x1B[32m #x1B[0m#x1B[32m  &lt;= 0.0#x1B[0m#x1B[32m #x1B[0m│#x1B[32m #x1B[0m#x1B[32m ✅ #x1B[0m#x1B[32m #x1B[0m│
│#x1B[32m #x1B[0m#x1B[32mErrors                          #x1B[0m#x1B[32m #x1B[0m│#x1B[32m #x1B[0m#x1B[32m   0.0#x1B[0m#x1B[32m #x1B[0m│#x1B[32m #x1B[0m#x1B[32m  &lt;= 0.0#x1B[0m#x1B[32m #x1B[0m│#x1B[32m #x1B[0m#x1B[32m ✅ #x1B[0m#x1B[32m #x1B[0m│
│#x1B[32m #x1B[0m#x1B[32mWarnings                        #x1B[0m#x1B[32m #x1B[0m│#x1B[32m #x1B[0m#x1B[32m   0.0#x1B[0m#x1B[32m #x1B[0m│#x1B[32m #x1B[0m#x1B[32m  &lt;= 3.0#x1B[0m#x1B[32m #x1B[0m│#x1B[32m #x1B[0m#x1B[32m ✅ #x1B[0m#x1B[32m #x1B[0m│
└──────────────────────────────────┴────────┴──────────┴──────┘
--------------------------------- Captured Out ---------------------------------

</system-out><system-err>--------------------------------- Captured Err ---------------------------------

</system-err></testcase></testsuite></testsuites>